2026-03-12 22:11:00.789 -03:00 [INF] ╔══════════════════════════════════════════════╗ {"SourceContext":"ContableAI.API","MachineName":"DESKTOP-EFV39HJ","ThreadId":8}
2026-03-12 22:11:00.809 -03:00 [INF] ║   ContableAI API  ▶  LISTO PARA OPERAR      ║ {"SourceContext":"ContableAI.API","MachineName":"DESKTOP-EFV39HJ","ThreadId":8}
2026-03-12 22:11:00.813 -03:00 [INF] ║   http://localhost:5284                       ║ {"SourceContext":"ContableAI.API","MachineName":"DESKTOP-EFV39HJ","ThreadId":8}
2026-03-12 22:11:00.817 -03:00 [INF] ╚══════════════════════════════════════════════╝ {"SourceContext":"ContableAI.API","MachineName":"DESKTOP-EFV39HJ","ThreadId":8}
2026-03-12 22:11:15.910 -03:00 [INF] HTTP GET /api/companies responded 200 in 89.8459 ms {"SourceContext":"Serilog.AspNetCore.RequestLoggingMiddleware","RequestId":"0HNK0JLMDCSEK:00000002","ConnectionId":"0HNK0JLMDCSEK","MachineName":"DESKTOP-EFV39HJ","ThreadId":11}
2026-03-12 22:11:15.910 -03:00 [INF] HTTP GET /api/chart-of-accounts responded 200 in 89.8237 ms {"SourceContext":"Serilog.AspNetCore.RequestLoggingMiddleware","RequestId":"0HNK0JLMDCSEL:00000002","ConnectionId":"0HNK0JLMDCSEL","MachineName":"DESKTOP-EFV39HJ","ThreadId":18}
2026-03-12 22:11:16.016 -03:00 [INF] HTTP GET /api/transactions responded 200 in 94.2096 ms {"SourceContext":"Serilog.AspNetCore.RequestLoggingMiddleware","RequestId":"0HNK0JLMDCSEL:00000003","ConnectionId":"0HNK0JLMDCSEL","MachineName":"DESKTOP-EFV39HJ","ThreadId":16}
2026-03-12 22:11:16.016 -03:00 [INF] HTTP GET /api/transactions responded 200 in 196.9548 ms {"SourceContext":"Serilog.AspNetCore.RequestLoggingMiddleware","RequestId":"0HNK0JLMDCSEJ:00000002","ConnectionId":"0HNK0JLMDCSEJ","MachineName":"DESKTOP-EFV39HJ","ThreadId":15}
2026-03-12 22:11:18.948 -03:00 [INF] HTTP DELETE /api/transactions responded 200 in 540.5359 ms {"SourceContext":"Serilog.AspNetCore.RequestLoggingMiddleware","RequestId":"0HNK0JLMDCSEJ:00000004","ConnectionId":"0HNK0JLMDCSEJ","MachineName":"DESKTOP-EFV39HJ","ThreadId":18}
2026-03-12 22:11:23.511 -03:00 [INF] HTTP GET /api/companies responded 200 in 3.4983 ms {"SourceContext":"Serilog.AspNetCore.RequestLoggingMiddleware","RequestId":"0HNK0JLMDCSEL:00000005","ConnectionId":"0HNK0JLMDCSEL","MachineName":"DESKTOP-EFV39HJ","ThreadId":16}
2026-03-12 22:11:23.521 -03:00 [INF] HTTP GET /api/chart-of-accounts responded 200 in 13.6651 ms {"SourceContext":"Serilog.AspNetCore.RequestLoggingMiddleware","RequestId":"0HNK0JLMDCSEK:00000005","ConnectionId":"0HNK0JLMDCSEK","MachineName":"DESKTOP-EFV39HJ","ThreadId":16}
2026-03-12 22:11:23.539 -03:00 [INF] HTTP GET /api/transactions responded 200 in 31.7635 ms {"SourceContext":"Serilog.AspNetCore.RequestLoggingMiddleware","RequestId":"0HNK0JLMDCSEJ:00000006","ConnectionId":"0HNK0JLMDCSEJ","MachineName":"DESKTOP-EFV39HJ","ThreadId":16}
2026-03-12 22:11:23.556 -03:00 [INF] HTTP GET /api/transactions responded 200 in 37.1279 ms {"SourceContext":"Serilog.AspNetCore.RequestLoggingMiddleware","RequestId":"0HNK0JLMDCSEL:00000007","ConnectionId":"0HNK0JLMDCSEL","MachineName":"DESKTOP-EFV39HJ","ThreadId":15}
2026-03-12 22:11:58.115 -03:00 [INF] HTTP POST /api/transactions/upload responded 200 in 5171.8145 ms {"SourceContext":"Serilog.AspNetCore.RequestLoggingMiddleware","RequestId":"0HNK0JLMDCSEL:00000009","ConnectionId":"0HNK0JLMDCSEL","MachineName":"DESKTOP-EFV39HJ","ThreadId":22}
2026-03-12 22:11:58.241 -03:00 [INF] HTTP GET /api/transactions responded 200 in 118.3349 ms {"SourceContext":"Serilog.AspNetCore.RequestLoggingMiddleware","RequestId":"0HNK0JLMDCSEL:0000000B","ConnectionId":"0HNK0JLMDCSEL","MachineName":"DESKTOP-EFV39HJ","ThreadId":22}
2026-03-12 22:12:16.315 -03:00 [INF] HTTP POST /api/transactions/upload responded 200 in 4809.9292 ms {"SourceContext":"Serilog.AspNetCore.RequestLoggingMiddleware","RequestId":"0HNK0JLMDCSEL:0000000D","ConnectionId":"0HNK0JLMDCSEL","MachineName":"DESKTOP-EFV39HJ","ThreadId":3}
2026-03-12 22:12:16.529 -03:00 [INF] HTTP GET /api/transactions responded 200 in 207.1442 ms {"SourceContext":"Serilog.AspNetCore.RequestLoggingMiddleware","RequestId":"0HNK0JLMDCSEL:0000000F","ConnectionId":"0HNK0JLMDCSEL","MachineName":"DESKTOP-EFV39HJ","ThreadId":18}
2026-03-12 22:12:30.177 -03:00 [INF] HTTP POST /api/transactions/upload responded 200 in 931.5076 ms {"SourceContext":"Serilog.AspNetCore.RequestLoggingMiddleware","RequestId":"0HNK0JLMDCSEL:00000011","ConnectionId":"0HNK0JLMDCSEL","MachineName":"DESKTOP-EFV39HJ","ThreadId":18}
2026-03-12 22:12:30.320 -03:00 [INF] HTTP GET /api/transactions responded 200 in 135.8926 ms {"SourceContext":"Serilog.AspNetCore.RequestLoggingMiddleware","RequestId":"0HNK0JLMDCSEL:00000013","ConnectionId":"0HNK0JLMDCSEL","MachineName":"DESKTOP-EFV39HJ","ThreadId":18}
2026-03-12 22:12:44.140 -03:00 [INF] HTTP POST /api/transactions/upload responded 200 in 3371.2517 ms {"SourceContext":"Serilog.AspNetCore.RequestLoggingMiddleware","RequestId":"0HNK0JLMDCSEL:00000015","ConnectionId":"0HNK0JLMDCSEL","MachineName":"DESKTOP-EFV39HJ","ThreadId":15}
2026-03-12 22:12:44.475 -03:00 [INF] HTTP GET /api/transactions responded 200 in 327.3166 ms {"SourceContext":"Serilog.AspNetCore.RequestLoggingMiddleware","RequestId":"0HNK0JLMDCSEL:00000017","ConnectionId":"0HNK0JLMDCSEL","MachineName":"DESKTOP-EFV39HJ","ThreadId":15}
2026-03-12 22:20:19.472 -03:00 [INF] ╔══════════════════════════════════════════════╗ {"SourceContext":"ContableAI.API","MachineName":"DESKTOP-EFV39HJ","ThreadId":11}
2026-03-12 22:20:19.492 -03:00 [INF] ║   ContableAI API  ▶  LISTO PARA OPERAR      ║ {"SourceContext":"ContableAI.API","MachineName":"DESKTOP-EFV39HJ","ThreadId":11}
2026-03-12 22:20:19.494 -03:00 [INF] ║   http://localhost:5284                       ║ {"SourceContext":"ContableAI.API","MachineName":"DESKTOP-EFV39HJ","ThreadId":11}
2026-03-12 22:20:19.498 -03:00 [INF] ╚══════════════════════════════════════════════╝ {"SourceContext":"ContableAI.API","MachineName":"DESKTOP-EFV39HJ","ThreadId":11}
2026-03-12 22:21:52.728 -03:00 [INF] ╔══════════════════════════════════════════════╗ {"SourceContext":"ContableAI.API","MachineName":"DESKTOP-EFV39HJ","ThreadId":10}
2026-03-12 22:21:52.752 -03:00 [INF] ║   ContableAI API  ▶  LISTO PARA OPERAR      ║ {"SourceContext":"ContableAI.API","MachineName":"DESKTOP-EFV39HJ","ThreadId":10}
2026-03-12 22:21:52.755 -03:00 [INF] ║   http://localhost:5284                       ║ {"SourceContext":"ContableAI.API","MachineName":"DESKTOP-EFV39HJ","ThreadId":10}
2026-03-12 22:21:52.760 -03:00 [INF] ╚══════════════════════════════════════════════╝ {"SourceContext":"ContableAI.API","MachineName":"DESKTOP-EFV39HJ","ThreadId":10}
