2026-03-15 14:24:09.938 -03:00 [INF] ╔══════════════════════════════════════════════╗ {"SourceContext":"ContableAI.API","MachineName":"DESKTOP-EFV39HJ","ThreadId":14}
2026-03-15 14:24:09.958 -03:00 [INF] ║   ContableAI API  ▶  LISTO PARA OPERAR      ║ {"SourceContext":"ContableAI.API","MachineName":"DESKTOP-EFV39HJ","ThreadId":14}
2026-03-15 14:24:09.960 -03:00 [INF] ║   http://localhost:5284                       ║ {"SourceContext":"ContableAI.API","MachineName":"DESKTOP-EFV39HJ","ThreadId":14}
2026-03-15 14:24:09.963 -03:00 [INF] ╚══════════════════════════════════════════════╝ {"SourceContext":"ContableAI.API","MachineName":"DESKTOP-EFV39HJ","ThreadId":14}
2026-03-15 14:24:18.001 -03:00 [INF] HTTP GET /api/companies responded 200 in 95.0644 ms {"SourceContext":"Serilog.AspNetCore.RequestLoggingMiddleware","RequestId":"0HNK2MUO1D8JH:00000002","ConnectionId":"0HNK2MUO1D8JH","MachineName":"DESKTOP-EFV39HJ","ThreadId":18}
2026-03-15 14:24:18.001 -03:00 [INF] HTTP GET /api/chart-of-accounts responded 200 in 95.0479 ms {"SourceContext":"Serilog.AspNetCore.RequestLoggingMiddleware","RequestId":"0HNK2MUO1D8JE:00000002","ConnectionId":"0HNK2MUO1D8JE","MachineName":"DESKTOP-EFV39HJ","ThreadId":15}
2026-03-15 14:24:18.046 -03:00 [INF] HTTP GET /api/companies responded 200 in 46.4334 ms {"SourceContext":"Serilog.AspNetCore.RequestLoggingMiddleware","RequestId":"0HNK2MUO1D8JG:00000002","ConnectionId":"0HNK2MUO1D8JG","MachineName":"DESKTOP-EFV39HJ","ThreadId":12}
2026-03-15 14:24:18.129 -03:00 [INF] HTTP GET /api/transactions responded 200 in 120.2922 ms {"SourceContext":"Serilog.AspNetCore.RequestLoggingMiddleware","RequestId":"0HNK2MUO1D8JH:00000004","ConnectionId":"0HNK2MUO1D8JH","MachineName":"DESKTOP-EFV39HJ","ThreadId":12}
2026-03-15 14:24:18.132 -03:00 [INF] HTTP GET /api/transactions responded 200 in 228.0279 ms {"SourceContext":"Serilog.AspNetCore.RequestLoggingMiddleware","RequestId":"0HNK2MUO1D8JF:00000002","ConnectionId":"0HNK2MUO1D8JF","MachineName":"DESKTOP-EFV39HJ","ThreadId":18}
2026-03-15 14:24:18.143 -03:00 [INF] HTTP GET /api/transactions responded 200 in 12.8952 ms {"SourceContext":"Serilog.AspNetCore.RequestLoggingMiddleware","RequestId":"0HNK2MUO1D8JG:00000003","ConnectionId":"0HNK2MUO1D8JG","MachineName":"DESKTOP-EFV39HJ","ThreadId":15}
2026-03-15 14:25:50.183 -03:00 [ERR] HTTP POST /api/auth/register-studio responded 500 in 23.4886 ms {"SourceContext":"Serilog.AspNetCore.RequestLoggingMiddleware","RequestId":"0HNK2MUO1D8JG:00000005","ConnectionId":"0HNK2MUO1D8JG","MachineName":"DESKTOP-EFV39HJ","ThreadId":8}
FluentValidation.ValidationException: Validation failed: 
 -- Password: Password must contain at least one uppercase letter. Severity: Error
   at ContableAI.Application.Common.ValidationBehavior`2.Handle(TRequest request, RequestHandlerDelegate`1 next, CancellationToken cancellationToken) in C:\Users\aguss\Documents\Projects\ContableAI\backend\src\ContableAI.Application\Common\ValidationBehavior.cs:line 38
   at ContableAI.API.Endpoints.AuthEndpoints.<>c.<<MapAuthEndpoints>b__0_2>d.MoveNext() in C:\Users\aguss\Documents\Projects\ContableAI\backend\src\ContableAI.API\Endpoints\AuthEndpoints.cs:line 97
--- End of stack trace from previous location ---
   at Microsoft.AspNetCore.Http.RequestDelegateFactory.ExecuteTaskResult[T](Task`1 task, HttpContext httpContext)
   at Microsoft.AspNetCore.Http.RequestDelegateFactory.<>c__DisplayClass102_2.<<HandleRequestBodyAndCompileRequestDelegateForJson>b__2>d.MoveNext()
--- End of stack trace from previous location ---
   at Microsoft.AspNetCore.RateLimiting.RateLimitingMiddleware.InvokeInternal(HttpContext context, EnableRateLimitingAttribute enableRateLimitingAttribute)
   at Microsoft.AspNetCore.Authorization.AuthorizationMiddleware.Invoke(HttpContext context)
   at Microsoft.AspNetCore.Authentication.AuthenticationMiddleware.Invoke(HttpContext context)
   at Serilog.AspNetCore.RequestLoggingMiddleware.Invoke(HttpContext httpContext)
2026-03-15 14:25:50.203 -03:00 [WRN] Handled exception (400): Validation failed: 
 -- Password: Password must contain at least one uppercase letter. Severity: Error {"SourceContext":"ContableAI.API.Middleware.GlobalExceptionHandler","RequestId":"0HNK2MUO1D8JG:00000005","RequestPath":"/api/auth/register-studio","ConnectionId":"0HNK2MUO1D8JG","MachineName":"DESKTOP-EFV39HJ","ThreadId":8}
FluentValidation.ValidationException: Validation failed: 
 -- Password: Password must contain at least one uppercase letter. Severity: Error
   at ContableAI.Application.Common.ValidationBehavior`2.Handle(TRequest request, RequestHandlerDelegate`1 next, CancellationToken cancellationToken) in C:\Users\aguss\Documents\Projects\ContableAI\backend\src\ContableAI.Application\Common\ValidationBehavior.cs:line 38
   at ContableAI.API.Endpoints.AuthEndpoints.<>c.<<MapAuthEndpoints>b__0_2>d.MoveNext() in C:\Users\aguss\Documents\Projects\ContableAI\backend\src\ContableAI.API\Endpoints\AuthEndpoints.cs:line 97
--- End of stack trace from previous location ---
   at Microsoft.AspNetCore.Http.RequestDelegateFactory.ExecuteTaskResult[T](Task`1 task, HttpContext httpContext)
   at Microsoft.AspNetCore.Http.RequestDelegateFactory.<>c__DisplayClass102_2.<<HandleRequestBodyAndCompileRequestDelegateForJson>b__2>d.MoveNext()
--- End of stack trace from previous location ---
   at Microsoft.AspNetCore.RateLimiting.RateLimitingMiddleware.InvokeInternal(HttpContext context, EnableRateLimitingAttribute enableRateLimitingAttribute)
   at Microsoft.AspNetCore.Authorization.AuthorizationMiddleware.Invoke(HttpContext context)
   at Microsoft.AspNetCore.Authentication.AuthenticationMiddleware.Invoke(HttpContext context)
   at Serilog.AspNetCore.RequestLoggingMiddleware.Invoke(HttpContext httpContext)
   at Microsoft.AspNetCore.Diagnostics.ExceptionHandlerMiddlewareImpl.<Invoke>g__Awaited|10_0(ExceptionHandlerMiddlewareImpl middleware, HttpContext context, Task task)
2026-03-15 14:26:01.719 -03:00 [ERR] HTTP POST /api/auth/register-studio responded 500 in 1.3388 ms {"SourceContext":"Serilog.AspNetCore.RequestLoggingMiddleware","RequestId":"0HNK2MUO1D8JG:00000007","ConnectionId":"0HNK2MUO1D8JG","MachineName":"DESKTOP-EFV39HJ","ThreadId":22}
FluentValidation.ValidationException: Validation failed: 
 -- Password: Password must contain at least one uppercase letter. Severity: Error
   at ContableAI.Application.Common.ValidationBehavior`2.Handle(TRequest request, RequestHandlerDelegate`1 next, CancellationToken cancellationToken) in C:\Users\aguss\Documents\Projects\ContableAI\backend\src\ContableAI.Application\Common\ValidationBehavior.cs:line 38
   at ContableAI.API.Endpoints.AuthEndpoints.<>c.<<MapAuthEndpoints>b__0_2>d.MoveNext() in C:\Users\aguss\Documents\Projects\ContableAI\backend\src\ContableAI.API\Endpoints\AuthEndpoints.cs:line 97
--- End of stack trace from previous location ---
   at Microsoft.AspNetCore.Http.RequestDelegateFactory.ExecuteTaskResult[T](Task`1 task, HttpContext httpContext)
   at Microsoft.AspNetCore.Http.RequestDelegateFactory.<>c__DisplayClass102_2.<<HandleRequestBodyAndCompileRequestDelegateForJson>b__2>d.MoveNext()
--- End of stack trace from previous location ---
   at Microsoft.AspNetCore.RateLimiting.RateLimitingMiddleware.InvokeInternal(HttpContext context, EnableRateLimitingAttribute enableRateLimitingAttribute)
   at Microsoft.AspNetCore.Authorization.AuthorizationMiddleware.Invoke(HttpContext context)
   at Microsoft.AspNetCore.Authentication.AuthenticationMiddleware.Invoke(HttpContext context)
   at Serilog.AspNetCore.RequestLoggingMiddleware.Invoke(HttpContext httpContext)
2026-03-15 14:26:01.723 -03:00 [WRN] Handled exception (400): Validation failed: 
 -- Password: Password must contain at least one uppercase letter. Severity: Error {"SourceContext":"ContableAI.API.Middleware.GlobalExceptionHandler","RequestId":"0HNK2MUO1D8JG:00000007","RequestPath":"/api/auth/register-studio","ConnectionId":"0HNK2MUO1D8JG","MachineName":"DESKTOP-EFV39HJ","ThreadId":22}
FluentValidation.ValidationException: Validation failed: 
 -- Password: Password must contain at least one uppercase letter. Severity: Error
   at ContableAI.Application.Common.ValidationBehavior`2.Handle(TRequest request, RequestHandlerDelegate`1 next, CancellationToken cancellationToken) in C:\Users\aguss\Documents\Projects\ContableAI\backend\src\ContableAI.Application\Common\ValidationBehavior.cs:line 38
   at ContableAI.API.Endpoints.AuthEndpoints.<>c.<<MapAuthEndpoints>b__0_2>d.MoveNext() in C:\Users\aguss\Documents\Projects\ContableAI\backend\src\ContableAI.API\Endpoints\AuthEndpoints.cs:line 97
--- End of stack trace from previous location ---
   at Microsoft.AspNetCore.Http.RequestDelegateFactory.ExecuteTaskResult[T](Task`1 task, HttpContext httpContext)
   at Microsoft.AspNetCore.Http.RequestDelegateFactory.<>c__DisplayClass102_2.<<HandleRequestBodyAndCompileRequestDelegateForJson>b__2>d.MoveNext()
--- End of stack trace from previous location ---
   at Microsoft.AspNetCore.RateLimiting.RateLimitingMiddleware.InvokeInternal(HttpContext context, EnableRateLimitingAttribute enableRateLimitingAttribute)
   at Microsoft.AspNetCore.Authorization.AuthorizationMiddleware.Invoke(HttpContext context)
   at Microsoft.AspNetCore.Authentication.AuthenticationMiddleware.Invoke(HttpContext context)
   at Serilog.AspNetCore.RequestLoggingMiddleware.Invoke(HttpContext httpContext)
   at Microsoft.AspNetCore.Diagnostics.ExceptionHandlerMiddlewareImpl.<Invoke>g__Awaited|10_0(ExceptionHandlerMiddlewareImpl middleware, HttpContext context, Task task)
2026-03-15 14:29:16.347 -03:00 [ERR] HTTP POST /api/auth/register-studio responded 500 in 1.5835 ms {"SourceContext":"Serilog.AspNetCore.RequestLoggingMiddleware","RequestId":"0HNK2MUO1D8JI:00000002","ConnectionId":"0HNK2MUO1D8JI","MachineName":"DESKTOP-EFV39HJ","ThreadId":8}
FluentValidation.ValidationException: Validation failed: 
 -- Password: Password must contain at least one uppercase letter. Severity: Error
   at ContableAI.Application.Common.ValidationBehavior`2.Handle(TRequest request, RequestHandlerDelegate`1 next, CancellationToken cancellationToken) in C:\Users\aguss\Documents\Projects\ContableAI\backend\src\ContableAI.Application\Common\ValidationBehavior.cs:line 38
   at ContableAI.API.Endpoints.AuthEndpoints.<>c.<<MapAuthEndpoints>b__0_2>d.MoveNext() in C:\Users\aguss\Documents\Projects\ContableAI\backend\src\ContableAI.API\Endpoints\AuthEndpoints.cs:line 97
--- End of stack trace from previous location ---
   at Microsoft.AspNetCore.Http.RequestDelegateFactory.ExecuteTaskResult[T](Task`1 task, HttpContext httpContext)
   at Microsoft.AspNetCore.Http.RequestDelegateFactory.<>c__DisplayClass102_2.<<HandleRequestBodyAndCompileRequestDelegateForJson>b__2>d.MoveNext()
--- End of stack trace from previous location ---
   at Microsoft.AspNetCore.RateLimiting.RateLimitingMiddleware.InvokeInternal(HttpContext context, EnableRateLimitingAttribute enableRateLimitingAttribute)
   at Microsoft.AspNetCore.Authorization.AuthorizationMiddleware.Invoke(HttpContext context)
   at Microsoft.AspNetCore.Authentication.AuthenticationMiddleware.Invoke(HttpContext context)
   at Serilog.AspNetCore.RequestLoggingMiddleware.Invoke(HttpContext httpContext)
2026-03-15 14:29:16.351 -03:00 [WRN] Handled exception (400): Validation failed: 
 -- Password: Password must contain at least one uppercase letter. Severity: Error {"SourceContext":"ContableAI.API.Middleware.GlobalExceptionHandler","RequestId":"0HNK2MUO1D8JI:00000002","RequestPath":"/api/auth/register-studio","ConnectionId":"0HNK2MUO1D8JI","MachineName":"DESKTOP-EFV39HJ","ThreadId":8}
FluentValidation.ValidationException: Validation failed: 
 -- Password: Password must contain at least one uppercase letter. Severity: Error
   at ContableAI.Application.Common.ValidationBehavior`2.Handle(TRequest request, RequestHandlerDelegate`1 next, CancellationToken cancellationToken) in C:\Users\aguss\Documents\Projects\ContableAI\backend\src\ContableAI.Application\Common\ValidationBehavior.cs:line 38
   at ContableAI.API.Endpoints.AuthEndpoints.<>c.<<MapAuthEndpoints>b__0_2>d.MoveNext() in C:\Users\aguss\Documents\Projects\ContableAI\backend\src\ContableAI.API\Endpoints\AuthEndpoints.cs:line 97
--- End of stack trace from previous location ---
   at Microsoft.AspNetCore.Http.RequestDelegateFactory.ExecuteTaskResult[T](Task`1 task, HttpContext httpContext)
   at Microsoft.AspNetCore.Http.RequestDelegateFactory.<>c__DisplayClass102_2.<<HandleRequestBodyAndCompileRequestDelegateForJson>b__2>d.MoveNext()
--- End of stack trace from previous location ---
   at Microsoft.AspNetCore.RateLimiting.RateLimitingMiddleware.InvokeInternal(HttpContext context, EnableRateLimitingAttribute enableRateLimitingAttribute)
   at Microsoft.AspNetCore.Authorization.AuthorizationMiddleware.Invoke(HttpContext context)
   at Microsoft.AspNetCore.Authentication.AuthenticationMiddleware.Invoke(HttpContext context)
   at Serilog.AspNetCore.RequestLoggingMiddleware.Invoke(HttpContext httpContext)
   at Microsoft.AspNetCore.Diagnostics.ExceptionHandlerMiddlewareImpl.<Invoke>g__Awaited|10_0(ExceptionHandlerMiddlewareImpl middleware, HttpContext context, Task task)
2026-03-15 14:30:27.460 -03:00 [INF] ╔══════════════════════════════════════════════╗ {"SourceContext":"ContableAI.API","MachineName":"DESKTOP-EFV39HJ","ThreadId":10}
2026-03-15 14:30:27.481 -03:00 [INF] ║   ContableAI API  ▶  LISTO PARA OPERAR      ║ {"SourceContext":"ContableAI.API","MachineName":"DESKTOP-EFV39HJ","ThreadId":10}
2026-03-15 14:30:27.483 -03:00 [INF] ║   http://localhost:5284                       ║ {"SourceContext":"ContableAI.API","MachineName":"DESKTOP-EFV39HJ","ThreadId":10}
2026-03-15 14:30:27.486 -03:00 [INF] ╚══════════════════════════════════════════════╝ {"SourceContext":"ContableAI.API","MachineName":"DESKTOP-EFV39HJ","ThreadId":10}
2026-03-15 14:30:30.082 -03:00 [ERR] HTTP POST /api/auth/register-studio responded 500 in 32.1085 ms {"SourceContext":"Serilog.AspNetCore.RequestLoggingMiddleware","RequestId":"0HNK2N26UJUCO:00000002","ConnectionId":"0HNK2N26UJUCO","MachineName":"DESKTOP-EFV39HJ","ThreadId":16}
FluentValidation.ValidationException: Validation failed: 
 -- Password: La contraseña debe contener al menos una letra mayúscula. Severity: Error
   at ContableAI.Application.Common.ValidationBehavior`2.Handle(TRequest request, RequestHandlerDelegate`1 next, CancellationToken cancellationToken) in C:\Users\aguss\Documents\Projects\ContableAI\backend\src\ContableAI.Application\Common\ValidationBehavior.cs:line 38
   at ContableAI.API.Endpoints.AuthEndpoints.<>c.<<MapAuthEndpoints>b__0_2>d.MoveNext() in C:\Users\aguss\Documents\Projects\ContableAI\backend\src\ContableAI.API\Endpoints\AuthEndpoints.cs:line 97
--- End of stack trace from previous location ---
   at Microsoft.AspNetCore.Http.RequestDelegateFactory.ExecuteTaskResult[T](Task`1 task, HttpContext httpContext)
   at Microsoft.AspNetCore.Http.RequestDelegateFactory.<>c__DisplayClass102_2.<<HandleRequestBodyAndCompileRequestDelegateForJson>b__2>d.MoveNext()
--- End of stack trace from previous location ---
   at Microsoft.AspNetCore.RateLimiting.RateLimitingMiddleware.InvokeInternal(HttpContext context, EnableRateLimitingAttribute enableRateLimitingAttribute)
   at Microsoft.AspNetCore.Authorization.AuthorizationMiddleware.Invoke(HttpContext context)
   at Microsoft.AspNetCore.Authentication.AuthenticationMiddleware.Invoke(HttpContext context)
   at Serilog.AspNetCore.RequestLoggingMiddleware.Invoke(HttpContext httpContext)
2026-03-15 14:30:30.101 -03:00 [WRN] Handled exception (400): Validation failed: 
 -- Password: La contraseña debe contener al menos una letra mayúscula. Severity: Error {"SourceContext":"ContableAI.API.Middleware.GlobalExceptionHandler","RequestId":"0HNK2N26UJUCO:00000002","RequestPath":"/api/auth/register-studio","ConnectionId":"0HNK2N26UJUCO","MachineName":"DESKTOP-EFV39HJ","ThreadId":16}
FluentValidation.ValidationException: Validation failed: 
 -- Password: La contraseña debe contener al menos una letra mayúscula. Severity: Error
   at ContableAI.Application.Common.ValidationBehavior`2.Handle(TRequest request, RequestHandlerDelegate`1 next, CancellationToken cancellationToken) in C:\Users\aguss\Documents\Projects\ContableAI\backend\src\ContableAI.Application\Common\ValidationBehavior.cs:line 38
   at ContableAI.API.Endpoints.AuthEndpoints.<>c.<<MapAuthEndpoints>b__0_2>d.MoveNext() in C:\Users\aguss\Documents\Projects\ContableAI\backend\src\ContableAI.API\Endpoints\AuthEndpoints.cs:line 97
--- End of stack trace from previous location ---
   at Microsoft.AspNetCore.Http.RequestDelegateFactory.ExecuteTaskResult[T](Task`1 task, HttpContext httpContext)
   at Microsoft.AspNetCore.Http.RequestDelegateFactory.<>c__DisplayClass102_2.<<HandleRequestBodyAndCompileRequestDelegateForJson>b__2>d.MoveNext()
--- End of stack trace from previous location ---
   at Microsoft.AspNetCore.RateLimiting.RateLimitingMiddleware.InvokeInternal(HttpContext context, EnableRateLimitingAttribute enableRateLimitingAttribute)
   at Microsoft.AspNetCore.Authorization.AuthorizationMiddleware.Invoke(HttpContext context)
   at Microsoft.AspNetCore.Authentication.AuthenticationMiddleware.Invoke(HttpContext context)
   at Serilog.AspNetCore.RequestLoggingMiddleware.Invoke(HttpContext httpContext)
   at Microsoft.AspNetCore.Diagnostics.ExceptionHandlerMiddlewareImpl.<Invoke>g__Awaited|10_0(ExceptionHandlerMiddlewareImpl middleware, HttpContext context, Task task)
2026-03-15 15:59:27.706 -03:00 [INF] ╔══════════════════════════════════════════════╗ {"SourceContext":"ContableAI.API","MachineName":"DESKTOP-EFV39HJ","ThreadId":11}
2026-03-15 15:59:27.726 -03:00 [INF] ║   ContableAI API  ▶  LISTO PARA OPERAR      ║ {"SourceContext":"ContableAI.API","MachineName":"DESKTOP-EFV39HJ","ThreadId":11}
2026-03-15 15:59:27.728 -03:00 [INF] ║   http://localhost:5284                       ║ {"SourceContext":"ContableAI.API","MachineName":"DESKTOP-EFV39HJ","ThreadId":11}
2026-03-15 15:59:27.730 -03:00 [INF] ╚══════════════════════════════════════════════╝ {"SourceContext":"ContableAI.API","MachineName":"DESKTOP-EFV39HJ","ThreadId":11}
2026-03-15 16:05:39.115 -03:00 [INF] HTTP POST /api/auth/forgot-password responded 200 in 81.9127 ms {"SourceContext":"Serilog.AspNetCore.RequestLoggingMiddleware","RequestId":"0HNK2ONCBO4LK:00000002","ConnectionId":"0HNK2ONCBO4LK","MachineName":"DESKTOP-EFV39HJ","ThreadId":29}
2026-03-15 16:06:25.482 -03:00 [WRN] Failed to send password reset email to agussala2003@gmail.com {"SourceContext":"ContableAI.Infrastructure.Features.Auth.ForgotPasswordHandler","RequestId":"0HNK2ONCBO4LK:00000004","RequestPath":"/api/auth/forgot-password","ConnectionId":"0HNK2ONCBO4LK","MachineName":"DESKTOP-EFV39HJ","ThreadId":27}
System.Net.Mail.SmtpException: Mailbox unavailable. The server response was: You can only send testing emails to your own email address (agussala2003@gmail.com). To send emails to other recipients, please verify a domain at resend.com/domains, and change the `from` address to an email using this domain.
   at System.Net.Mail.DataStopCommand.CheckResponse(SmtpStatusCode statusCode, String serverResponse)
   at System.Net.Mail.DataStopCommand.SendAsync[TIOAdapter](SmtpConnection conn, CancellationToken cancellationToken)
   at System.Net.Mail.SmtpConnection.OnClose(Object sender, EventArgs args)
   at System.Net.Mail.MailWriter.Close()
   at System.Net.Mail.SmtpClient.SendAsyncInternal[TIOAdapter](MailMessage message, Boolean invokeSendCompleted, Object userToken, Boolean forceWrapExceptions, CancellationToken cancellationToken)
   at System.Net.Mail.SmtpClient.<SendMailAsync>g__WaitAndRethrowIfNeeded|75_0(Task`1 task)
   at ContableAI.Infrastructure.Services.SmtpEmailService.SendPasswordResetEmailAsync(String toEmail, String displayName, String resetUrl, CancellationToken ct) in C:\Users\aguss\Documents\Projects\ContableAI\backend\src\ContableAI.Infrastructure\Services\EmailService.cs:line 81
   at ContableAI.Infrastructure.Features.Auth.ForgotPasswordHandler.Handle(ForgotPasswordCommand cmd, CancellationToken ct) in C:\Users\aguss\Documents\Projects\ContableAI\backend\src\ContableAI.Infrastructure\Features\Auth\AuthHandlers.cs:line 197
2026-03-15 16:06:25.498 -03:00 [INF] HTTP POST /api/auth/forgot-password responded 200 in 2562.9598 ms {"SourceContext":"Serilog.AspNetCore.RequestLoggingMiddleware","RequestId":"0HNK2ONCBO4LK:00000004","ConnectionId":"0HNK2ONCBO4LK","MachineName":"DESKTOP-EFV39HJ","ThreadId":27}
2026-03-15 16:06:58.021 -03:00 [INF] HTTP POST /api/auth/login responded 200 in 61.0226 ms {"SourceContext":"Serilog.AspNetCore.RequestLoggingMiddleware","RequestId":"0HNK2ONCBO4LK:00000006","ConnectionId":"0HNK2ONCBO4LK","MachineName":"DESKTOP-EFV39HJ","ThreadId":27}
2026-03-15 16:06:58.108 -03:00 [INF] HTTP GET /api/chart-of-accounts responded 200 in 37.0536 ms {"SourceContext":"Serilog.AspNetCore.RequestLoggingMiddleware","RequestId":"0HNK2ONCBO4LM:00000001","ConnectionId":"0HNK2ONCBO4LM","MachineName":"DESKTOP-EFV39HJ","ThreadId":27}
2026-03-15 16:06:58.116 -03:00 [INF] HTTP GET /api/companies responded 200 in 46.7176 ms {"SourceContext":"Serilog.AspNetCore.RequestLoggingMiddleware","RequestId":"0HNK2ONCBO4LL:00000001","ConnectionId":"0HNK2ONCBO4LL","MachineName":"DESKTOP-EFV39HJ","ThreadId":27}
2026-03-15 16:06:58.120 -03:00 [INF] HTTP GET /api/companies responded 200 in 3.0750 ms {"SourceContext":"Serilog.AspNetCore.RequestLoggingMiddleware","RequestId":"0HNK2ONCBO4LM:00000002","ConnectionId":"0HNK2ONCBO4LM","MachineName":"DESKTOP-EFV39HJ","ThreadId":27}
2026-03-15 16:06:58.216 -03:00 [INF] HTTP GET /api/transactions responded 200 in 92.3490 ms {"SourceContext":"Serilog.AspNetCore.RequestLoggingMiddleware","RequestId":"0HNK2ONCBO4LM:00000003","ConnectionId":"0HNK2ONCBO4LM","MachineName":"DESKTOP-EFV39HJ","ThreadId":32}
2026-03-15 16:06:58.218 -03:00 [INF] HTTP GET /api/transactions responded 200 in 146.8713 ms {"SourceContext":"Serilog.AspNetCore.RequestLoggingMiddleware","RequestId":"0HNK2ONCBO4LK:0000000A","ConnectionId":"0HNK2ONCBO4LK","MachineName":"DESKTOP-EFV39HJ","ThreadId":25}
2026-03-15 16:06:58.230 -03:00 [INF] HTTP GET /api/transactions responded 200 in 13.2264 ms {"SourceContext":"Serilog.AspNetCore.RequestLoggingMiddleware","RequestId":"0HNK2ONCBO4LL:00000003","ConnectionId":"0HNK2ONCBO4LL","MachineName":"DESKTOP-EFV39HJ","ThreadId":23}
2026-03-15 16:07:40.361 -03:00 [INF] HTTP GET /api/companies responded 200 in 3.9017 ms {"SourceContext":"Serilog.AspNetCore.RequestLoggingMiddleware","RequestId":"0HNK2ONCBO4LL:00000005","ConnectionId":"0HNK2ONCBO4LL","MachineName":"DESKTOP-EFV39HJ","ThreadId":35}
2026-03-15 16:07:40.366 -03:00 [INF] HTTP GET /api/companies responded 200 in 2.0883 ms {"SourceContext":"Serilog.AspNetCore.RequestLoggingMiddleware","RequestId":"0HNK2ONCBO4LM:00000004","ConnectionId":"0HNK2ONCBO4LM","MachineName":"DESKTOP-EFV39HJ","ThreadId":23}
2026-03-15 16:07:40.367 -03:00 [INF] HTTP GET /api/chart-of-accounts responded 200 in 3.4216 ms {"SourceContext":"Serilog.AspNetCore.RequestLoggingMiddleware","RequestId":"0HNK2ONCBO4LK:0000000C","ConnectionId":"0HNK2ONCBO4LK","MachineName":"DESKTOP-EFV39HJ","ThreadId":25}
2026-03-15 16:07:40.389 -03:00 [INF] HTTP GET /api/transactions responded 200 in 12.3263 ms {"SourceContext":"Serilog.AspNetCore.RequestLoggingMiddleware","RequestId":"0HNK2ONCBO4LK:0000000E","ConnectionId":"0HNK2ONCBO4LK","MachineName":"DESKTOP-EFV39HJ","ThreadId":35}
2026-03-15 16:07:40.390 -03:00 [INF] HTTP GET /api/transactions responded 200 in 23.8188 ms {"SourceContext":"Serilog.AspNetCore.RequestLoggingMiddleware","RequestId":"0HNK2ONCBO4LL:00000007","ConnectionId":"0HNK2ONCBO4LL","MachineName":"DESKTOP-EFV39HJ","ThreadId":37}
2026-03-15 16:08:16.029 -03:00 [INF] HTTP GET /api/companies responded 200 in 3.4894 ms {"SourceContext":"Serilog.AspNetCore.RequestLoggingMiddleware","RequestId":"0HNK2ONCBO4LL:00000009","ConnectionId":"0HNK2ONCBO4LL","MachineName":"DESKTOP-EFV39HJ","ThreadId":37}
2026-03-15 16:08:16.033 -03:00 [INF] HTTP GET /api/companies responded 200 in 2.2225 ms {"SourceContext":"Serilog.AspNetCore.RequestLoggingMiddleware","RequestId":"0HNK2ONCBO4LM:00000005","ConnectionId":"0HNK2ONCBO4LM","MachineName":"DESKTOP-EFV39HJ","ThreadId":41}
2026-03-15 16:08:16.033 -03:00 [INF] HTTP GET /api/chart-of-accounts responded 200 in 2.8154 ms {"SourceContext":"Serilog.AspNetCore.RequestLoggingMiddleware","RequestId":"0HNK2ONCBO4LK:00000010","ConnectionId":"0HNK2ONCBO4LK","MachineName":"DESKTOP-EFV39HJ","ThreadId":38}
2026-03-15 16:08:16.059 -03:00 [INF] HTTP GET /api/transactions responded 200 in 13.0556 ms {"SourceContext":"Serilog.AspNetCore.RequestLoggingMiddleware","RequestId":"0HNK2ONCBO4LK:00000012","ConnectionId":"0HNK2ONCBO4LK","MachineName":"DESKTOP-EFV39HJ","ThreadId":37}
2026-03-15 16:08:16.059 -03:00 [INF] HTTP GET /api/transactions responded 200 in 26.1682 ms {"SourceContext":"Serilog.AspNetCore.RequestLoggingMiddleware","RequestId":"0HNK2ONCBO4LN:00000002","ConnectionId":"0HNK2ONCBO4LN","MachineName":"DESKTOP-EFV39HJ","ThreadId":41}
2026-03-15 16:08:16.827 -03:00 [INF] HTTP GET /api/companies responded 200 in 3.3308 ms {"SourceContext":"Serilog.AspNetCore.RequestLoggingMiddleware","RequestId":"0HNK2ONCBO4LN:00000003","ConnectionId":"0HNK2ONCBO4LN","MachineName":"DESKTOP-EFV39HJ","ThreadId":40}
2026-03-15 16:08:16.831 -03:00 [INF] HTTP GET /api/chart-of-accounts responded 200 in 2.5244 ms {"SourceContext":"Serilog.AspNetCore.RequestLoggingMiddleware","RequestId":"0HNK2ONCBO4LK:00000013","ConnectionId":"0HNK2ONCBO4LK","MachineName":"DESKTOP-EFV39HJ","ThreadId":40}
2026-03-15 16:08:16.833 -03:00 [INF] HTTP GET /api/companies responded 200 in 1.9802 ms {"SourceContext":"Serilog.AspNetCore.RequestLoggingMiddleware","RequestId":"0HNK2ONCBO4LM:00000006","ConnectionId":"0HNK2ONCBO4LM","MachineName":"DESKTOP-EFV39HJ","ThreadId":38}
2026-03-15 16:08:16.857 -03:00 [INF] HTTP GET /api/transactions responded 200 in 25.8170 ms {"SourceContext":"Serilog.AspNetCore.RequestLoggingMiddleware","RequestId":"0HNK2ONCBO4LN:00000004","ConnectionId":"0HNK2ONCBO4LN","MachineName":"DESKTOP-EFV39HJ","ThreadId":41}
2026-03-15 16:08:16.857 -03:00 [INF] HTTP GET /api/transactions responded 200 in 12.7037 ms {"SourceContext":"Serilog.AspNetCore.RequestLoggingMiddleware","RequestId":"0HNK2ONCBO4LM:00000007","ConnectionId":"0HNK2ONCBO4LM","MachineName":"DESKTOP-EFV39HJ","ThreadId":38}
2026-03-15 16:09:26.492 -03:00 [INF] HTTP GET /api/companies responded 200 in 2.8388 ms {"SourceContext":"Serilog.AspNetCore.RequestLoggingMiddleware","RequestId":"0HNK2ONCBO4LM:00000009","ConnectionId":"0HNK2ONCBO4LM","MachineName":"DESKTOP-EFV39HJ","ThreadId":31}
2026-03-15 16:09:26.500 -03:00 [INF] HTTP GET /api/chart-of-accounts responded 200 in 3.3941 ms {"SourceContext":"Serilog.AspNetCore.RequestLoggingMiddleware","RequestId":"0HNK2ONCBO4LM:0000000A","ConnectionId":"0HNK2ONCBO4LM","MachineName":"DESKTOP-EFV39HJ","ThreadId":31}
2026-03-15 16:09:26.500 -03:00 [INF] HTTP GET /api/companies responded 200 in 2.9461 ms {"SourceContext":"Serilog.AspNetCore.RequestLoggingMiddleware","RequestId":"0HNK2ONCBO4LN:00000006","ConnectionId":"0HNK2ONCBO4LN","MachineName":"DESKTOP-EFV39HJ","ThreadId":42}
2026-03-15 16:09:26.527 -03:00 [INF] HTTP GET /api/transactions responded 200 in 27.1654 ms {"SourceContext":"Serilog.AspNetCore.RequestLoggingMiddleware","RequestId":"0HNK2ONCBO4LK:00000015","ConnectionId":"0HNK2ONCBO4LK","MachineName":"DESKTOP-EFV39HJ","ThreadId":42}
2026-03-15 16:09:26.533 -03:00 [INF] HTTP GET /api/transactions responded 200 in 13.7768 ms {"SourceContext":"Serilog.AspNetCore.RequestLoggingMiddleware","RequestId":"0HNK2ONCBO4LN:00000008","ConnectionId":"0HNK2ONCBO4LN","MachineName":"DESKTOP-EFV39HJ","ThreadId":43}
2026-03-15 16:09:36.524 -03:00 [INF] HTTP POST /api/auth/login responded 200 in 38.6752 ms {"SourceContext":"Serilog.AspNetCore.RequestLoggingMiddleware","RequestId":"0HNK2ONCBO4LN:0000000A","ConnectionId":"0HNK2ONCBO4LN","MachineName":"DESKTOP-EFV39HJ","ThreadId":41}
2026-03-15 16:09:36.561 -03:00 [INF] HTTP GET /api/companies responded 200 in 3.0875 ms {"SourceContext":"Serilog.AspNetCore.RequestLoggingMiddleware","RequestId":"0HNK2ONCBO4LN:0000000C","ConnectionId":"0HNK2ONCBO4LN","MachineName":"DESKTOP-EFV39HJ","ThreadId":41}
2026-03-15 16:09:36.564 -03:00 [INF] HTTP GET /api/chart-of-accounts responded 200 in 3.0211 ms {"SourceContext":"Serilog.AspNetCore.RequestLoggingMiddleware","RequestId":"0HNK2ONCBO4LK:00000017","ConnectionId":"0HNK2ONCBO4LK","MachineName":"DESKTOP-EFV39HJ","ThreadId":43}
2026-03-15 16:09:36.565 -03:00 [INF] HTTP GET /api/companies responded 200 in 2.2692 ms {"SourceContext":"Serilog.AspNetCore.RequestLoggingMiddleware","RequestId":"0HNK2ONCBO4LM:0000000B","ConnectionId":"0HNK2ONCBO4LM","MachineName":"DESKTOP-EFV39HJ","ThreadId":40}
2026-03-15 16:09:36.587 -03:00 [INF] HTTP GET /api/transactions responded 200 in 11.0027 ms {"SourceContext":"Serilog.AspNetCore.RequestLoggingMiddleware","RequestId":"0HNK2ONCBO4LM:0000000D","ConnectionId":"0HNK2ONCBO4LM","MachineName":"DESKTOP-EFV39HJ","ThreadId":41}
2026-03-15 16:09:36.593 -03:00 [INF] HTTP GET /api/transactions responded 200 in 21.7391 ms {"SourceContext":"Serilog.AspNetCore.RequestLoggingMiddleware","RequestId":"0HNK2ONCBO4LL:0000000B","ConnectionId":"0HNK2ONCBO4LL","MachineName":"DESKTOP-EFV39HJ","ThreadId":40}
2026-03-15 16:09:36.602 -03:00 [INF] HTTP GET /api/transactions responded 200 in 10.8082 ms {"SourceContext":"Serilog.AspNetCore.RequestLoggingMiddleware","RequestId":"0HNK2ONCBO4LM:0000000E","ConnectionId":"0HNK2ONCBO4LM","MachineName":"DESKTOP-EFV39HJ","ThreadId":41}
2026-03-15 16:09:46.275 -03:00 [INF] HTTP GET /api/journal-entries responded 200 in 55.2547 ms {"SourceContext":"Serilog.AspNetCore.RequestLoggingMiddleware","RequestId":"0HNK2ONCBO4LM:00000010","ConnectionId":"0HNK2ONCBO4LM","MachineName":"DESKTOP-EFV39HJ","ThreadId":43}
2026-03-15 16:09:51.042 -03:00 [INF] HTTP GET /api/companies/f899d9da-9916-4fb1-b0b7-ed706a08527d/rules responded 200 in 13.4433 ms {"SourceContext":"Serilog.AspNetCore.RequestLoggingMiddleware","RequestId":"0HNK2ONCBO4LM:00000012","ConnectionId":"0HNK2ONCBO4LM","MachineName":"DESKTOP-EFV39HJ","ThreadId":43}
2026-03-15 16:09:54.361 -03:00 [INF] HTTP GET /api/companies responded 200 in 2.5449 ms {"SourceContext":"Serilog.AspNetCore.RequestLoggingMiddleware","RequestId":"0HNK2ONCBO4LL:0000000D","ConnectionId":"0HNK2ONCBO4LL","MachineName":"DESKTOP-EFV39HJ","ThreadId":43}
2026-03-15 16:09:54.371 -03:00 [INF] HTTP GET /api/transactions responded 200 in 11.8878 ms {"SourceContext":"Serilog.AspNetCore.RequestLoggingMiddleware","RequestId":"0HNK2ONCBO4LM:00000014","ConnectionId":"0HNK2ONCBO4LM","MachineName":"DESKTOP-EFV39HJ","ThreadId":43}
2026-03-15 16:09:54.382 -03:00 [INF] HTTP GET /api/transactions responded 200 in 10.3848 ms {"SourceContext":"Serilog.AspNetCore.RequestLoggingMiddleware","RequestId":"0HNK2ONCBO4LL:0000000E","ConnectionId":"0HNK2ONCBO4LL","MachineName":"DESKTOP-EFV39HJ","ThreadId":40}
2026-03-15 16:11:47.863 -03:00 [INF] HTTP POST /api/transactions/upload responded 200 in 1231.9107 ms {"SourceContext":"Serilog.AspNetCore.RequestLoggingMiddleware","RequestId":"0HNK2ONCBO4LL:00000010","ConnectionId":"0HNK2ONCBO4LL","MachineName":"DESKTOP-EFV39HJ","ThreadId":45}
2026-03-15 16:11:47.889 -03:00 [INF] HTTP GET /api/transactions responded 200 in 19.9605 ms {"SourceContext":"Serilog.AspNetCore.RequestLoggingMiddleware","RequestId":"0HNK2ONCBO4LL:00000012","ConnectionId":"0HNK2ONCBO4LL","MachineName":"DESKTOP-EFV39HJ","ThreadId":45}
2026-03-15 16:11:56.857 -03:00 [INF] HTTP GET /api/transactions responded 200 in 18.9187 ms {"SourceContext":"Serilog.AspNetCore.RequestLoggingMiddleware","RequestId":"0HNK2ONCBO4LL:00000014","ConnectionId":"0HNK2ONCBO4LL","MachineName":"DESKTOP-EFV39HJ","ThreadId":45}
2026-03-15 16:12:02.792 -03:00 [INF] HTTP GET /api/transactions responded 200 in 19.1630 ms {"SourceContext":"Serilog.AspNetCore.RequestLoggingMiddleware","RequestId":"0HNK2ONCBO4LL:00000016","ConnectionId":"0HNK2ONCBO4LL","MachineName":"DESKTOP-EFV39HJ","ThreadId":44}
2026-03-15 16:12:08.446 -03:00 [INF] HTTP GET /api/transactions responded 200 in 21.1368 ms {"SourceContext":"Serilog.AspNetCore.RequestLoggingMiddleware","RequestId":"0HNK2ONCBO4LL:00000018","ConnectionId":"0HNK2ONCBO4LL","MachineName":"DESKTOP-EFV39HJ","ThreadId":44}
2026-03-15 16:12:10.706 -03:00 [INF] HTTP GET /api/transactions responded 200 in 29.5920 ms {"SourceContext":"Serilog.AspNetCore.RequestLoggingMiddleware","RequestId":"0HNK2ONCBO4LL:0000001A","ConnectionId":"0HNK2ONCBO4LL","MachineName":"DESKTOP-EFV39HJ","ThreadId":44}
2026-03-15 16:12:18.448 -03:00 [INF] HTTP GET /api/transactions responded 200 in 46.4519 ms {"SourceContext":"Serilog.AspNetCore.RequestLoggingMiddleware","RequestId":"0HNK2ONCBO4LL:0000001C","ConnectionId":"0HNK2ONCBO4LL","MachineName":"DESKTOP-EFV39HJ","ThreadId":44}
2026-03-15 16:12:42.628 -03:00 [INF] HTTP GET /api/transactions/export responded 404 in 16.3287 ms {"SourceContext":"Serilog.AspNetCore.RequestLoggingMiddleware","RequestId":"0HNK2ONCBO4LL:0000001E","ConnectionId":"0HNK2ONCBO4LL","MachineName":"DESKTOP-EFV39HJ","ThreadId":44}
2026-03-15 16:12:46.965 -03:00 [INF] HTTP GET /api/transactions responded 200 in 19.0262 ms {"SourceContext":"Serilog.AspNetCore.RequestLoggingMiddleware","RequestId":"0HNK2ONCBO4LL:00000020","ConnectionId":"0HNK2ONCBO4LL","MachineName":"DESKTOP-EFV39HJ","ThreadId":26}
2026-03-15 16:12:55.408 -03:00 [INF] HTTP POST /api/transactions/upload responded 200 in 569.6654 ms {"SourceContext":"Serilog.AspNetCore.RequestLoggingMiddleware","RequestId":"0HNK2ONCBO4LL:00000022","ConnectionId":"0HNK2ONCBO4LL","MachineName":"DESKTOP-EFV39HJ","ThreadId":26}
2026-03-15 16:12:55.478 -03:00 [INF] HTTP GET /api/transactions responded 200 in 63.9844 ms {"SourceContext":"Serilog.AspNetCore.RequestLoggingMiddleware","RequestId":"0HNK2ONCBO4LL:00000024","ConnectionId":"0HNK2ONCBO4LL","MachineName":"DESKTOP-EFV39HJ","ThreadId":10}
2026-03-15 16:12:59.720 -03:00 [INF] HTTP GET /api/transactions responded 200 in 59.2240 ms {"SourceContext":"Serilog.AspNetCore.RequestLoggingMiddleware","RequestId":"0HNK2ONCBO4LL:00000026","ConnectionId":"0HNK2ONCBO4LL","MachineName":"DESKTOP-EFV39HJ","ThreadId":10}
2026-03-15 16:13:02.453 -03:00 [INF] HTTP GET /api/transactions responded 200 in 25.6670 ms {"SourceContext":"Serilog.AspNetCore.RequestLoggingMiddleware","RequestId":"0HNK2ONCBO4LL:00000028","ConnectionId":"0HNK2ONCBO4LL","MachineName":"DESKTOP-EFV39HJ","ThreadId":26}
2026-03-15 16:13:05.062 -03:00 [INF] HTTP GET /api/transactions responded 200 in 32.1510 ms {"SourceContext":"Serilog.AspNetCore.RequestLoggingMiddleware","RequestId":"0HNK2ONCBO4LL:0000002A","ConnectionId":"0HNK2ONCBO4LL","MachineName":"DESKTOP-EFV39HJ","ThreadId":10}
2026-03-15 16:13:07.354 -03:00 [INF] HTTP GET /api/transactions responded 200 in 29.4741 ms {"SourceContext":"Serilog.AspNetCore.RequestLoggingMiddleware","RequestId":"0HNK2ONCBO4LL:0000002C","ConnectionId":"0HNK2ONCBO4LL","MachineName":"DESKTOP-EFV39HJ","ThreadId":10}
2026-03-15 16:13:08.237 -03:00 [INF] HTTP GET /api/transactions responded 200 in 27.4311 ms {"SourceContext":"Serilog.AspNetCore.RequestLoggingMiddleware","RequestId":"0HNK2ONCBO4LL:0000002E","ConnectionId":"0HNK2ONCBO4LL","MachineName":"DESKTOP-EFV39HJ","ThreadId":44}
2026-03-15 16:15:07.261 -03:00 [INF] HTTP POST /api/chart-of-accounts responded 201 in 28.3771 ms {"SourceContext":"Serilog.AspNetCore.RequestLoggingMiddleware","RequestId":"0HNK2ONCBO4LL:00000030","ConnectionId":"0HNK2ONCBO4LL","MachineName":"DESKTOP-EFV39HJ","ThreadId":8}
2026-03-15 16:17:14.277 -03:00 [INF] HTTP POST /api/afip/match responded 200 in 40.7880 ms {"SourceContext":"Serilog.AspNetCore.RequestLoggingMiddleware","RequestId":"0HNK2ONCBO4LL:00000032","ConnectionId":"0HNK2ONCBO4LL","MachineName":"DESKTOP-EFV39HJ","ThreadId":14}
2026-03-15 16:17:14.323 -03:00 [INF] HTTP GET /api/transactions responded 200 in 39.6768 ms {"SourceContext":"Serilog.AspNetCore.RequestLoggingMiddleware","RequestId":"0HNK2ONCBO4LL:00000034","ConnectionId":"0HNK2ONCBO4LL","MachineName":"DESKTOP-EFV39HJ","ThreadId":38}
2026-03-15 16:22:46.053 -03:00 [INF] HTTP GET /api/companies responded 200 in 12.7119 ms {"SourceContext":"Serilog.AspNetCore.RequestLoggingMiddleware","RequestId":"0HNK2ONCBO4LO:00000002","ConnectionId":"0HNK2ONCBO4LO","MachineName":"DESKTOP-EFV39HJ","ThreadId":28}
2026-03-15 16:22:46.056 -03:00 [INF] HTTP GET /api/companies responded 200 in 2.1310 ms {"SourceContext":"Serilog.AspNetCore.RequestLoggingMiddleware","RequestId":"0HNK2ONCBO4LR:00000001","ConnectionId":"0HNK2ONCBO4LR","MachineName":"DESKTOP-EFV39HJ","ThreadId":33}
2026-03-15 16:22:46.064 -03:00 [INF] HTTP GET /api/chart-of-accounts responded 200 in 18.7079 ms {"SourceContext":"Serilog.AspNetCore.RequestLoggingMiddleware","RequestId":"0HNK2ONCBO4LP:00000002","ConnectionId":"0HNK2ONCBO4LP","MachineName":"DESKTOP-EFV39HJ","ThreadId":32}
2026-03-15 16:22:46.104 -03:00 [INF] HTTP GET /api/transactions responded 200 in 41.8326 ms {"SourceContext":"Serilog.AspNetCore.RequestLoggingMiddleware","RequestId":"0HNK2ONCBO4LR:00000003","ConnectionId":"0HNK2ONCBO4LR","MachineName":"DESKTOP-EFV39HJ","ThreadId":25}
2026-03-15 16:22:46.138 -03:00 [INF] HTTP GET /api/transactions responded 200 in 32.7147 ms {"SourceContext":"Serilog.AspNetCore.RequestLoggingMiddleware","RequestId":"0HNK2ONCBO4LP:00000003","ConnectionId":"0HNK2ONCBO4LP","MachineName":"DESKTOP-EFV39HJ","ThreadId":32}
2026-03-15 16:22:46.152 -03:00 [INF] HTTP GET /api/transactions responded 200 in 103.9845 ms {"SourceContext":"Serilog.AspNetCore.RequestLoggingMiddleware","RequestId":"0HNK2ONCBO4LQ:00000002","ConnectionId":"0HNK2ONCBO4LQ","MachineName":"DESKTOP-EFV39HJ","ThreadId":32}
2026-03-15 16:23:06.362 -03:00 [INF] HTTP GET /api/companies responded 200 in 2.5898 ms {"SourceContext":"Serilog.AspNetCore.RequestLoggingMiddleware","RequestId":"0HNK2ONCBO4LQ:00000004","ConnectionId":"0HNK2ONCBO4LQ","MachineName":"DESKTOP-EFV39HJ","ThreadId":32}
2026-03-15 16:23:06.367 -03:00 [INF] HTTP GET /api/chart-of-accounts responded 200 in 2.4656 ms {"SourceContext":"Serilog.AspNetCore.RequestLoggingMiddleware","RequestId":"0HNK2ONCBO4LP:00000005","ConnectionId":"0HNK2ONCBO4LP","MachineName":"DESKTOP-EFV39HJ","ThreadId":24}
2026-03-15 16:23:06.367 -03:00 [INF] HTTP GET /api/companies responded 200 in 1.7624 ms {"SourceContext":"Serilog.AspNetCore.RequestLoggingMiddleware","RequestId":"0HNK2ONCBO4LR:00000004","ConnectionId":"0HNK2ONCBO4LR","MachineName":"DESKTOP-EFV39HJ","ThreadId":33}
2026-03-15 16:23:06.403 -03:00 [INF] HTTP GET /api/transactions responded 200 in 36.1504 ms {"SourceContext":"Serilog.AspNetCore.RequestLoggingMiddleware","RequestId":"0HNK2ONCBO4LQ:00000006","ConnectionId":"0HNK2ONCBO4LQ","MachineName":"DESKTOP-EFV39HJ","ThreadId":23}
2026-03-15 16:23:06.413 -03:00 [INF] HTTP GET /api/transactions responded 200 in 31.5348 ms {"SourceContext":"Serilog.AspNetCore.RequestLoggingMiddleware","RequestId":"0HNK2ONCBO4LR:00000006","ConnectionId":"0HNK2ONCBO4LR","MachineName":"DESKTOP-EFV39HJ","ThreadId":23}
2026-03-15 16:25:32.995 -03:00 [INF] HTTP GET /api/chart-of-accounts responded 200 in 11.7710 ms {"SourceContext":"Serilog.AspNetCore.RequestLoggingMiddleware","RequestId":"0HNK2ONCBO4LU:00000002","ConnectionId":"0HNK2ONCBO4LU","MachineName":"DESKTOP-EFV39HJ","ThreadId":21}
2026-03-15 16:25:32.995 -03:00 [INF] HTTP GET /api/companies responded 200 in 14.3639 ms {"SourceContext":"Serilog.AspNetCore.RequestLoggingMiddleware","RequestId":"0HNK2ONCBO4LV:00000002","ConnectionId":"0HNK2ONCBO4LV","MachineName":"DESKTOP-EFV39HJ","ThreadId":23}
2026-03-15 16:25:33.002 -03:00 [INF] HTTP GET /api/companies responded 200 in 5.7952 ms {"SourceContext":"Serilog.AspNetCore.RequestLoggingMiddleware","RequestId":"0HNK2ONCBO4LS:00000002","ConnectionId":"0HNK2ONCBO4LS","MachineName":"DESKTOP-EFV39HJ","ThreadId":22}
2026-03-15 16:25:33.038 -03:00 [INF] HTTP GET /api/transactions responded 200 in 52.8259 ms {"SourceContext":"Serilog.AspNetCore.RequestLoggingMiddleware","RequestId":"0HNK2ONCBO4LT:00000002","ConnectionId":"0HNK2ONCBO4LT","MachineName":"DESKTOP-EFV39HJ","ThreadId":20}
2026-03-15 16:25:33.048 -03:00 [INF] HTTP GET /api/transactions responded 200 in 36.3305 ms {"SourceContext":"Serilog.AspNetCore.RequestLoggingMiddleware","RequestId":"0HNK2ONCBO4LV:00000004","ConnectionId":"0HNK2ONCBO4LV","MachineName":"DESKTOP-EFV39HJ","ThreadId":20}
2026-03-15 16:25:33.085 -03:00 [INF] HTTP GET /api/transactions responded 200 in 35.8586 ms {"SourceContext":"Serilog.AspNetCore.RequestLoggingMiddleware","RequestId":"0HNK2ONCBO4LT:00000003","ConnectionId":"0HNK2ONCBO4LT","MachineName":"DESKTOP-EFV39HJ","ThreadId":23}
2026-03-15 16:28:33.457 -03:00 [INF] HTTP GET /api/companies responded 200 in 2.6634 ms {"SourceContext":"Serilog.AspNetCore.RequestLoggingMiddleware","RequestId":"0HNK2ONCBO4M0:00000002","ConnectionId":"0HNK2ONCBO4M0","MachineName":"DESKTOP-EFV39HJ","ThreadId":17}
2026-03-15 16:28:33.472 -03:00 [INF] HTTP GET /api/chart-of-accounts responded 200 in 2.1035 ms {"SourceContext":"Serilog.AspNetCore.RequestLoggingMiddleware","RequestId":"0HNK2ONCBO4M0:00000004","ConnectionId":"0HNK2ONCBO4M0","MachineName":"DESKTOP-EFV39HJ","ThreadId":17}
2026-03-15 16:28:33.475 -03:00 [INF] HTTP GET /api/companies responded 200 in 1.9428 ms {"SourceContext":"Serilog.AspNetCore.RequestLoggingMiddleware","RequestId":"0HNK2ONCBO4M1:00000001","ConnectionId":"0HNK2ONCBO4M1","MachineName":"DESKTOP-EFV39HJ","ThreadId":12}
2026-03-15 16:28:33.515 -03:00 [INF] HTTP GET /api/transactions responded 200 in 40.5054 ms {"SourceContext":"Serilog.AspNetCore.RequestLoggingMiddleware","RequestId":"0HNK2ONCBO4M0:00000005","ConnectionId":"0HNK2ONCBO4M0","MachineName":"DESKTOP-EFV39HJ","ThreadId":20}
2026-03-15 16:28:33.521 -03:00 [INF] HTTP GET /api/transactions responded 200 in 33.8292 ms {"SourceContext":"Serilog.AspNetCore.RequestLoggingMiddleware","RequestId":"0HNK2ONCBO4M1:00000003","ConnectionId":"0HNK2ONCBO4M1","MachineName":"DESKTOP-EFV39HJ","ThreadId":20}
2026-03-15 16:28:51.347 -03:00 [INF] HTTP POST /api/chart-of-accounts responded 201 in 5.9170 ms {"SourceContext":"Serilog.AspNetCore.RequestLoggingMiddleware","RequestId":"0HNK2ONCBO4M1:00000005","ConnectionId":"0HNK2ONCBO4M1","MachineName":"DESKTOP-EFV39HJ","ThreadId":12}
2026-03-15 16:29:11.821 -03:00 [INF] HTTP POST /api/companies/f899d9da-9916-4fb1-b0b7-ed706a08527d/rules responded 201 in 48.4786 ms {"SourceContext":"Serilog.AspNetCore.RequestLoggingMiddleware","RequestId":"0HNK2ONCBO4M1:00000007","ConnectionId":"0HNK2ONCBO4M1","MachineName":"DESKTOP-EFV39HJ","ThreadId":17}
2026-03-15 16:29:12.024 -03:00 [INF] HTTP POST /api/rules/a0f97867-0dd4-413b-8ac0-3f5346d62b25/reapply responded 200 in 198.5958 ms {"SourceContext":"Serilog.AspNetCore.RequestLoggingMiddleware","RequestId":"0HNK2ONCBO4M1:00000009","ConnectionId":"0HNK2ONCBO4M1","MachineName":"DESKTOP-EFV39HJ","ThreadId":46}
2026-03-15 16:29:12.057 -03:00 [INF] HTTP GET /api/transactions responded 200 in 27.3452 ms {"SourceContext":"Serilog.AspNetCore.RequestLoggingMiddleware","RequestId":"0HNK2ONCBO4M1:0000000B","ConnectionId":"0HNK2ONCBO4M1","MachineName":"DESKTOP-EFV39HJ","ThreadId":46}
2026-03-15 16:29:20.254 -03:00 [INF] HTTP GET /api/companies/f899d9da-9916-4fb1-b0b7-ed706a08527d/rules responded 200 in 4.3969 ms {"SourceContext":"Serilog.AspNetCore.RequestLoggingMiddleware","RequestId":"0HNK2ONCBO4M1:0000000D","ConnectionId":"0HNK2ONCBO4M1","MachineName":"DESKTOP-EFV39HJ","ThreadId":20}
2026-03-15 16:29:24.211 -03:00 [INF] HTTP DELETE /api/rules/a0f97867-0dd4-413b-8ac0-3f5346d62b25 responded 204 in 18.0733 ms {"SourceContext":"Serilog.AspNetCore.RequestLoggingMiddleware","RequestId":"0HNK2ONCBO4M1:0000000F","ConnectionId":"0HNK2ONCBO4M1","MachineName":"DESKTOP-EFV39HJ","ThreadId":20}
2026-03-15 16:29:25.837 -03:00 [INF] HTTP GET /api/journal-entries responded 200 in 3.9528 ms {"SourceContext":"Serilog.AspNetCore.RequestLoggingMiddleware","RequestId":"0HNK2ONCBO4M1:00000011","ConnectionId":"0HNK2ONCBO4M1","MachineName":"DESKTOP-EFV39HJ","ThreadId":46}
2026-03-15 16:29:26.638 -03:00 [INF] HTTP GET /api/companies responded 200 in 2.1601 ms {"SourceContext":"Serilog.AspNetCore.RequestLoggingMiddleware","RequestId":"0HNK2ONCBO4M0:00000007","ConnectionId":"0HNK2ONCBO4M0","MachineName":"DESKTOP-EFV39HJ","ThreadId":46}
2026-03-15 16:29:26.663 -03:00 [INF] HTTP GET /api/transactions responded 200 in 27.0416 ms {"SourceContext":"Serilog.AspNetCore.RequestLoggingMiddleware","RequestId":"0HNK2ONCBO4M1:00000013","ConnectionId":"0HNK2ONCBO4M1","MachineName":"DESKTOP-EFV39HJ","ThreadId":12}
2026-03-15 16:29:26.689 -03:00 [INF] HTTP GET /api/transactions responded 200 in 24.7340 ms {"SourceContext":"Serilog.AspNetCore.RequestLoggingMiddleware","RequestId":"0HNK2ONCBO4M0:00000008","ConnectionId":"0HNK2ONCBO4M0","MachineName":"DESKTOP-EFV39HJ","ThreadId":17}
2026-03-15 16:30:51.246 -03:00 [INF] HTTP GET /api/companies responded 200 in 2.2469 ms {"SourceContext":"Serilog.AspNetCore.RequestLoggingMiddleware","RequestId":"0HNK2ONCBO4M0:0000000A","ConnectionId":"0HNK2ONCBO4M0","MachineName":"DESKTOP-EFV39HJ","ThreadId":46}
2026-03-15 16:30:51.281 -03:00 [INF] HTTP GET /api/transactions responded 200 in 29.3829 ms {"SourceContext":"Serilog.AspNetCore.RequestLoggingMiddleware","RequestId":"0HNK2ONCBO4M0:0000000C","ConnectionId":"0HNK2ONCBO4M0","MachineName":"DESKTOP-EFV39HJ","ThreadId":12}
2026-03-15 16:31:05.251 -03:00 [INF] HTTP POST /api/companies responded 201 in 21.7503 ms {"SourceContext":"Serilog.AspNetCore.RequestLoggingMiddleware","RequestId":"0HNK2ONCBO4M0:0000000E","ConnectionId":"0HNK2ONCBO4M0","MachineName":"DESKTOP-EFV39HJ","ThreadId":46}
2026-03-15 16:31:05.271 -03:00 [INF] HTTP GET /api/transactions responded 200 in 13.8419 ms {"SourceContext":"Serilog.AspNetCore.RequestLoggingMiddleware","RequestId":"0HNK2ONCBO4M0:00000010","ConnectionId":"0HNK2ONCBO4M0","MachineName":"DESKTOP-EFV39HJ","ThreadId":46}
2026-03-15 16:31:14.563 -03:00 [INF] HTTP POST /api/companies responded 402 in 11.0672 ms {"SourceContext":"Serilog.AspNetCore.RequestLoggingMiddleware","RequestId":"0HNK2ONCBO4M0:00000012","ConnectionId":"0HNK2ONCBO4M0","MachineName":"DESKTOP-EFV39HJ","ThreadId":12}
2026-03-15 16:31:24.357 -03:00 [INF] HTTP DELETE /api/companies/9014b1ee-68b9-4da2-ab53-d9750c7d6c1e responded 204 in 7.9534 ms {"SourceContext":"Serilog.AspNetCore.RequestLoggingMiddleware","RequestId":"0HNK2ONCBO4M0:00000014","ConnectionId":"0HNK2ONCBO4M0","MachineName":"DESKTOP-EFV39HJ","ThreadId":48}
2026-03-15 16:31:24.394 -03:00 [INF] HTTP GET /api/transactions responded 200 in 30.8194 ms {"SourceContext":"Serilog.AspNetCore.RequestLoggingMiddleware","RequestId":"0HNK2ONCBO4M0:00000016","ConnectionId":"0HNK2ONCBO4M0","MachineName":"DESKTOP-EFV39HJ","ThreadId":49}
2026-03-15 16:34:27.874 -03:00 [INF] HTTP GET /api/companies responded 200 in 2.1915 ms {"SourceContext":"Serilog.AspNetCore.RequestLoggingMiddleware","RequestId":"0HNK2ONCBO4M3:00000002","ConnectionId":"0HNK2ONCBO4M3","MachineName":"DESKTOP-EFV39HJ","ThreadId":49}
2026-03-15 16:34:27.910 -03:00 [INF] HTTP GET /api/transactions responded 200 in 29.7372 ms {"SourceContext":"Serilog.AspNetCore.RequestLoggingMiddleware","RequestId":"0HNK2ONCBO4M3:00000004","ConnectionId":"0HNK2ONCBO4M3","MachineName":"DESKTOP-EFV39HJ","ThreadId":51}
2026-03-15 16:34:30.258 -03:00 [INF] HTTP GET /api/companies responded 200 in 2.0110 ms {"SourceContext":"Serilog.AspNetCore.RequestLoggingMiddleware","RequestId":"0HNK2ONCBO4M3:00000005","ConnectionId":"0HNK2ONCBO4M3","MachineName":"DESKTOP-EFV39HJ","ThreadId":51}
2026-03-15 16:34:30.286 -03:00 [INF] HTTP GET /api/transactions responded 200 in 24.2631 ms {"SourceContext":"Serilog.AspNetCore.RequestLoggingMiddleware","RequestId":"0HNK2ONCBO4M3:00000006","ConnectionId":"0HNK2ONCBO4M3","MachineName":"DESKTOP-EFV39HJ","ThreadId":51}
2026-03-15 16:34:33.235 -03:00 [INF] HTTP GET /api/transactions responded 200 in 23.5881 ms {"SourceContext":"Serilog.AspNetCore.RequestLoggingMiddleware","RequestId":"0HNK2ONCBO4M3:00000008","ConnectionId":"0HNK2ONCBO4M3","MachineName":"DESKTOP-EFV39HJ","ThreadId":49}
2026-03-15 16:34:34.373 -03:00 [INF] HTTP GET /api/transactions responded 200 in 27.7984 ms {"SourceContext":"Serilog.AspNetCore.RequestLoggingMiddleware","RequestId":"0HNK2ONCBO4M3:0000000A","ConnectionId":"0HNK2ONCBO4M3","MachineName":"DESKTOP-EFV39HJ","ThreadId":51}
2026-03-15 16:35:42.033 -03:00 [INF] HTTP GET /api/journal-entries responded 200 in 3.9757 ms {"SourceContext":"Serilog.AspNetCore.RequestLoggingMiddleware","RequestId":"0HNK2ONCBO4M3:0000000C","ConnectionId":"0HNK2ONCBO4M3","MachineName":"DESKTOP-EFV39HJ","ThreadId":52}
2026-03-15 16:35:43.583 -03:00 [INF] HTTP GET /api/journal-entries responded 200 in 17.9419 ms {"SourceContext":"Serilog.AspNetCore.RequestLoggingMiddleware","RequestId":"0HNK2ONCBO4M3:0000000E","ConnectionId":"0HNK2ONCBO4M3","MachineName":"DESKTOP-EFV39HJ","ThreadId":51}
2026-03-15 16:35:51.881 -03:00 [INF] HTTP GET /api/companies responded 200 in 2.1818 ms {"SourceContext":"Serilog.AspNetCore.RequestLoggingMiddleware","RequestId":"0HNK2ONCBO4M4:00000002","ConnectionId":"0HNK2ONCBO4M4","MachineName":"DESKTOP-EFV39HJ","ThreadId":52}
2026-03-15 16:35:51.910 -03:00 [INF] HTTP GET /api/transactions responded 200 in 30.9419 ms {"SourceContext":"Serilog.AspNetCore.RequestLoggingMiddleware","RequestId":"0HNK2ONCBO4M3:00000010","ConnectionId":"0HNK2ONCBO4M3","MachineName":"DESKTOP-EFV39HJ","ThreadId":52}
2026-03-15 16:35:51.931 -03:00 [INF] HTTP GET /api/transactions responded 200 in 21.1137 ms {"SourceContext":"Serilog.AspNetCore.RequestLoggingMiddleware","RequestId":"0HNK2ONCBO4M4:00000003","ConnectionId":"0HNK2ONCBO4M4","MachineName":"DESKTOP-EFV39HJ","ThreadId":52}
2026-03-15 16:36:14.970 -03:00 [INF] HTTP DELETE /api/transactions responded 200 in 905.8178 ms {"SourceContext":"Serilog.AspNetCore.RequestLoggingMiddleware","RequestId":"0HNK2ONCBO4M4:00000005","ConnectionId":"0HNK2ONCBO4M4","MachineName":"DESKTOP-EFV39HJ","ThreadId":56}
2026-03-15 16:36:26.955 -03:00 [INF] HTTP POST /api/transactions/upload responded 200 in 705.7811 ms {"SourceContext":"Serilog.AspNetCore.RequestLoggingMiddleware","RequestId":"0HNK2ONCBO4M4:00000007","ConnectionId":"0HNK2ONCBO4M4","MachineName":"DESKTOP-EFV39HJ","ThreadId":54}
2026-03-15 16:36:27.026 -03:00 [INF] HTTP GET /api/transactions responded 200 in 64.1355 ms {"SourceContext":"Serilog.AspNetCore.RequestLoggingMiddleware","RequestId":"0HNK2ONCBO4M4:00000009","ConnectionId":"0HNK2ONCBO4M4","MachineName":"DESKTOP-EFV39HJ","ThreadId":54}
2026-03-15 16:36:36.516 -03:00 [INF] HTTP DELETE /api/transactions responded 200 in 260.2126 ms {"SourceContext":"Serilog.AspNetCore.RequestLoggingMiddleware","RequestId":"0HNK2ONCBO4M4:0000000B","ConnectionId":"0HNK2ONCBO4M4","MachineName":"DESKTOP-EFV39HJ","ThreadId":54}
2026-03-15 16:36:41.220 -03:00 [INF] HTTP POST /api/transactions/upload responded 200 in 532.4721 ms {"SourceContext":"Serilog.AspNetCore.RequestLoggingMiddleware","RequestId":"0HNK2ONCBO4M4:0000000D","ConnectionId":"0HNK2ONCBO4M4","MachineName":"DESKTOP-EFV39HJ","ThreadId":50}
2026-03-15 16:36:41.276 -03:00 [INF] HTTP GET /api/transactions responded 200 in 51.4968 ms {"SourceContext":"Serilog.AspNetCore.RequestLoggingMiddleware","RequestId":"0HNK2ONCBO4M4:0000000F","ConnectionId":"0HNK2ONCBO4M4","MachineName":"DESKTOP-EFV39HJ","ThreadId":10}
2026-03-15 16:40:54.992 -03:00 [INF] HTTP DELETE /api/transactions responded 200 in 208.1547 ms {"SourceContext":"Serilog.AspNetCore.RequestLoggingMiddleware","RequestId":"0HNK2ONCBO4M5:00000002","ConnectionId":"0HNK2ONCBO4M5","MachineName":"DESKTOP-EFV39HJ","ThreadId":50}
2026-03-15 16:40:57.875 -03:00 [INF] HTTP POST /api/transactions/upload responded 200 in 100.0089 ms {"SourceContext":"Serilog.AspNetCore.RequestLoggingMiddleware","RequestId":"0HNK2ONCBO4M5:00000004","ConnectionId":"0HNK2ONCBO4M5","MachineName":"DESKTOP-EFV39HJ","ThreadId":43}
2026-03-15 16:40:57.919 -03:00 [INF] HTTP GET /api/transactions responded 200 in 38.5842 ms {"SourceContext":"Serilog.AspNetCore.RequestLoggingMiddleware","RequestId":"0HNK2ONCBO4M5:00000006","ConnectionId":"0HNK2ONCBO4M5","MachineName":"DESKTOP-EFV39HJ","ThreadId":44}
2026-03-15 16:41:01.973 -03:00 [INF] HTTP GET /api/transactions/unbooked-ids responded 200 in 13.0753 ms {"SourceContext":"Serilog.AspNetCore.RequestLoggingMiddleware","RequestId":"0HNK2ONCBO4M5:00000008","ConnectionId":"0HNK2ONCBO4M5","MachineName":"DESKTOP-EFV39HJ","ThreadId":44}
2026-03-15 16:41:02.322 -03:00 [INF] HTTP POST /api/journal-entries/generate responded 200 in 342.7781 ms {"SourceContext":"Serilog.AspNetCore.RequestLoggingMiddleware","RequestId":"0HNK2ONCBO4M5:0000000A","ConnectionId":"0HNK2ONCBO4M5","MachineName":"DESKTOP-EFV39HJ","ThreadId":10}
2026-03-15 16:41:05.724 -03:00 [INF] HTTP DELETE /api/transactions responded 200 in 63.2003 ms {"SourceContext":"Serilog.AspNetCore.RequestLoggingMiddleware","RequestId":"0HNK2ONCBO4M5:0000000C","ConnectionId":"0HNK2ONCBO4M5","MachineName":"DESKTOP-EFV39HJ","ThreadId":10}
2026-03-15 16:41:08.557 -03:00 [INF] HTTP POST /api/transactions/upload responded 200 in 57.5859 ms {"SourceContext":"Serilog.AspNetCore.RequestLoggingMiddleware","RequestId":"0HNK2ONCBO4M5:0000000E","ConnectionId":"0HNK2ONCBO4M5","MachineName":"DESKTOP-EFV39HJ","ThreadId":10}
2026-03-15 16:41:08.576 -03:00 [INF] HTTP GET /api/transactions responded 200 in 12.3014 ms {"SourceContext":"Serilog.AspNetCore.RequestLoggingMiddleware","RequestId":"0HNK2ONCBO4M5:00000010","ConnectionId":"0HNK2ONCBO4M5","MachineName":"DESKTOP-EFV39HJ","ThreadId":43}
2026-03-15 16:41:11.292 -03:00 [INF] HTTP GET /api/transactions/unbooked-ids responded 200 in 3.4019 ms {"SourceContext":"Serilog.AspNetCore.RequestLoggingMiddleware","RequestId":"0HNK2ONCBO4M5:00000012","ConnectionId":"0HNK2ONCBO4M5","MachineName":"DESKTOP-EFV39HJ","ThreadId":43}
2026-03-15 16:41:11.484 -03:00 [INF] HTTP POST /api/journal-entries/generate responded 200 in 187.1550 ms {"SourceContext":"Serilog.AspNetCore.RequestLoggingMiddleware","RequestId":"0HNK2ONCBO4M5:00000014","ConnectionId":"0HNK2ONCBO4M5","MachineName":"DESKTOP-EFV39HJ","ThreadId":43}
2026-03-15 16:42:16.555 -03:00 [INF] HTTP DELETE /api/transactions responded 200 in 25.5358 ms {"SourceContext":"Serilog.AspNetCore.RequestLoggingMiddleware","RequestId":"0HNK2ONCBO4M5:00000016","ConnectionId":"0HNK2ONCBO4M5","MachineName":"DESKTOP-EFV39HJ","ThreadId":10}
2026-03-15 16:42:19.451 -03:00 [INF] HTTP POST /api/transactions/upload responded 200 in 58.8095 ms {"SourceContext":"Serilog.AspNetCore.RequestLoggingMiddleware","RequestId":"0HNK2ONCBO4M5:00000018","ConnectionId":"0HNK2ONCBO4M5","MachineName":"DESKTOP-EFV39HJ","ThreadId":44}
2026-03-15 16:42:19.469 -03:00 [INF] HTTP GET /api/transactions responded 200 in 11.9036 ms {"SourceContext":"Serilog.AspNetCore.RequestLoggingMiddleware","RequestId":"0HNK2ONCBO4M5:0000001A","ConnectionId":"0HNK2ONCBO4M5","MachineName":"DESKTOP-EFV39HJ","ThreadId":26}
2026-03-15 16:42:22.021 -03:00 [INF] HTTP PUT /api/transactions/922346dd-ee9c-4d86-93d6-8a89893cf339 responded 200 in 16.9538 ms {"SourceContext":"Serilog.AspNetCore.RequestLoggingMiddleware","RequestId":"0HNK2ONCBO4M5:0000001C","ConnectionId":"0HNK2ONCBO4M5","MachineName":"DESKTOP-EFV39HJ","ThreadId":53}
2026-03-15 16:42:24.412 -03:00 [INF] HTTP GET /api/transactions/unbooked-ids responded 200 in 8.4653 ms {"SourceContext":"Serilog.AspNetCore.RequestLoggingMiddleware","RequestId":"0HNK2ONCBO4M5:0000001E","ConnectionId":"0HNK2ONCBO4M5","MachineName":"DESKTOP-EFV39HJ","ThreadId":26}
2026-03-15 16:42:24.602 -03:00 [INF] HTTP POST /api/journal-entries/generate responded 200 in 184.4923 ms {"SourceContext":"Serilog.AspNetCore.RequestLoggingMiddleware","RequestId":"0HNK2ONCBO4M5:00000020","ConnectionId":"0HNK2ONCBO4M5","MachineName":"DESKTOP-EFV39HJ","ThreadId":55}
2026-03-15 16:42:54.806 -03:00 [INF] HTTP DELETE /api/transactions responded 200 in 26.0400 ms {"SourceContext":"Serilog.AspNetCore.RequestLoggingMiddleware","RequestId":"0HNK2ONCBO4M5:00000022","ConnectionId":"0HNK2ONCBO4M5","MachineName":"DESKTOP-EFV39HJ","ThreadId":45}
2026-03-15 16:49:07.833 -03:00 [INF] HTTP GET /api/companies responded 200 in 11.5145 ms {"SourceContext":"Serilog.AspNetCore.RequestLoggingMiddleware","RequestId":"0HNK2ONCBO4M6:00000002","ConnectionId":"0HNK2ONCBO4M6","MachineName":"DESKTOP-EFV39HJ","ThreadId":12}
2026-03-15 16:49:07.849 -03:00 [INF] HTTP GET /api/transactions responded 200 in 10.5611 ms {"SourceContext":"Serilog.AspNetCore.RequestLoggingMiddleware","RequestId":"0HNK2ONCBO4M6:00000004","ConnectionId":"0HNK2ONCBO4M6","MachineName":"DESKTOP-EFV39HJ","ThreadId":17}
2026-03-15 16:49:08.859 -03:00 [INF] HTTP GET /api/transactions responded 200 in 10.7742 ms {"SourceContext":"Serilog.AspNetCore.RequestLoggingMiddleware","RequestId":"0HNK2ONCBO4M6:00000006","ConnectionId":"0HNK2ONCBO4M6","MachineName":"DESKTOP-EFV39HJ","ThreadId":12}
2026-03-15 16:49:11.144 -03:00 [INF] HTTP GET /api/companies responded 200 in 2.9435 ms {"SourceContext":"Serilog.AspNetCore.RequestLoggingMiddleware","RequestId":"0HNK2ONCBO4M6:00000007","ConnectionId":"0HNK2ONCBO4M6","MachineName":"DESKTOP-EFV39HJ","ThreadId":19}
2026-03-15 16:49:11.148 -03:00 [INF] HTTP GET /api/chart-of-accounts responded 200 in 2.4229 ms {"SourceContext":"Serilog.AspNetCore.RequestLoggingMiddleware","RequestId":"0HNK2ONCBO4M7:00000002","ConnectionId":"0HNK2ONCBO4M7","MachineName":"DESKTOP-EFV39HJ","ThreadId":17}
2026-03-15 16:49:11.204 -03:00 [INF] HTTP GET /api/companies responded 200 in 57.8257 ms {"SourceContext":"Serilog.AspNetCore.RequestLoggingMiddleware","RequestId":"0HNK2ONCBO4M8:00000001","ConnectionId":"0HNK2ONCBO4M8","MachineName":"DESKTOP-EFV39HJ","ThreadId":17}
2026-03-15 16:49:11.218 -03:00 [INF] HTTP GET /api/transactions responded 200 in 19.9334 ms {"SourceContext":"Serilog.AspNetCore.RequestLoggingMiddleware","RequestId":"0HNK2ONCBO4M7:00000003","ConnectionId":"0HNK2ONCBO4M7","MachineName":"DESKTOP-EFV39HJ","ThreadId":17}
2026-03-15 16:49:11.240 -03:00 [INF] HTTP GET /api/transactions responded 200 in 20.8782 ms {"SourceContext":"Serilog.AspNetCore.RequestLoggingMiddleware","RequestId":"0HNK2ONCBO4M8:00000002","ConnectionId":"0HNK2ONCBO4M8","MachineName":"DESKTOP-EFV39HJ","ThreadId":18}
2026-03-15 16:49:11.256 -03:00 [INF] HTTP GET /api/transactions responded 200 in 106.3950 ms {"SourceContext":"Serilog.AspNetCore.RequestLoggingMiddleware","RequestId":"0HNK2ONCBO4M9:00000002","ConnectionId":"0HNK2ONCBO4M9","MachineName":"DESKTOP-EFV39HJ","ThreadId":18}
2026-03-15 16:49:13.985 -03:00 [INF] HTTP POST /api/transactions/upload responded 200 in 80.5656 ms {"SourceContext":"Serilog.AspNetCore.RequestLoggingMiddleware","RequestId":"0HNK2ONCBO4M9:00000004","ConnectionId":"0HNK2ONCBO4M9","MachineName":"DESKTOP-EFV39HJ","ThreadId":17}
2026-03-15 16:49:14.030 -03:00 [INF] HTTP GET /api/transactions responded 200 in 40.0145 ms {"SourceContext":"Serilog.AspNetCore.RequestLoggingMiddleware","RequestId":"0HNK2ONCBO4M9:00000006","ConnectionId":"0HNK2ONCBO4M9","MachineName":"DESKTOP-EFV39HJ","ThreadId":12}
2026-03-15 16:49:18.627 -03:00 [INF] HTTP GET /api/transactions/unbooked-ids responded 200 in 5.6385 ms {"SourceContext":"Serilog.AspNetCore.RequestLoggingMiddleware","RequestId":"0HNK2ONCBO4M9:00000008","ConnectionId":"0HNK2ONCBO4M9","MachineName":"DESKTOP-EFV39HJ","ThreadId":17}
2026-03-15 16:49:18.778 -03:00 [INF] HTTP POST /api/journal-entries/generate responded 200 in 145.5422 ms {"SourceContext":"Serilog.AspNetCore.RequestLoggingMiddleware","RequestId":"0HNK2ONCBO4M9:0000000A","ConnectionId":"0HNK2ONCBO4M9","MachineName":"DESKTOP-EFV39HJ","ThreadId":17}
2026-03-15 16:49:21.377 -03:00 [INF] HTTP GET /api/journal-entries responded 200 in 5.8089 ms {"SourceContext":"Serilog.AspNetCore.RequestLoggingMiddleware","RequestId":"0HNK2ONCBO4M9:0000000C","ConnectionId":"0HNK2ONCBO4M9","MachineName":"DESKTOP-EFV39HJ","ThreadId":49}
2026-03-15 16:49:26.410 -03:00 [INF] HTTP GET /api/journal-entries responded 200 in 26.3641 ms {"SourceContext":"Serilog.AspNetCore.RequestLoggingMiddleware","RequestId":"0HNK2ONCBO4M9:0000000E","ConnectionId":"0HNK2ONCBO4M9","MachineName":"DESKTOP-EFV39HJ","ThreadId":49}
2026-03-15 16:49:29.127 -03:00 [INF] HTTP GET /api/journal-entries responded 200 in 4.3870 ms {"SourceContext":"Serilog.AspNetCore.RequestLoggingMiddleware","RequestId":"0HNK2ONCBO4M9:00000010","ConnectionId":"0HNK2ONCBO4M9","MachineName":"DESKTOP-EFV39HJ","ThreadId":12}
2026-03-15 16:55:48.590 -03:00 [INF] HTTP GET /api/companies responded 200 in 13.5175 ms {"SourceContext":"Serilog.AspNetCore.RequestLoggingMiddleware","RequestId":"0HNK2ONCBO4MB:00000002","ConnectionId":"0HNK2ONCBO4MB","MachineName":"DESKTOP-EFV39HJ","ThreadId":46}
2026-03-15 16:55:48.609 -03:00 [INF] HTTP GET /api/transactions responded 200 in 32.3286 ms {"SourceContext":"Serilog.AspNetCore.RequestLoggingMiddleware","RequestId":"0HNK2ONCBO4MA:00000002","ConnectionId":"0HNK2ONCBO4MA","MachineName":"DESKTOP-EFV39HJ","ThreadId":48}
2026-03-15 16:55:48.621 -03:00 [INF] HTTP GET /api/transactions responded 200 in 11.4981 ms {"SourceContext":"Serilog.AspNetCore.RequestLoggingMiddleware","RequestId":"0HNK2ONCBO4MB:00000003","ConnectionId":"0HNK2ONCBO4MB","MachineName":"DESKTOP-EFV39HJ","ThreadId":48}
2026-03-15 16:55:50.207 -03:00 [INF] HTTP GET /api/transactions/unbooked-ids responded 200 in 3.4215 ms {"SourceContext":"Serilog.AspNetCore.RequestLoggingMiddleware","RequestId":"0HNK2ONCBO4MB:00000005","ConnectionId":"0HNK2ONCBO4MB","MachineName":"DESKTOP-EFV39HJ","ThreadId":15}
2026-03-15 16:55:53.844 -03:00 [INF] HTTP PUT /api/transactions/1a377bf7-b81c-4da3-81e3-01a225c03001 responded 200 in 9.2630 ms {"SourceContext":"Serilog.AspNetCore.RequestLoggingMiddleware","RequestId":"0HNK2ONCBO4MB:00000007","ConnectionId":"0HNK2ONCBO4MB","MachineName":"DESKTOP-EFV39HJ","ThreadId":48}
2026-03-15 16:55:54.879 -03:00 [INF] HTTP GET /api/transactions/unbooked-ids responded 200 in 3.1625 ms {"SourceContext":"Serilog.AspNetCore.RequestLoggingMiddleware","RequestId":"0HNK2ONCBO4MB:00000008","ConnectionId":"0HNK2ONCBO4MB","MachineName":"DESKTOP-EFV39HJ","ThreadId":48}
2026-03-15 16:55:59.565 -03:00 [INF] HTTP GET /api/companies responded 200 in 2.5084 ms {"SourceContext":"Serilog.AspNetCore.RequestLoggingMiddleware","RequestId":"0HNK2ONCBO4MB:0000000A","ConnectionId":"0HNK2ONCBO4MB","MachineName":"DESKTOP-EFV39HJ","ThreadId":46}
2026-03-15 16:55:59.570 -03:00 [INF] HTTP GET /api/chart-of-accounts responded 200 in 2.7254 ms {"SourceContext":"Serilog.AspNetCore.RequestLoggingMiddleware","RequestId":"0HNK2ONCBO4MA:00000004","ConnectionId":"0HNK2ONCBO4MA","MachineName":"DESKTOP-EFV39HJ","ThreadId":48}
2026-03-15 16:55:59.571 -03:00 [INF] HTTP GET /api/companies responded 200 in 1.9540 ms {"SourceContext":"Serilog.AspNetCore.RequestLoggingMiddleware","RequestId":"0HNK2ONCBO4MB:0000000B","ConnectionId":"0HNK2ONCBO4MB","MachineName":"DESKTOP-EFV39HJ","ThreadId":46}
2026-03-15 16:55:59.602 -03:00 [INF] HTTP GET /api/transactions responded 200 in 19.1402 ms {"SourceContext":"Serilog.AspNetCore.RequestLoggingMiddleware","RequestId":"0HNK2ONCBO4MB:0000000D","ConnectionId":"0HNK2ONCBO4MB","MachineName":"DESKTOP-EFV39HJ","ThreadId":51}
2026-03-15 16:55:59.638 -03:00 [INF] HTTP GET /api/transactions responded 200 in 66.6309 ms {"SourceContext":"Serilog.AspNetCore.RequestLoggingMiddleware","RequestId":"0HNK2ONCBO4MC:00000002","ConnectionId":"0HNK2ONCBO4MC","MachineName":"DESKTOP-EFV39HJ","ThreadId":51}
2026-03-15 16:56:02.168 -03:00 [INF] HTTP PUT /api/transactions/6ba0b8c6-f3c2-42d0-b485-bc071348c5e3 responded 200 in 8.4554 ms {"SourceContext":"Serilog.AspNetCore.RequestLoggingMiddleware","RequestId":"0HNK2ONCBO4MC:00000004","ConnectionId":"0HNK2ONCBO4MC","MachineName":"DESKTOP-EFV39HJ","ThreadId":51}
2026-03-15 16:56:03.033 -03:00 [INF] HTTP GET /api/transactions/unbooked-ids responded 200 in 2.9754 ms {"SourceContext":"Serilog.AspNetCore.RequestLoggingMiddleware","RequestId":"0HNK2ONCBO4MC:00000006","ConnectionId":"0HNK2ONCBO4MC","MachineName":"DESKTOP-EFV39HJ","ThreadId":51}
2026-03-15 16:56:05.702 -03:00 [INF] HTTP PUT /api/transactions/1a377bf7-b81c-4da3-81e3-01a225c03001 responded 200 in 9.4682 ms {"SourceContext":"Serilog.AspNetCore.RequestLoggingMiddleware","RequestId":"0HNK2ONCBO4MC:00000008","ConnectionId":"0HNK2ONCBO4MC","MachineName":"DESKTOP-EFV39HJ","ThreadId":46}
2026-03-15 16:56:06.654 -03:00 [INF] HTTP GET /api/transactions/unbooked-ids responded 200 in 3.3197 ms {"SourceContext":"Serilog.AspNetCore.RequestLoggingMiddleware","RequestId":"0HNK2ONCBO4MC:00000009","ConnectionId":"0HNK2ONCBO4MC","MachineName":"DESKTOP-EFV39HJ","ThreadId":46}
2026-03-15 16:56:09.437 -03:00 [INF] HTTP DELETE /api/transactions responded 200 in 43.0284 ms {"SourceContext":"Serilog.AspNetCore.RequestLoggingMiddleware","RequestId":"0HNK2ONCBO4MC:0000000B","ConnectionId":"0HNK2ONCBO4MC","MachineName":"DESKTOP-EFV39HJ","ThreadId":48}
2026-03-15 16:56:11.698 -03:00 [INF] HTTP POST /api/transactions/upload responded 200 in 57.7978 ms {"SourceContext":"Serilog.AspNetCore.RequestLoggingMiddleware","RequestId":"0HNK2ONCBO4MC:0000000D","ConnectionId":"0HNK2ONCBO4MC","MachineName":"DESKTOP-EFV39HJ","ThreadId":46}
2026-03-15 16:56:11.716 -03:00 [INF] HTTP GET /api/transactions responded 200 in 13.0606 ms {"SourceContext":"Serilog.AspNetCore.RequestLoggingMiddleware","RequestId":"0HNK2ONCBO4MC:0000000F","ConnectionId":"0HNK2ONCBO4MC","MachineName":"DESKTOP-EFV39HJ","ThreadId":46}
2026-03-15 16:56:13.334 -03:00 [INF] HTTP GET /api/transactions/unbooked-ids responded 200 in 7.9237 ms {"SourceContext":"Serilog.AspNetCore.RequestLoggingMiddleware","RequestId":"0HNK2ONCBO4MC:00000011","ConnectionId":"0HNK2ONCBO4MC","MachineName":"DESKTOP-EFV39HJ","ThreadId":46}
2026-03-15 16:56:13.442 -03:00 [INF] HTTP POST /api/journal-entries/generate responded 200 in 102.5430 ms {"SourceContext":"Serilog.AspNetCore.RequestLoggingMiddleware","RequestId":"0HNK2ONCBO4MC:00000013","ConnectionId":"0HNK2ONCBO4MC","MachineName":"DESKTOP-EFV39HJ","ThreadId":46}
2026-03-15 16:56:31.915 -03:00 [INF] HTTP GET /api/companies responded 200 in 2.2944 ms {"SourceContext":"Serilog.AspNetCore.RequestLoggingMiddleware","RequestId":"0HNK2ONCBO4MC:00000015","ConnectionId":"0HNK2ONCBO4MC","MachineName":"DESKTOP-EFV39HJ","ThreadId":15}
2026-03-15 16:56:31.935 -03:00 [INF] HTTP GET /api/companies responded 200 in 2.6879 ms {"SourceContext":"Serilog.AspNetCore.RequestLoggingMiddleware","RequestId":"0HNK2ONCBO4MB:0000000E","ConnectionId":"0HNK2ONCBO4MB","MachineName":"DESKTOP-EFV39HJ","ThreadId":15}
2026-03-15 16:56:31.937 -03:00 [INF] HTTP GET /api/chart-of-accounts responded 200 in 3.2496 ms {"SourceContext":"Serilog.AspNetCore.RequestLoggingMiddleware","RequestId":"0HNK2ONCBO4MA:00000006","ConnectionId":"0HNK2ONCBO4MA","MachineName":"DESKTOP-EFV39HJ","ThreadId":47}
2026-03-15 16:56:31.953 -03:00 [INF] HTTP GET /api/transactions responded 200 in 17.3151 ms {"SourceContext":"Serilog.AspNetCore.RequestLoggingMiddleware","RequestId":"0HNK2ONCBO4MC:00000017","ConnectionId":"0HNK2ONCBO4MC","MachineName":"DESKTOP-EFV39HJ","ThreadId":46}
2026-03-15 16:56:31.965 -03:00 [INF] HTTP GET /api/transactions responded 200 in 16.3377 ms {"SourceContext":"Serilog.AspNetCore.RequestLoggingMiddleware","RequestId":"0HNK2ONCBO4MA:00000008","ConnectionId":"0HNK2ONCBO4MA","MachineName":"DESKTOP-EFV39HJ","ThreadId":46}
2026-03-15 16:56:31.983 -03:00 [INF] HTTP GET /api/transactions responded 200 in 15.6324 ms {"SourceContext":"Serilog.AspNetCore.RequestLoggingMiddleware","RequestId":"0HNK2ONCBO4MC:00000018","ConnectionId":"0HNK2ONCBO4MC","MachineName":"DESKTOP-EFV39HJ","ThreadId":48}
2026-03-15 16:56:34.613 -03:00 [INF] HTTP DELETE /api/transactions responded 200 in 25.6602 ms {"SourceContext":"Serilog.AspNetCore.RequestLoggingMiddleware","RequestId":"0HNK2ONCBO4MC:0000001A","ConnectionId":"0HNK2ONCBO4MC","MachineName":"DESKTOP-EFV39HJ","ThreadId":46}
2026-03-15 16:56:37.218 -03:00 [INF] HTTP POST /api/transactions/upload responded 200 in 55.0669 ms {"SourceContext":"Serilog.AspNetCore.RequestLoggingMiddleware","RequestId":"0HNK2ONCBO4MC:0000001C","ConnectionId":"0HNK2ONCBO4MC","MachineName":"DESKTOP-EFV39HJ","ThreadId":48}
2026-03-15 16:56:37.236 -03:00 [INF] HTTP GET /api/transactions responded 200 in 11.5872 ms {"SourceContext":"Serilog.AspNetCore.RequestLoggingMiddleware","RequestId":"0HNK2ONCBO4MC:0000001E","ConnectionId":"0HNK2ONCBO4MC","MachineName":"DESKTOP-EFV39HJ","ThreadId":46}
2026-03-15 16:56:39.724 -03:00 [INF] HTTP GET /api/transactions/unbooked-ids responded 200 in 3.4871 ms {"SourceContext":"Serilog.AspNetCore.RequestLoggingMiddleware","RequestId":"0HNK2ONCBO4MC:00000020","ConnectionId":"0HNK2ONCBO4MC","MachineName":"DESKTOP-EFV39HJ","ThreadId":46}
2026-03-15 16:56:39.837 -03:00 [INF] HTTP POST /api/journal-entries/generate responded 200 in 107.6954 ms {"SourceContext":"Serilog.AspNetCore.RequestLoggingMiddleware","RequestId":"0HNK2ONCBO4MC:00000022","ConnectionId":"0HNK2ONCBO4MC","MachineName":"DESKTOP-EFV39HJ","ThreadId":48}
2026-03-15 16:57:16.356 -03:00 [INF] HTTP GET /api/companies responded 200 in 2.4325 ms {"SourceContext":"Serilog.AspNetCore.RequestLoggingMiddleware","RequestId":"0HNK2ONCBO4MC:00000024","ConnectionId":"0HNK2ONCBO4MC","MachineName":"DESKTOP-EFV39HJ","ThreadId":40}
2026-03-15 16:57:16.361 -03:00 [INF] HTTP GET /api/companies responded 200 in 1.9088 ms {"SourceContext":"Serilog.AspNetCore.RequestLoggingMiddleware","RequestId":"0HNK2ONCBO4MB:0000000F","ConnectionId":"0HNK2ONCBO4MB","MachineName":"DESKTOP-EFV39HJ","ThreadId":40}
2026-03-15 16:57:16.361 -03:00 [INF] HTTP GET /api/chart-of-accounts responded 200 in 2.1373 ms {"SourceContext":"Serilog.AspNetCore.RequestLoggingMiddleware","RequestId":"0HNK2ONCBO4MA:0000000A","ConnectionId":"0HNK2ONCBO4MA","MachineName":"DESKTOP-EFV39HJ","ThreadId":48}
2026-03-15 16:57:16.373 -03:00 [INF] HTTP GET /api/transactions responded 200 in 11.6009 ms {"SourceContext":"Serilog.AspNetCore.RequestLoggingMiddleware","RequestId":"0HNK2ONCBO4MC:00000026","ConnectionId":"0HNK2ONCBO4MC","MachineName":"DESKTOP-EFV39HJ","ThreadId":48}
2026-03-15 16:57:16.401 -03:00 [INF] HTTP GET /api/transactions responded 200 in 13.6812 ms {"SourceContext":"Serilog.AspNetCore.RequestLoggingMiddleware","RequestId":"0HNK2ONCBO4MC:00000028","ConnectionId":"0HNK2ONCBO4MC","MachineName":"DESKTOP-EFV39HJ","ThreadId":46}
2026-03-15 16:57:29.713 -03:00 [INF] HTTP GET /api/journal-entries responded 200 in 5.4238 ms {"SourceContext":"Serilog.AspNetCore.RequestLoggingMiddleware","RequestId":"0HNK2ONCBO4MC:0000002A","ConnectionId":"0HNK2ONCBO4MC","MachineName":"DESKTOP-EFV39HJ","ThreadId":46}
2026-03-15 16:57:37.362 -03:00 [INF] HTTP GET /api/companies responded 200 in 2.4193 ms {"SourceContext":"Serilog.AspNetCore.RequestLoggingMiddleware","RequestId":"0HNK2ONCBO4MA:0000000C","ConnectionId":"0HNK2ONCBO4MA","MachineName":"DESKTOP-EFV39HJ","ThreadId":46}
2026-03-15 16:57:37.374 -03:00 [INF] HTTP GET /api/transactions responded 200 in 14.1125 ms {"SourceContext":"Serilog.AspNetCore.RequestLoggingMiddleware","RequestId":"0HNK2ONCBO4MC:0000002C","ConnectionId":"0HNK2ONCBO4MC","MachineName":"DESKTOP-EFV39HJ","ThreadId":46}
2026-03-15 16:57:37.389 -03:00 [INF] HTTP GET /api/transactions responded 200 in 13.9707 ms {"SourceContext":"Serilog.AspNetCore.RequestLoggingMiddleware","RequestId":"0HNK2ONCBO4MA:0000000D","ConnectionId":"0HNK2ONCBO4MA","MachineName":"DESKTOP-EFV39HJ","ThreadId":53}
2026-03-15 16:57:38.213 -03:00 [INF] HTTP GET /api/journal-entries responded 200 in 6.0414 ms {"SourceContext":"Serilog.AspNetCore.RequestLoggingMiddleware","RequestId":"0HNK2ONCBO4MA:0000000F","ConnectionId":"0HNK2ONCBO4MA","MachineName":"DESKTOP-EFV39HJ","ThreadId":53}
2026-03-15 16:58:23.716 -03:00 [INF] HTTP GET /api/companies responded 200 in 2.5491 ms {"SourceContext":"Serilog.AspNetCore.RequestLoggingMiddleware","RequestId":"0HNK2ONCBO4MA:00000011","ConnectionId":"0HNK2ONCBO4MA","MachineName":"DESKTOP-EFV39HJ","ThreadId":46}
2026-03-15 16:58:23.753 -03:00 [INF] HTTP GET /api/journal-entries responded 200 in 6.0834 ms {"SourceContext":"Serilog.AspNetCore.RequestLoggingMiddleware","RequestId":"0HNK2ONCBO4MA:00000013","ConnectionId":"0HNK2ONCBO4MA","MachineName":"DESKTOP-EFV39HJ","ThreadId":48}
2026-03-15 16:58:35.431 -03:00 [INF] HTTP GET /api/companies/f899d9da-9916-4fb1-b0b7-ed706a08527d/rules responded 200 in 3.7039 ms {"SourceContext":"Serilog.AspNetCore.RequestLoggingMiddleware","RequestId":"0HNK2ONCBO4MA:00000015","ConnectionId":"0HNK2ONCBO4MA","MachineName":"DESKTOP-EFV39HJ","ThreadId":48}
2026-03-15 16:58:38.775 -03:00 [INF] HTTP GET /api/journal-entries responded 200 in 5.7795 ms {"SourceContext":"Serilog.AspNetCore.RequestLoggingMiddleware","RequestId":"0HNK2ONCBO4MA:00000017","ConnectionId":"0HNK2ONCBO4MA","MachineName":"DESKTOP-EFV39HJ","ThreadId":48}
2026-03-15 16:58:41.211 -03:00 [INF] HTTP GET /api/companies/f899d9da-9916-4fb1-b0b7-ed706a08527d/rules responded 200 in 3.1318 ms {"SourceContext":"Serilog.AspNetCore.RequestLoggingMiddleware","RequestId":"0HNK2ONCBO4MA:00000019","ConnectionId":"0HNK2ONCBO4MA","MachineName":"DESKTOP-EFV39HJ","ThreadId":46}
2026-03-15 16:58:42.564 -03:00 [INF] HTTP GET /api/journal-entries responded 200 in 11.2912 ms {"SourceContext":"Serilog.AspNetCore.RequestLoggingMiddleware","RequestId":"0HNK2ONCBO4MA:0000001A","ConnectionId":"0HNK2ONCBO4MA","MachineName":"DESKTOP-EFV39HJ","ThreadId":48}
2026-03-15 16:58:43.609 -03:00 [INF] HTTP GET /api/companies/f899d9da-9916-4fb1-b0b7-ed706a08527d/rules responded 200 in 2.6849 ms {"SourceContext":"Serilog.AspNetCore.RequestLoggingMiddleware","RequestId":"0HNK2ONCBO4MA:0000001B","ConnectionId":"0HNK2ONCBO4MA","MachineName":"DESKTOP-EFV39HJ","ThreadId":48}
2026-03-15 16:58:46.917 -03:00 [INF] HTTP GET /api/journal-entries responded 200 in 5.5524 ms {"SourceContext":"Serilog.AspNetCore.RequestLoggingMiddleware","RequestId":"0HNK2ONCBO4MA:0000001D","ConnectionId":"0HNK2ONCBO4MA","MachineName":"DESKTOP-EFV39HJ","ThreadId":10}
2026-03-15 16:58:48.855 -03:00 [INF] HTTP GET /api/companies/f899d9da-9916-4fb1-b0b7-ed706a08527d/rules responded 200 in 3.2421 ms {"SourceContext":"Serilog.AspNetCore.RequestLoggingMiddleware","RequestId":"0HNK2ONCBO4MA:0000001F","ConnectionId":"0HNK2ONCBO4MA","MachineName":"DESKTOP-EFV39HJ","ThreadId":46}
2026-03-15 17:00:05.014 -03:00 [INF] HTTP GET /api/journal-entries responded 200 in 9.1425 ms {"SourceContext":"Serilog.AspNetCore.RequestLoggingMiddleware","RequestId":"0HNK2ONCBO4MA:00000021","ConnectionId":"0HNK2ONCBO4MA","MachineName":"DESKTOP-EFV39HJ","ThreadId":10}
2026-03-15 17:00:08.665 -03:00 [INF] HTTP GET /api/companies/f899d9da-9916-4fb1-b0b7-ed706a08527d/rules responded 200 in 3.6943 ms {"SourceContext":"Serilog.AspNetCore.RequestLoggingMiddleware","RequestId":"0HNK2ONCBO4MA:00000023","ConnectionId":"0HNK2ONCBO4MA","MachineName":"DESKTOP-EFV39HJ","ThreadId":46}
2026-03-15 17:01:15.754 -03:00 [INF] HTTP GET /api/companies responded 200 in 4.6843 ms {"SourceContext":"Serilog.AspNetCore.RequestLoggingMiddleware","RequestId":"0HNK2ONCBO4MA:00000025","ConnectionId":"0HNK2ONCBO4MA","MachineName":"DESKTOP-EFV39HJ","ThreadId":43}
2026-03-15 17:01:15.813 -03:00 [INF] HTTP GET /api/companies/f899d9da-9916-4fb1-b0b7-ed706a08527d/rules responded 200 in 4.1724 ms {"SourceContext":"Serilog.AspNetCore.RequestLoggingMiddleware","RequestId":"0HNK2ONCBO4MA:00000027","ConnectionId":"0HNK2ONCBO4MA","MachineName":"DESKTOP-EFV39HJ","ThreadId":46}
2026-03-15 17:01:28.323 -03:00 [INF] HTTP GET /api/companies responded 200 in 2.3670 ms {"SourceContext":"Serilog.AspNetCore.RequestLoggingMiddleware","RequestId":"0HNK2ONCBO4MA:00000029","ConnectionId":"0HNK2ONCBO4MA","MachineName":"DESKTOP-EFV39HJ","ThreadId":46}
2026-03-15 17:01:28.365 -03:00 [INF] HTTP GET /api/companies/f899d9da-9916-4fb1-b0b7-ed706a08527d/rules responded 200 in 3.9138 ms {"SourceContext":"Serilog.AspNetCore.RequestLoggingMiddleware","RequestId":"0HNK2ONCBO4MA:0000002B","ConnectionId":"0HNK2ONCBO4MA","MachineName":"DESKTOP-EFV39HJ","ThreadId":43}
2026-03-15 17:02:24.251 -03:00 [INF] HTTP GET /api/companies responded 200 in 3.4184 ms {"SourceContext":"Serilog.AspNetCore.RequestLoggingMiddleware","RequestId":"0HNK2ONCBO4MA:0000002D","ConnectionId":"0HNK2ONCBO4MA","MachineName":"DESKTOP-EFV39HJ","ThreadId":46}
2026-03-15 17:02:24.277 -03:00 [INF] HTTP GET /api/companies/f899d9da-9916-4fb1-b0b7-ed706a08527d/rules responded 200 in 5.0341 ms {"SourceContext":"Serilog.AspNetCore.RequestLoggingMiddleware","RequestId":"0HNK2ONCBO4MA:0000002F","ConnectionId":"0HNK2ONCBO4MA","MachineName":"DESKTOP-EFV39HJ","ThreadId":26}
2026-03-15 17:07:38.497 -03:00 [INF] HTTP GET /api/companies responded 200 in 14.5205 ms {"SourceContext":"Serilog.AspNetCore.RequestLoggingMiddleware","RequestId":"0HNK2ONCBO4ME:00000002","ConnectionId":"0HNK2ONCBO4ME","MachineName":"DESKTOP-EFV39HJ","ThreadId":3}
2026-03-15 17:07:38.513 -03:00 [INF] HTTP GET /api/companies/f899d9da-9916-4fb1-b0b7-ed706a08527d/rules responded 200 in 2.9216 ms {"SourceContext":"Serilog.AspNetCore.RequestLoggingMiddleware","RequestId":"0HNK2ONCBO4ME:00000004","ConnectionId":"0HNK2ONCBO4ME","MachineName":"DESKTOP-EFV39HJ","ThreadId":22}
2026-03-15 17:07:52.229 -03:00 [INF] HTTP GET /api/companies responded 200 in 2.8375 ms {"SourceContext":"Serilog.AspNetCore.RequestLoggingMiddleware","RequestId":"0HNK2ONCBO4ME:00000006","ConnectionId":"0HNK2ONCBO4ME","MachineName":"DESKTOP-EFV39HJ","ThreadId":22}
2026-03-15 17:07:52.291 -03:00 [INF] HTTP GET /api/companies/f899d9da-9916-4fb1-b0b7-ed706a08527d/rules responded 200 in 11.4483 ms {"SourceContext":"Serilog.AspNetCore.RequestLoggingMiddleware","RequestId":"0HNK2ONCBO4ME:00000008","ConnectionId":"0HNK2ONCBO4ME","MachineName":"DESKTOP-EFV39HJ","ThreadId":3}
2026-03-15 17:08:05.497 -03:00 [INF] HTTP GET /api/companies responded 200 in 2.6124 ms {"SourceContext":"Serilog.AspNetCore.RequestLoggingMiddleware","RequestId":"0HNK2ONCBO4ME:0000000A","ConnectionId":"0HNK2ONCBO4ME","MachineName":"DESKTOP-EFV39HJ","ThreadId":3}
2026-03-15 17:08:05.527 -03:00 [INF] HTTP GET /api/companies/f899d9da-9916-4fb1-b0b7-ed706a08527d/rules responded 200 in 3.2188 ms {"SourceContext":"Serilog.AspNetCore.RequestLoggingMiddleware","RequestId":"0HNK2ONCBO4ME:0000000C","ConnectionId":"0HNK2ONCBO4ME","MachineName":"DESKTOP-EFV39HJ","ThreadId":15}
2026-03-15 17:08:07.522 -03:00 [INF] HTTP GET /api/journal-entries responded 200 in 6.7025 ms {"SourceContext":"Serilog.AspNetCore.RequestLoggingMiddleware","RequestId":"0HNK2ONCBO4ME:0000000E","ConnectionId":"0HNK2ONCBO4ME","MachineName":"DESKTOP-EFV39HJ","ThreadId":15}
2026-03-15 17:08:09.410 -03:00 [INF] HTTP GET /api/companies/f899d9da-9916-4fb1-b0b7-ed706a08527d/rules responded 200 in 3.4390 ms {"SourceContext":"Serilog.AspNetCore.RequestLoggingMiddleware","RequestId":"0HNK2ONCBO4ME:0000000F","ConnectionId":"0HNK2ONCBO4ME","MachineName":"DESKTOP-EFV39HJ","ThreadId":22}
2026-03-15 17:10:33.185 -03:00 [INF] HTTP GET /api/companies responded 200 in 2.3697 ms {"SourceContext":"Serilog.AspNetCore.RequestLoggingMiddleware","RequestId":"0HNK2ONCBO4MF:00000002","ConnectionId":"0HNK2ONCBO4MF","MachineName":"DESKTOP-EFV39HJ","ThreadId":18}
2026-03-15 17:10:33.202 -03:00 [INF] HTTP GET /api/companies/f899d9da-9916-4fb1-b0b7-ed706a08527d/rules responded 200 in 3.0267 ms {"SourceContext":"Serilog.AspNetCore.RequestLoggingMiddleware","RequestId":"0HNK2ONCBO4MF:00000004","ConnectionId":"0HNK2ONCBO4MF","MachineName":"DESKTOP-EFV39HJ","ThreadId":18}
2026-03-15 17:11:00.209 -03:00 [INF] HTTP GET /api/companies responded 200 in 3.9177 ms {"SourceContext":"Serilog.AspNetCore.RequestLoggingMiddleware","RequestId":"0HNK2ONCBO4MF:00000006","ConnectionId":"0HNK2ONCBO4MF","MachineName":"DESKTOP-EFV39HJ","ThreadId":49}
2026-03-15 17:11:00.242 -03:00 [INF] HTTP GET /api/companies/f899d9da-9916-4fb1-b0b7-ed706a08527d/rules responded 200 in 10.4331 ms {"SourceContext":"Serilog.AspNetCore.RequestLoggingMiddleware","RequestId":"0HNK2ONCBO4MF:00000008","ConnectionId":"0HNK2ONCBO4MF","MachineName":"DESKTOP-EFV39HJ","ThreadId":49}
2026-03-15 17:11:37.355 -03:00 [INF] HTTP GET /api/companies responded 200 in 2.6837 ms {"SourceContext":"Serilog.AspNetCore.RequestLoggingMiddleware","RequestId":"0HNK2ONCBO4MF:0000000A","ConnectionId":"0HNK2ONCBO4MF","MachineName":"DESKTOP-EFV39HJ","ThreadId":12}
2026-03-15 17:11:37.375 -03:00 [INF] HTTP GET /api/companies/f899d9da-9916-4fb1-b0b7-ed706a08527d/rules responded 200 in 3.8260 ms {"SourceContext":"Serilog.AspNetCore.RequestLoggingMiddleware","RequestId":"0HNK2ONCBO4MF:0000000C","ConnectionId":"0HNK2ONCBO4MF","MachineName":"DESKTOP-EFV39HJ","ThreadId":49}
2026-03-15 17:11:43.449 -03:00 [INF] HTTP GET /api/companies/30381839-e513-4b2f-90a6-e2acfbdeaa74/rules responded 200 in 2.4465 ms {"SourceContext":"Serilog.AspNetCore.RequestLoggingMiddleware","RequestId":"0HNK2ONCBO4MF:0000000E","ConnectionId":"0HNK2ONCBO4MF","MachineName":"DESKTOP-EFV39HJ","ThreadId":49}
2026-03-15 17:11:45.968 -03:00 [INF] HTTP GET /api/companies/f899d9da-9916-4fb1-b0b7-ed706a08527d/rules responded 200 in 2.4535 ms {"SourceContext":"Serilog.AspNetCore.RequestLoggingMiddleware","RequestId":"0HNK2ONCBO4MF:00000010","ConnectionId":"0HNK2ONCBO4MF","MachineName":"DESKTOP-EFV39HJ","ThreadId":49}
2026-03-15 17:11:48.571 -03:00 [INF] HTTP GET /api/companies/30381839-e513-4b2f-90a6-e2acfbdeaa74/rules responded 200 in 2.3919 ms {"SourceContext":"Serilog.AspNetCore.RequestLoggingMiddleware","RequestId":"0HNK2ONCBO4MF:00000012","ConnectionId":"0HNK2ONCBO4MF","MachineName":"DESKTOP-EFV39HJ","ThreadId":12}
2026-03-15 17:11:54.121 -03:00 [INF] HTTP GET /api/companies/f899d9da-9916-4fb1-b0b7-ed706a08527d/rules responded 200 in 2.6038 ms {"SourceContext":"Serilog.AspNetCore.RequestLoggingMiddleware","RequestId":"0HNK2ONCBO4MF:00000014","ConnectionId":"0HNK2ONCBO4MF","MachineName":"DESKTOP-EFV39HJ","ThreadId":18}
2026-03-15 17:14:32.356 -03:00 [INF] HTTP GET /api/companies responded 200 in 2.5217 ms {"SourceContext":"Serilog.AspNetCore.RequestLoggingMiddleware","RequestId":"0HNK2ONCBO4MG:00000002","ConnectionId":"0HNK2ONCBO4MG","MachineName":"DESKTOP-EFV39HJ","ThreadId":50}
2026-03-15 17:14:32.388 -03:00 [INF] HTTP GET /api/companies/f899d9da-9916-4fb1-b0b7-ed706a08527d/rules responded 200 in 2.5988 ms {"SourceContext":"Serilog.AspNetCore.RequestLoggingMiddleware","RequestId":"0HNK2ONCBO4MG:00000004","ConnectionId":"0HNK2ONCBO4MG","MachineName":"DESKTOP-EFV39HJ","ThreadId":50}
2026-03-15 17:15:22.578 -03:00 [INF] HTTP GET /api/companies responded 200 in 2.6725 ms {"SourceContext":"Serilog.AspNetCore.RequestLoggingMiddleware","RequestId":"0HNK2ONCBO4MG:00000006","ConnectionId":"0HNK2ONCBO4MG","MachineName":"DESKTOP-EFV39HJ","ThreadId":21}
2026-03-15 17:15:22.598 -03:00 [INF] HTTP GET /api/companies/f899d9da-9916-4fb1-b0b7-ed706a08527d/rules responded 200 in 3.2030 ms {"SourceContext":"Serilog.AspNetCore.RequestLoggingMiddleware","RequestId":"0HNK2ONCBO4MG:00000008","ConnectionId":"0HNK2ONCBO4MG","MachineName":"DESKTOP-EFV39HJ","ThreadId":50}
2026-03-15 17:15:32.621 -03:00 [INF] HTTP GET /api/companies responded 200 in 2.7263 ms {"SourceContext":"Serilog.AspNetCore.RequestLoggingMiddleware","RequestId":"0HNK2ONCBO4MG:0000000A","ConnectionId":"0HNK2ONCBO4MG","MachineName":"DESKTOP-EFV39HJ","ThreadId":52}
2026-03-15 17:15:32.646 -03:00 [INF] HTTP GET /api/companies/f899d9da-9916-4fb1-b0b7-ed706a08527d/rules responded 200 in 7.5221 ms {"SourceContext":"Serilog.AspNetCore.RequestLoggingMiddleware","RequestId":"0HNK2ONCBO4MG:0000000C","ConnectionId":"0HNK2ONCBO4MG","MachineName":"DESKTOP-EFV39HJ","ThreadId":52}
2026-03-15 17:15:34.126 -03:00 [INF] HTTP GET /api/companies/30381839-e513-4b2f-90a6-e2acfbdeaa74/rules responded 200 in 2.4111 ms {"SourceContext":"Serilog.AspNetCore.RequestLoggingMiddleware","RequestId":"0HNK2ONCBO4MG:0000000E","ConnectionId":"0HNK2ONCBO4MG","MachineName":"DESKTOP-EFV39HJ","ThreadId":52}
2026-03-15 17:16:17.973 -03:00 [INF] HTTP GET /api/journal-entries responded 200 in 20.1077 ms {"SourceContext":"Serilog.AspNetCore.RequestLoggingMiddleware","RequestId":"0HNK2ONCBO4MG:00000010","ConnectionId":"0HNK2ONCBO4MG","MachineName":"DESKTOP-EFV39HJ","ThreadId":21}
2026-03-15 17:16:26.085 -03:00 [INF] HTTP GET /api/chart-of-accounts responded 200 in 2.6979 ms {"SourceContext":"Serilog.AspNetCore.RequestLoggingMiddleware","RequestId":"0HNK2ONCBO4MG:00000012","ConnectionId":"0HNK2ONCBO4MG","MachineName":"DESKTOP-EFV39HJ","ThreadId":50}
2026-03-15 17:16:26.088 -03:00 [INF] HTTP GET /api/companies responded 200 in 2.1270 ms {"SourceContext":"Serilog.AspNetCore.RequestLoggingMiddleware","RequestId":"0HNK2ONCBO4MH:00000003","ConnectionId":"0HNK2ONCBO4MH","MachineName":"DESKTOP-EFV39HJ","ThreadId":30}
2026-03-15 17:16:26.115 -03:00 [INF] HTTP GET /api/transactions responded 200 in 28.9332 ms {"SourceContext":"Serilog.AspNetCore.RequestLoggingMiddleware","RequestId":"0HNK2ONCBO4MI:00000001","ConnectionId":"0HNK2ONCBO4MI","MachineName":"DESKTOP-EFV39HJ","ThreadId":21}
2026-03-15 17:16:26.127 -03:00 [INF] HTTP GET /api/transactions responded 200 in 11.4510 ms {"SourceContext":"Serilog.AspNetCore.RequestLoggingMiddleware","RequestId":"0HNK2ONCBO4MH:00000004","ConnectionId":"0HNK2ONCBO4MH","MachineName":"DESKTOP-EFV39HJ","ThreadId":30}
2026-03-15 17:16:28.068 -03:00 [INF] HTTP GET /api/companies responded 200 in 2.0045 ms {"SourceContext":"Serilog.AspNetCore.RequestLoggingMiddleware","RequestId":"0HNK2ONCBO4MH:00000005","ConnectionId":"0HNK2ONCBO4MH","MachineName":"DESKTOP-EFV39HJ","ThreadId":52}
2026-03-15 17:16:28.082 -03:00 [INF] HTTP GET /api/transactions responded 200 in 9.5509 ms {"SourceContext":"Serilog.AspNetCore.RequestLoggingMiddleware","RequestId":"0HNK2ONCBO4MH:00000006","ConnectionId":"0HNK2ONCBO4MH","MachineName":"DESKTOP-EFV39HJ","ThreadId":30}
2026-03-15 17:16:28.971 -03:00 [INF] HTTP GET /api/transactions responded 200 in 12.1876 ms {"SourceContext":"Serilog.AspNetCore.RequestLoggingMiddleware","RequestId":"0HNK2ONCBO4MH:00000008","ConnectionId":"0HNK2ONCBO4MH","MachineName":"DESKTOP-EFV39HJ","ThreadId":30}
2026-03-15 17:16:34.821 -03:00 [INF] HTTP GET /api/transactions responded 200 in 11.3799 ms {"SourceContext":"Serilog.AspNetCore.RequestLoggingMiddleware","RequestId":"0HNK2ONCBO4MH:0000000A","ConnectionId":"0HNK2ONCBO4MH","MachineName":"DESKTOP-EFV39HJ","ThreadId":21}
2026-03-15 17:17:07.959 -03:00 [INF] HTTP POST /api/auth/login responded 200 in 35.9156 ms {"SourceContext":"Serilog.AspNetCore.RequestLoggingMiddleware","RequestId":"0HNK2ONCBO4MJ:00000002","ConnectionId":"0HNK2ONCBO4MJ","MachineName":"DESKTOP-EFV39HJ","ThreadId":52}
2026-03-15 17:17:07.985 -03:00 [INF] HTTP GET /api/companies responded 200 in 2.1007 ms {"SourceContext":"Serilog.AspNetCore.RequestLoggingMiddleware","RequestId":"0HNK2ONCBO4MJ:00000004","ConnectionId":"0HNK2ONCBO4MJ","MachineName":"DESKTOP-EFV39HJ","ThreadId":50}
2026-03-15 17:17:07.988 -03:00 [INF] HTTP GET /api/chart-of-accounts responded 200 in 1.9867 ms {"SourceContext":"Serilog.AspNetCore.RequestLoggingMiddleware","RequestId":"0HNK2ONCBO4MK:00000002","ConnectionId":"0HNK2ONCBO4MK","MachineName":"DESKTOP-EFV39HJ","ThreadId":27}
2026-03-15 17:17:07.988 -03:00 [INF] HTTP GET /api/companies responded 200 in 1.4310 ms {"SourceContext":"Serilog.AspNetCore.RequestLoggingMiddleware","RequestId":"0HNK2ONCBO4ML:00000001","ConnectionId":"0HNK2ONCBO4ML","MachineName":"DESKTOP-EFV39HJ","ThreadId":28}
2026-03-15 17:17:07.999 -03:00 [INF] HTTP GET /api/transactions responded 200 in 11.0572 ms {"SourceContext":"Serilog.AspNetCore.RequestLoggingMiddleware","RequestId":"0HNK2ONCBO4MJ:00000005","ConnectionId":"0HNK2ONCBO4MJ","MachineName":"DESKTOP-EFV39HJ","ThreadId":50}
2026-03-15 17:17:11.438 -03:00 [INF] HTTP GET /api/admin/stats responded 200 in 46.6934 ms {"SourceContext":"Serilog.AspNetCore.RequestLoggingMiddleware","RequestId":"0HNK2ONCBO4MJ:00000007","ConnectionId":"0HNK2ONCBO4MJ","MachineName":"DESKTOP-EFV39HJ","ThreadId":28}
2026-03-15 17:17:11.483 -03:00 [INF] HTTP GET /api/admin/users responded 200 in 40.4480 ms {"SourceContext":"Serilog.AspNetCore.RequestLoggingMiddleware","RequestId":"0HNK2ONCBO4MJ:00000009","ConnectionId":"0HNK2ONCBO4MJ","MachineName":"DESKTOP-EFV39HJ","ThreadId":27}
2026-03-15 17:17:43.643 -03:00 [INF] HTTP POST /api/auth/login responded 200 in 34.0345 ms {"SourceContext":"Serilog.AspNetCore.RequestLoggingMiddleware","RequestId":"0HNK2ONCBO4MH:0000000C","ConnectionId":"0HNK2ONCBO4MH","MachineName":"DESKTOP-EFV39HJ","ThreadId":23}
2026-03-15 17:17:43.662 -03:00 [INF] HTTP GET /api/companies responded 200 in 2.3957 ms {"SourceContext":"Serilog.AspNetCore.RequestLoggingMiddleware","RequestId":"0HNK2ONCBO4MI:00000002","ConnectionId":"0HNK2ONCBO4MI","MachineName":"DESKTOP-EFV39HJ","ThreadId":27}
2026-03-15 17:17:43.664 -03:00 [INF] HTTP GET /api/companies responded 200 in 1.7399 ms {"SourceContext":"Serilog.AspNetCore.RequestLoggingMiddleware","RequestId":"0HNK2ONCBO4MG:00000013","ConnectionId":"0HNK2ONCBO4MG","MachineName":"DESKTOP-EFV39HJ","ThreadId":50}
2026-03-15 17:17:43.675 -03:00 [INF] HTTP GET /api/transactions responded 200 in 13.9551 ms {"SourceContext":"Serilog.AspNetCore.RequestLoggingMiddleware","RequestId":"0HNK2ONCBO4MH:00000010","ConnectionId":"0HNK2ONCBO4MH","MachineName":"DESKTOP-EFV39HJ","ThreadId":28}
2026-03-15 17:17:43.687 -03:00 [INF] HTTP GET /api/transactions responded 200 in 11.4423 ms {"SourceContext":"Serilog.AspNetCore.RequestLoggingMiddleware","RequestId":"0HNK2ONCBO4MG:00000014","ConnectionId":"0HNK2ONCBO4MG","MachineName":"DESKTOP-EFV39HJ","ThreadId":28}
2026-03-15 17:17:43.698 -03:00 [INF] HTTP GET /api/transactions responded 200 in 10.4181 ms {"SourceContext":"Serilog.AspNetCore.RequestLoggingMiddleware","RequestId":"0HNK2ONCBO4MH:00000011","ConnectionId":"0HNK2ONCBO4MH","MachineName":"DESKTOP-EFV39HJ","ThreadId":28}
2026-03-15 17:17:54.298 -03:00 [INF] HTTP POST /api/auth/register-studio responded 200 in 45.8846 ms {"SourceContext":"Serilog.AspNetCore.RequestLoggingMiddleware","RequestId":"0HNK2ONCBO4MH:00000013","ConnectionId":"0HNK2ONCBO4MH","MachineName":"DESKTOP-EFV39HJ","ThreadId":28}
2026-03-15 17:17:54.313 -03:00 [INF] HTTP GET /api/companies responded 200 in 2.1171 ms {"SourceContext":"Serilog.AspNetCore.RequestLoggingMiddleware","RequestId":"0HNK2ONCBO4MH:00000016","ConnectionId":"0HNK2ONCBO4MH","MachineName":"DESKTOP-EFV39HJ","ThreadId":32}
2026-03-15 17:17:54.315 -03:00 [INF] HTTP GET /api/companies responded 200 in 1.2208 ms {"SourceContext":"Serilog.AspNetCore.RequestLoggingMiddleware","RequestId":"0HNK2ONCBO4MI:00000003","ConnectionId":"0HNK2ONCBO4MI","MachineName":"DESKTOP-EFV39HJ","ThreadId":28}
2026-03-15 17:17:54.325 -03:00 [INF] HTTP GET /api/transactions responded 200 in 13.5651 ms {"SourceContext":"Serilog.AspNetCore.RequestLoggingMiddleware","RequestId":"0HNK2ONCBO4MG:00000016","ConnectionId":"0HNK2ONCBO4MG","MachineName":"DESKTOP-EFV39HJ","ThreadId":27}
2026-03-15 17:17:54.336 -03:00 [INF] HTTP GET /api/transactions responded 200 in 11.2091 ms {"SourceContext":"Serilog.AspNetCore.RequestLoggingMiddleware","RequestId":"0HNK2ONCBO4MI:00000005","ConnectionId":"0HNK2ONCBO4MI","MachineName":"DESKTOP-EFV39HJ","ThreadId":28}
2026-03-15 17:17:56.579 -03:00 [INF] HTTP GET /api/companies responded 200 in 1.9378 ms {"SourceContext":"Serilog.AspNetCore.RequestLoggingMiddleware","RequestId":"0HNK2ONCBO4MI:00000006","ConnectionId":"0HNK2ONCBO4MI","MachineName":"DESKTOP-EFV39HJ","ThreadId":27}
2026-03-15 17:18:02.189 -03:00 [INF] HTTP GET /api/companies responded 200 in 1.9080 ms {"SourceContext":"Serilog.AspNetCore.RequestLoggingMiddleware","RequestId":"0HNK2ONCBO4MI:00000008","ConnectionId":"0HNK2ONCBO4MI","MachineName":"DESKTOP-EFV39HJ","ThreadId":32}
2026-03-15 17:18:13.667 -03:00 [INF] HTTP GET /api/companies responded 200 in 1.9698 ms {"SourceContext":"Serilog.AspNetCore.RequestLoggingMiddleware","RequestId":"0HNK2ONCBO4MG:00000018","ConnectionId":"0HNK2ONCBO4MG","MachineName":"DESKTOP-EFV39HJ","ThreadId":32}
2026-03-15 17:18:13.677 -03:00 [INF] HTTP GET /api/transactions responded 200 in 12.1333 ms {"SourceContext":"Serilog.AspNetCore.RequestLoggingMiddleware","RequestId":"0HNK2ONCBO4MI:0000000A","ConnectionId":"0HNK2ONCBO4MI","MachineName":"DESKTOP-EFV39HJ","ThreadId":32}
2026-03-15 17:18:15.311 -03:00 [INF] HTTP GET /api/companies responded 200 in 2.2160 ms {"SourceContext":"Serilog.AspNetCore.RequestLoggingMiddleware","RequestId":"0HNK2ONCBO4MI:0000000B","ConnectionId":"0HNK2ONCBO4MI","MachineName":"DESKTOP-EFV39HJ","ThreadId":32}
2026-03-15 17:18:15.320 -03:00 [INF] HTTP GET /api/transactions responded 200 in 11.1621 ms {"SourceContext":"Serilog.AspNetCore.RequestLoggingMiddleware","RequestId":"0HNK2ONCBO4MG:00000019","ConnectionId":"0HNK2ONCBO4MG","MachineName":"DESKTOP-EFV39HJ","ThreadId":32}
2026-03-15 17:18:21.179 -03:00 [INF] HTTP GET /api/companies responded 200 in 2.1799 ms {"SourceContext":"Serilog.AspNetCore.RequestLoggingMiddleware","RequestId":"0HNK2ONCBO4MI:0000000D","ConnectionId":"0HNK2ONCBO4MI","MachineName":"DESKTOP-EFV39HJ","ThreadId":28}
2026-03-15 17:18:21.188 -03:00 [INF] HTTP GET /api/transactions responded 200 in 11.2850 ms {"SourceContext":"Serilog.AspNetCore.RequestLoggingMiddleware","RequestId":"0HNK2ONCBO4MG:0000001B","ConnectionId":"0HNK2ONCBO4MG","MachineName":"DESKTOP-EFV39HJ","ThreadId":28}
2026-03-15 17:20:47.675 -03:00 [INF] HTTP GET /api/companies responded 200 in 13.4516 ms {"SourceContext":"Serilog.AspNetCore.RequestLoggingMiddleware","RequestId":"0HNK2ONCBO4MN:00000002","ConnectionId":"0HNK2ONCBO4MN","MachineName":"DESKTOP-EFV39HJ","ThreadId":27}
2026-03-15 17:20:49.396 -03:00 [INF] HTTP GET /api/companies responded 200 in 2.5291 ms {"SourceContext":"Serilog.AspNetCore.RequestLoggingMiddleware","RequestId":"0HNK2ONCBO4MN:00000004","ConnectionId":"0HNK2ONCBO4MN","MachineName":"DESKTOP-EFV39HJ","ThreadId":29}
2026-03-15 17:20:49.397 -03:00 [INF] HTTP GET /api/chart-of-accounts responded 200 in 1.9882 ms {"SourceContext":"Serilog.AspNetCore.RequestLoggingMiddleware","RequestId":"0HNK2ONCBO4MP:00000001","ConnectionId":"0HNK2ONCBO4MP","MachineName":"DESKTOP-EFV39HJ","ThreadId":27}
2026-03-15 17:20:49.408 -03:00 [INF] HTTP GET /api/transactions responded 200 in 12.0573 ms {"SourceContext":"Serilog.AspNetCore.RequestLoggingMiddleware","RequestId":"0HNK2ONCBO4MO:00000002","ConnectionId":"0HNK2ONCBO4MO","MachineName":"DESKTOP-EFV39HJ","ThreadId":27}
2026-03-15 17:20:51.826 -03:00 [INF] HTTP GET /api/companies responded 200 in 2.2068 ms {"SourceContext":"Serilog.AspNetCore.RequestLoggingMiddleware","RequestId":"0HNK2ONCBO4MO:00000003","ConnectionId":"0HNK2ONCBO4MO","MachineName":"DESKTOP-EFV39HJ","ThreadId":28}
2026-03-15 17:20:51.836 -03:00 [INF] HTTP GET /api/transactions responded 200 in 11.3791 ms {"SourceContext":"Serilog.AspNetCore.RequestLoggingMiddleware","RequestId":"0HNK2ONCBO4MP:00000002","ConnectionId":"0HNK2ONCBO4MP","MachineName":"DESKTOP-EFV39HJ","ThreadId":29}
2026-03-15 17:20:53.590 -03:00 [INF] HTTP GET /api/companies responded 200 in 1.6070 ms {"SourceContext":"Serilog.AspNetCore.RequestLoggingMiddleware","RequestId":"0HNK2ONCBO4MP:00000004","ConnectionId":"0HNK2ONCBO4MP","MachineName":"DESKTOP-EFV39HJ","ThreadId":29}
2026-03-15 17:20:53.599 -03:00 [INF] HTTP GET /api/transactions responded 200 in 12.0857 ms {"SourceContext":"Serilog.AspNetCore.RequestLoggingMiddleware","RequestId":"0HNK2ONCBO4MO:00000004","ConnectionId":"0HNK2ONCBO4MO","MachineName":"DESKTOP-EFV39HJ","ThreadId":27}
