2026-03-14 19:05:50.138 -03:00 [INF] ╔══════════════════════════════════════════════╗ {"SourceContext":"ContableAI.API","MachineName":"DESKTOP-EFV39HJ","ThreadId":11}
2026-03-14 19:05:50.158 -03:00 [INF] ║   ContableAI API  ▶  LISTO PARA OPERAR      ║ {"SourceContext":"ContableAI.API","MachineName":"DESKTOP-EFV39HJ","ThreadId":11}
2026-03-14 19:05:50.159 -03:00 [INF] ║   http://localhost:5284                       ║ {"SourceContext":"ContableAI.API","MachineName":"DESKTOP-EFV39HJ","ThreadId":11}
2026-03-14 19:05:50.162 -03:00 [INF] ╚══════════════════════════════════════════════╝ {"SourceContext":"ContableAI.API","MachineName":"DESKTOP-EFV39HJ","ThreadId":11}
2026-03-14 19:06:15.434 -03:00 [INF] HTTP GET /api/chart-of-accounts responded 200 in 91.3537 ms {"SourceContext":"Serilog.AspNetCore.RequestLoggingMiddleware","RequestId":"0HNK22NKK4MA9:00000002","ConnectionId":"0HNK22NKK4MA9","MachineName":"DESKTOP-EFV39HJ","ThreadId":12}
2026-03-14 19:06:15.434 -03:00 [INF] HTTP GET /api/companies responded 200 in 91.3678 ms {"SourceContext":"Serilog.AspNetCore.RequestLoggingMiddleware","RequestId":"0HNK22NKK4MA8:00000002","ConnectionId":"0HNK22NKK4MA8","MachineName":"DESKTOP-EFV39HJ","ThreadId":17}
2026-03-14 19:06:15.567 -03:00 [INF] HTTP GET /api/transactions responded 200 in 121.4382 ms {"SourceContext":"Serilog.AspNetCore.RequestLoggingMiddleware","RequestId":"0HNK22NKK4MA8:00000004","ConnectionId":"0HNK22NKK4MA8","MachineName":"DESKTOP-EFV39HJ","ThreadId":17}
2026-03-14 19:06:15.567 -03:00 [INF] HTTP GET /api/transactions responded 200 in 225.2988 ms {"SourceContext":"Serilog.AspNetCore.RequestLoggingMiddleware","RequestId":"0HNK22NKK4MA7:00000002","ConnectionId":"0HNK22NKK4MA7","MachineName":"DESKTOP-EFV39HJ","ThreadId":18}
2026-03-14 19:06:38.567 -03:00 [INF] HTTP DELETE /api/transactions responded 200 in 222.8794 ms {"SourceContext":"Serilog.AspNetCore.RequestLoggingMiddleware","RequestId":"0HNK22NKK4MA7:00000004","ConnectionId":"0HNK22NKK4MA7","MachineName":"DESKTOP-EFV39HJ","ThreadId":12}
2026-03-14 19:10:18.489 -03:00 [INF] HTTP POST /api/transactions/upload responded 200 in 2067.8129 ms {"SourceContext":"Serilog.AspNetCore.RequestLoggingMiddleware","RequestId":"0HNK22NKK4MAA:00000002","ConnectionId":"0HNK22NKK4MAA","MachineName":"DESKTOP-EFV39HJ","ThreadId":22}
2026-03-14 19:10:18.554 -03:00 [INF] HTTP GET /api/transactions responded 200 in 60.1181 ms {"SourceContext":"Serilog.AspNetCore.RequestLoggingMiddleware","RequestId":"0HNK22NKK4MAA:00000004","ConnectionId":"0HNK22NKK4MAA","MachineName":"DESKTOP-EFV39HJ","ThreadId":22}
2026-03-14 19:10:21.438 -03:00 [INF] HTTP GET /api/transactions responded 200 in 36.7836 ms {"SourceContext":"Serilog.AspNetCore.RequestLoggingMiddleware","RequestId":"0HNK22NKK4MAA:00000006","ConnectionId":"0HNK22NKK4MAA","MachineName":"DESKTOP-EFV39HJ","ThreadId":27}
2026-03-14 19:10:25.065 -03:00 [INF] HTTP GET /api/transactions responded 200 in 35.4720 ms {"SourceContext":"Serilog.AspNetCore.RequestLoggingMiddleware","RequestId":"0HNK22NKK4MAA:00000008","ConnectionId":"0HNK22NKK4MAA","MachineName":"DESKTOP-EFV39HJ","ThreadId":25}
2026-03-14 19:10:33.476 -03:00 [INF] HTTP GET /api/transactions responded 200 in 30.3641 ms {"SourceContext":"Serilog.AspNetCore.RequestLoggingMiddleware","RequestId":"0HNK22NKK4MAA:0000000A","ConnectionId":"0HNK22NKK4MAA","MachineName":"DESKTOP-EFV39HJ","ThreadId":22}
2026-03-14 19:10:34.782 -03:00 [INF] HTTP GET /api/transactions responded 200 in 33.9177 ms {"SourceContext":"Serilog.AspNetCore.RequestLoggingMiddleware","RequestId":"0HNK22NKK4MAA:0000000C","ConnectionId":"0HNK22NKK4MAA","MachineName":"DESKTOP-EFV39HJ","ThreadId":22}
2026-03-14 19:10:35.346 -03:00 [INF] HTTP GET /api/transactions responded 200 in 28.0067 ms {"SourceContext":"Serilog.AspNetCore.RequestLoggingMiddleware","RequestId":"0HNK22NKK4MAA:0000000E","ConnectionId":"0HNK22NKK4MAA","MachineName":"DESKTOP-EFV39HJ","ThreadId":25}
2026-03-14 19:10:37.332 -03:00 [INF] HTTP GET /api/transactions responded 200 in 39.0651 ms {"SourceContext":"Serilog.AspNetCore.RequestLoggingMiddleware","RequestId":"0HNK22NKK4MAA:00000010","ConnectionId":"0HNK22NKK4MAA","MachineName":"DESKTOP-EFV39HJ","ThreadId":22}
2026-03-14 19:10:38.566 -03:00 [INF] HTTP GET /api/transactions responded 200 in 28.3373 ms {"SourceContext":"Serilog.AspNetCore.RequestLoggingMiddleware","RequestId":"0HNK22NKK4MAA:00000012","ConnectionId":"0HNK22NKK4MAA","MachineName":"DESKTOP-EFV39HJ","ThreadId":22}
2026-03-14 19:10:41.973 -03:00 [INF] HTTP GET /api/transactions responded 200 in 30.3124 ms {"SourceContext":"Serilog.AspNetCore.RequestLoggingMiddleware","RequestId":"0HNK22NKK4MAA:00000014","ConnectionId":"0HNK22NKK4MAA","MachineName":"DESKTOP-EFV39HJ","ThreadId":22}
2026-03-14 19:10:45.422 -03:00 [INF] HTTP GET /api/transactions responded 200 in 28.9464 ms {"SourceContext":"Serilog.AspNetCore.RequestLoggingMiddleware","RequestId":"0HNK22NKK4MAA:00000016","ConnectionId":"0HNK22NKK4MAA","MachineName":"DESKTOP-EFV39HJ","ThreadId":25}
2026-03-14 19:10:58.653 -03:00 [INF] HTTP GET /api/journal-entries responded 200 in 66.5432 ms {"SourceContext":"Serilog.AspNetCore.RequestLoggingMiddleware","RequestId":"0HNK22NKK4MAA:00000018","ConnectionId":"0HNK22NKK4MAA","MachineName":"DESKTOP-EFV39HJ","ThreadId":22}
2026-03-14 19:11:02.677 -03:00 [INF] HTTP DELETE /api/journal-entries responded 200 in 1002.1558 ms {"SourceContext":"Serilog.AspNetCore.RequestLoggingMiddleware","RequestId":"0HNK22NKK4MAA:0000001A","ConnectionId":"0HNK22NKK4MAA","MachineName":"DESKTOP-EFV39HJ","ThreadId":25}
2026-03-14 19:11:02.688 -03:00 [INF] HTTP GET /api/journal-entries responded 200 in 6.7241 ms {"SourceContext":"Serilog.AspNetCore.RequestLoggingMiddleware","RequestId":"0HNK22NKK4MAA:0000001B","ConnectionId":"0HNK22NKK4MAA","MachineName":"DESKTOP-EFV39HJ","ThreadId":22}
2026-03-14 19:11:03.468 -03:00 [INF] HTTP GET /api/companies responded 200 in 2.5907 ms {"SourceContext":"Serilog.AspNetCore.RequestLoggingMiddleware","RequestId":"0HNK22NKK4MAB:00000002","ConnectionId":"0HNK22NKK4MAB","MachineName":"DESKTOP-EFV39HJ","ThreadId":22}
2026-03-14 19:11:03.496 -03:00 [INF] HTTP GET /api/transactions responded 200 in 30.8686 ms {"SourceContext":"Serilog.AspNetCore.RequestLoggingMiddleware","RequestId":"0HNK22NKK4MAA:0000001D","ConnectionId":"0HNK22NKK4MAA","MachineName":"DESKTOP-EFV39HJ","ThreadId":22}
2026-03-14 19:11:03.526 -03:00 [INF] HTTP GET /api/transactions responded 200 in 28.8853 ms {"SourceContext":"Serilog.AspNetCore.RequestLoggingMiddleware","RequestId":"0HNK22NKK4MAB:00000003","ConnectionId":"0HNK22NKK4MAB","MachineName":"DESKTOP-EFV39HJ","ThreadId":25}
2026-03-14 19:11:04.770 -03:00 [INF] HTTP GET /api/transactions/unbooked-ids responded 200 in 12.4947 ms {"SourceContext":"Serilog.AspNetCore.RequestLoggingMiddleware","RequestId":"0HNK22NKK4MAB:00000005","ConnectionId":"0HNK22NKK4MAB","MachineName":"DESKTOP-EFV39HJ","ThreadId":22}
2026-03-14 19:11:07.155 -03:00 [INF] HTTP POST /api/journal-entries/generate responded 200 in 2379.5663 ms {"SourceContext":"Serilog.AspNetCore.RequestLoggingMiddleware","RequestId":"0HNK22NKK4MAB:00000007","ConnectionId":"0HNK22NKK4MAB","MachineName":"DESKTOP-EFV39HJ","ThreadId":25}
2026-03-14 19:11:14.019 -03:00 [INF] HTTP GET /api/transactions responded 200 in 42.8030 ms {"SourceContext":"Serilog.AspNetCore.RequestLoggingMiddleware","RequestId":"0HNK22NKK4MAB:00000009","ConnectionId":"0HNK22NKK4MAB","MachineName":"DESKTOP-EFV39HJ","ThreadId":25}
2026-03-14 19:11:16.382 -03:00 [INF] HTTP GET /api/transactions responded 200 in 28.0713 ms {"SourceContext":"Serilog.AspNetCore.RequestLoggingMiddleware","RequestId":"0HNK22NKK4MAB:0000000B","ConnectionId":"0HNK22NKK4MAB","MachineName":"DESKTOP-EFV39HJ","ThreadId":25}
2026-03-14 19:11:18.293 -03:00 [INF] HTTP GET /api/journal-entries responded 200 in 59.1427 ms {"SourceContext":"Serilog.AspNetCore.RequestLoggingMiddleware","RequestId":"0HNK22NKK4MAB:0000000D","ConnectionId":"0HNK22NKK4MAB","MachineName":"DESKTOP-EFV39HJ","ThreadId":25}
2026-03-14 19:11:19.316 -03:00 [INF] HTTP GET /api/companies responded 200 in 2.3164 ms {"SourceContext":"Serilog.AspNetCore.RequestLoggingMiddleware","RequestId":"0HNK22NKK4MAB:0000000F","ConnectionId":"0HNK22NKK4MAB","MachineName":"DESKTOP-EFV39HJ","ThreadId":27}
2026-03-14 19:11:19.344 -03:00 [INF] HTTP GET /api/transactions responded 200 in 32.4717 ms {"SourceContext":"Serilog.AspNetCore.RequestLoggingMiddleware","RequestId":"0HNK22NKK4MAA:0000001E","ConnectionId":"0HNK22NKK4MAA","MachineName":"DESKTOP-EFV39HJ","ThreadId":10}
2026-03-14 19:11:19.375 -03:00 [INF] HTTP GET /api/transactions responded 200 in 29.9074 ms {"SourceContext":"Serilog.AspNetCore.RequestLoggingMiddleware","RequestId":"0HNK22NKK4MAB:00000010","ConnectionId":"0HNK22NKK4MAB","MachineName":"DESKTOP-EFV39HJ","ThreadId":25}
2026-03-14 19:11:20.277 -03:00 [INF] HTTP GET /api/journal-entries responded 200 in 50.6077 ms {"SourceContext":"Serilog.AspNetCore.RequestLoggingMiddleware","RequestId":"0HNK22NKK4MAB:00000011","ConnectionId":"0HNK22NKK4MAB","MachineName":"DESKTOP-EFV39HJ","ThreadId":10}
2026-03-14 19:11:22.426 -03:00 [INF] HTTP GET /api/companies responded 200 in 2.6792 ms {"SourceContext":"Serilog.AspNetCore.RequestLoggingMiddleware","RequestId":"0HNK22NKK4MAB:00000012","ConnectionId":"0HNK22NKK4MAB","MachineName":"DESKTOP-EFV39HJ","ThreadId":27}
2026-03-14 19:11:22.455 -03:00 [INF] HTTP GET /api/transactions responded 200 in 30.1503 ms {"SourceContext":"Serilog.AspNetCore.RequestLoggingMiddleware","RequestId":"0HNK22NKK4MAA:00000020","ConnectionId":"0HNK22NKK4MAA","MachineName":"DESKTOP-EFV39HJ","ThreadId":25}
2026-03-14 19:11:22.490 -03:00 [INF] HTTP GET /api/transactions responded 200 in 34.2826 ms {"SourceContext":"Serilog.AspNetCore.RequestLoggingMiddleware","RequestId":"0HNK22NKK4MAB:00000013","ConnectionId":"0HNK22NKK4MAB","MachineName":"DESKTOP-EFV39HJ","ThreadId":25}
2026-03-14 19:11:23.413 -03:00 [INF] HTTP GET /api/journal-entries responded 200 in 27.2525 ms {"SourceContext":"Serilog.AspNetCore.RequestLoggingMiddleware","RequestId":"0HNK22NKK4MAB:00000015","ConnectionId":"0HNK22NKK4MAB","MachineName":"DESKTOP-EFV39HJ","ThreadId":22}
2026-03-14 19:11:30.189 -03:00 [INF] HTTP GET /api/journal-entries/export responded 200 in 665.5785 ms {"SourceContext":"Serilog.AspNetCore.RequestLoggingMiddleware","RequestId":"0HNK22NKK4MAB:00000017","ConnectionId":"0HNK22NKK4MAB","MachineName":"DESKTOP-EFV39HJ","ThreadId":22}
2026-03-14 19:11:34.506 -03:00 [INF] HTTP GET /api/journal-entries/export/holistor responded 200 in 47.5648 ms {"SourceContext":"Serilog.AspNetCore.RequestLoggingMiddleware","RequestId":"0HNK22NKK4MAB:00000019","ConnectionId":"0HNK22NKK4MAB","MachineName":"DESKTOP-EFV39HJ","ThreadId":25}
2026-03-14 19:14:42.885 -03:00 [INF] HTTP GET /api/journal-entries/export responded 200 in 42.7301 ms {"SourceContext":"Serilog.AspNetCore.RequestLoggingMiddleware","RequestId":"0HNK22NKK4MAC:00000002","ConnectionId":"0HNK22NKK4MAC","MachineName":"DESKTOP-EFV39HJ","ThreadId":23}
2026-03-14 19:14:45.689 -03:00 [INF] HTTP GET /api/journal-entries/export/bejerman responded 200 in 19.5586 ms {"SourceContext":"Serilog.AspNetCore.RequestLoggingMiddleware","RequestId":"0HNK22NKK4MAC:00000004","ConnectionId":"0HNK22NKK4MAC","MachineName":"DESKTOP-EFV39HJ","ThreadId":25}
2026-03-14 19:14:48.930 -03:00 [INF] HTTP GET /api/journal-entries/export/holistor responded 200 in 5.2518 ms {"SourceContext":"Serilog.AspNetCore.RequestLoggingMiddleware","RequestId":"0HNK22NKK4MAC:00000006","ConnectionId":"0HNK22NKK4MAC","MachineName":"DESKTOP-EFV39HJ","ThreadId":8}
2026-03-14 19:15:12.222 -03:00 [INF] HTTP GET /api/journal-entries/export/holistor responded 200 in 31.2491 ms {"SourceContext":"Serilog.AspNetCore.RequestLoggingMiddleware","RequestId":"0HNK22NKK4MAC:00000008","ConnectionId":"0HNK22NKK4MAC","MachineName":"DESKTOP-EFV39HJ","ThreadId":25}
2026-03-14 19:15:23.365 -03:00 [INF] HTTP GET /api/journal-entries/export responded 200 in 21.7657 ms {"SourceContext":"Serilog.AspNetCore.RequestLoggingMiddleware","RequestId":"0HNK22NKK4MAF:00000002","ConnectionId":"0HNK22NKK4MAF","MachineName":"DESKTOP-EFV39HJ","ThreadId":8}
2026-03-14 19:23:02.164 -03:00 [INF] ╔══════════════════════════════════════════════╗ {"SourceContext":"ContableAI.API","MachineName":"DESKTOP-EFV39HJ","ThreadId":11}
2026-03-14 19:23:02.184 -03:00 [INF] ║   ContableAI API  ▶  LISTO PARA OPERAR      ║ {"SourceContext":"ContableAI.API","MachineName":"DESKTOP-EFV39HJ","ThreadId":11}
2026-03-14 19:23:02.186 -03:00 [INF] ║   http://localhost:5284                       ║ {"SourceContext":"ContableAI.API","MachineName":"DESKTOP-EFV39HJ","ThreadId":11}
2026-03-14 19:23:02.188 -03:00 [INF] ╚══════════════════════════════════════════════╝ {"SourceContext":"ContableAI.API","MachineName":"DESKTOP-EFV39HJ","ThreadId":11}
2026-03-14 19:23:07.829 -03:00 [INF] HTTP GET /api/journal-entries responded 200 in 184.0698 ms {"SourceContext":"Serilog.AspNetCore.RequestLoggingMiddleware","RequestId":"0HNK2312A6RSS:00000002","ConnectionId":"0HNK2312A6RSS","MachineName":"DESKTOP-EFV39HJ","ThreadId":8}
2026-03-14 19:23:08.278 -03:00 [INF] HTTP GET /api/chart-of-accounts responded 200 in 54.7371 ms {"SourceContext":"Serilog.AspNetCore.RequestLoggingMiddleware","RequestId":"0HNK2312A6RSS:00000005","ConnectionId":"0HNK2312A6RSS","MachineName":"DESKTOP-EFV39HJ","ThreadId":16}
2026-03-14 19:23:08.285 -03:00 [INF] HTTP GET /api/companies responded 200 in 62.1438 ms {"SourceContext":"Serilog.AspNetCore.RequestLoggingMiddleware","RequestId":"0HNK2312A6RST:00000002","ConnectionId":"0HNK2312A6RST","MachineName":"DESKTOP-EFV39HJ","ThreadId":10}
2026-03-14 19:23:08.361 -03:00 [INF] HTTP GET /api/transactions responded 200 in 70.5450 ms {"SourceContext":"Serilog.AspNetCore.RequestLoggingMiddleware","RequestId":"0HNK2312A6RST:00000004","ConnectionId":"0HNK2312A6RST","MachineName":"DESKTOP-EFV39HJ","ThreadId":15}
2026-03-14 19:23:08.361 -03:00 [INF] HTTP GET /api/transactions responded 200 in 137.9772 ms {"SourceContext":"Serilog.AspNetCore.RequestLoggingMiddleware","RequestId":"0HNK2312A6RSU:00000001","ConnectionId":"0HNK2312A6RSU","MachineName":"DESKTOP-EFV39HJ","ThreadId":10}
2026-03-14 19:23:10.600 -03:00 [INF] HTTP GET /api/companies responded 200 in 6.0959 ms {"SourceContext":"Serilog.AspNetCore.RequestLoggingMiddleware","RequestId":"0HNK2312A6RST:00000005","ConnectionId":"0HNK2312A6RST","MachineName":"DESKTOP-EFV39HJ","ThreadId":10}
2026-03-14 19:23:10.612 -03:00 [INF] HTTP GET /api/chart-of-accounts responded 200 in 17.8663 ms {"SourceContext":"Serilog.AspNetCore.RequestLoggingMiddleware","RequestId":"0HNK2312A6RSU:00000002","ConnectionId":"0HNK2312A6RSU","MachineName":"DESKTOP-EFV39HJ","ThreadId":10}
2026-03-14 19:23:10.637 -03:00 [INF] HTTP GET /api/transactions responded 200 in 41.8150 ms {"SourceContext":"Serilog.AspNetCore.RequestLoggingMiddleware","RequestId":"0HNK2312A6RSS:00000006","ConnectionId":"0HNK2312A6RSS","MachineName":"DESKTOP-EFV39HJ","ThreadId":16}
2026-03-14 19:23:10.674 -03:00 [INF] HTTP GET /api/transactions responded 200 in 56.9140 ms {"SourceContext":"Serilog.AspNetCore.RequestLoggingMiddleware","RequestId":"0HNK2312A6RST:00000006","ConnectionId":"0HNK2312A6RST","MachineName":"DESKTOP-EFV39HJ","ThreadId":10}
2026-03-14 19:23:12.086 -03:00 [INF] HTTP GET /api/journal-entries responded 200 in 45.2053 ms {"SourceContext":"Serilog.AspNetCore.RequestLoggingMiddleware","RequestId":"0HNK2312A6RST:00000008","ConnectionId":"0HNK2312A6RST","MachineName":"DESKTOP-EFV39HJ","ThreadId":15}
2026-03-14 19:23:19.258 -03:00 [INF] HTTP POST /api/journal-entries/export responded 200 in 836.1011 ms {"SourceContext":"Serilog.AspNetCore.RequestLoggingMiddleware","RequestId":"0HNK2312A6RST:0000000A","ConnectionId":"0HNK2312A6RST","MachineName":"DESKTOP-EFV39HJ","ThreadId":14}
2026-03-14 19:24:33.930 -03:00 [INF] HTTP POST /api/journal-entries/export responded 200 in 384.6654 ms {"SourceContext":"Serilog.AspNetCore.RequestLoggingMiddleware","RequestId":"0HNK2312A6RST:0000000C","ConnectionId":"0HNK2312A6RST","MachineName":"DESKTOP-EFV39HJ","ThreadId":18}
2026-03-14 19:25:42.376 -03:00 [INF] HTTP GET /api/companies/30381839-e513-4b2f-90a6-e2acfbdeaa74/rules responded 200 in 13.8779 ms {"SourceContext":"Serilog.AspNetCore.RequestLoggingMiddleware","RequestId":"0HNK2312A6RST:0000000E","ConnectionId":"0HNK2312A6RST","MachineName":"DESKTOP-EFV39HJ","ThreadId":12}
2026-03-14 19:25:46.221 -03:00 [INF] HTTP GET /api/journal-entries responded 200 in 26.8795 ms {"SourceContext":"Serilog.AspNetCore.RequestLoggingMiddleware","RequestId":"0HNK2312A6RST:00000010","ConnectionId":"0HNK2312A6RST","MachineName":"DESKTOP-EFV39HJ","ThreadId":15}
2026-03-14 19:25:46.835 -03:00 [INF] HTTP GET /api/companies responded 200 in 2.5002 ms {"SourceContext":"Serilog.AspNetCore.RequestLoggingMiddleware","RequestId":"0HNK2312A6RSV:00000002","ConnectionId":"0HNK2312A6RSV","MachineName":"DESKTOP-EFV39HJ","ThreadId":3}
2026-03-14 19:25:46.866 -03:00 [INF] HTTP GET /api/transactions responded 200 in 33.3606 ms {"SourceContext":"Serilog.AspNetCore.RequestLoggingMiddleware","RequestId":"0HNK2312A6RST:00000012","ConnectionId":"0HNK2312A6RST","MachineName":"DESKTOP-EFV39HJ","ThreadId":3}
2026-03-14 19:25:46.895 -03:00 [INF] HTTP GET /api/transactions responded 200 in 29.1079 ms {"SourceContext":"Serilog.AspNetCore.RequestLoggingMiddleware","RequestId":"0HNK2312A6RSV:00000003","ConnectionId":"0HNK2312A6RSV","MachineName":"DESKTOP-EFV39HJ","ThreadId":3}
2026-03-14 19:25:47.639 -03:00 [INF] HTTP GET /api/companies/30381839-e513-4b2f-90a6-e2acfbdeaa74/rules responded 200 in 3.8810 ms {"SourceContext":"Serilog.AspNetCore.RequestLoggingMiddleware","RequestId":"0HNK2312A6RSV:00000005","ConnectionId":"0HNK2312A6RSV","MachineName":"DESKTOP-EFV39HJ","ThreadId":3}
2026-03-14 19:32:12.456 -03:00 [INF] HTTP GET /api/chart-of-accounts responded 200 in 11.7128 ms {"SourceContext":"Serilog.AspNetCore.RequestLoggingMiddleware","RequestId":"0HNK2312A6RT0:00000003","ConnectionId":"0HNK2312A6RT0","MachineName":"DESKTOP-EFV39HJ","ThreadId":26}
2026-03-14 19:32:12.463 -03:00 [INF] HTTP GET /api/companies responded 200 in 18.8473 ms {"SourceContext":"Serilog.AspNetCore.RequestLoggingMiddleware","RequestId":"0HNK2312A6RT1:00000002","ConnectionId":"0HNK2312A6RT1","MachineName":"DESKTOP-EFV39HJ","ThreadId":26}
2026-03-14 19:32:12.482 -03:00 [INF] HTTP GET /api/transactions responded 200 in 37.7732 ms {"SourceContext":"Serilog.AspNetCore.RequestLoggingMiddleware","RequestId":"0HNK2312A6RT2:00000001","ConnectionId":"0HNK2312A6RT2","MachineName":"DESKTOP-EFV39HJ","ThreadId":23}
2026-03-14 19:32:12.495 -03:00 [INF] HTTP GET /api/transactions responded 200 in 26.6578 ms {"SourceContext":"Serilog.AspNetCore.RequestLoggingMiddleware","RequestId":"0HNK2312A6RT1:00000004","ConnectionId":"0HNK2312A6RT1","MachineName":"DESKTOP-EFV39HJ","ThreadId":26}
2026-03-14 19:34:00.363 -03:00 [INF] HTTP GET /api/chart-of-accounts responded 200 in 2.9493 ms {"SourceContext":"Serilog.AspNetCore.RequestLoggingMiddleware","RequestId":"0HNK2312A6RT1:00000006","ConnectionId":"0HNK2312A6RT1","MachineName":"DESKTOP-EFV39HJ","ThreadId":21}
2026-03-14 19:36:40.452 -03:00 [INF] HTTP GET /api/chart-of-accounts responded 200 in 3.1141 ms {"SourceContext":"Serilog.AspNetCore.RequestLoggingMiddleware","RequestId":"0HNK2312A6RT3:00000002","ConnectionId":"0HNK2312A6RT3","MachineName":"DESKTOP-EFV39HJ","ThreadId":32}
2026-03-14 19:36:42.367 -03:00 [INF] HTTP GET /api/companies responded 200 in 2.4175 ms {"SourceContext":"Serilog.AspNetCore.RequestLoggingMiddleware","RequestId":"0HNK2312A6RT4:00000002","ConnectionId":"0HNK2312A6RT4","MachineName":"DESKTOP-EFV39HJ","ThreadId":23}
2026-03-14 19:36:42.391 -03:00 [INF] HTTP GET /api/transactions responded 200 in 26.7792 ms {"SourceContext":"Serilog.AspNetCore.RequestLoggingMiddleware","RequestId":"0HNK2312A6RT3:00000004","ConnectionId":"0HNK2312A6RT3","MachineName":"DESKTOP-EFV39HJ","ThreadId":35}
2026-03-14 19:36:42.410 -03:00 [INF] HTTP GET /api/transactions responded 200 in 33.5844 ms {"SourceContext":"Serilog.AspNetCore.RequestLoggingMiddleware","RequestId":"0HNK2312A6RT4:00000004","ConnectionId":"0HNK2312A6RT4","MachineName":"DESKTOP-EFV39HJ","ThreadId":35}
2026-03-14 19:36:44.462 -03:00 [INF] HTTP GET /api/companies/30381839-e513-4b2f-90a6-e2acfbdeaa74/rules responded 200 in 5.0493 ms {"SourceContext":"Serilog.AspNetCore.RequestLoggingMiddleware","RequestId":"0HNK2312A6RT4:00000006","ConnectionId":"0HNK2312A6RT4","MachineName":"DESKTOP-EFV39HJ","ThreadId":23}
2026-03-14 19:40:43.368 -03:00 [INF] HTTP GET /api/chart-of-accounts responded 200 in 3.3083 ms {"SourceContext":"Serilog.AspNetCore.RequestLoggingMiddleware","RequestId":"0HNK2312A6RT5:00000002","ConnectionId":"0HNK2312A6RT5","MachineName":"DESKTOP-EFV39HJ","ThreadId":36}
2026-03-14 19:40:46.280 -03:00 [INF] HTTP GET /api/companies responded 200 in 3.2630 ms {"SourceContext":"Serilog.AspNetCore.RequestLoggingMiddleware","RequestId":"0HNK2312A6RT6:00000002","ConnectionId":"0HNK2312A6RT6","MachineName":"DESKTOP-EFV39HJ","ThreadId":35}
2026-03-14 19:40:46.304 -03:00 [INF] HTTP GET /api/transactions responded 200 in 26.6126 ms {"SourceContext":"Serilog.AspNetCore.RequestLoggingMiddleware","RequestId":"0HNK2312A6RT5:00000004","ConnectionId":"0HNK2312A6RT5","MachineName":"DESKTOP-EFV39HJ","ThreadId":34}
2026-03-14 19:40:46.321 -03:00 [INF] HTTP GET /api/transactions responded 200 in 31.4052 ms {"SourceContext":"Serilog.AspNetCore.RequestLoggingMiddleware","RequestId":"0HNK2312A6RT6:00000004","ConnectionId":"0HNK2312A6RT6","MachineName":"DESKTOP-EFV39HJ","ThreadId":36}
2026-03-14 19:40:46.953 -03:00 [INF] HTTP GET /api/companies/30381839-e513-4b2f-90a6-e2acfbdeaa74/rules responded 200 in 3.9588 ms {"SourceContext":"Serilog.AspNetCore.RequestLoggingMiddleware","RequestId":"0HNK2312A6RT6:00000006","ConnectionId":"0HNK2312A6RT6","MachineName":"DESKTOP-EFV39HJ","ThreadId":34}
2026-03-14 19:42:10.163 -03:00 [INF] HTTP GET /api/journal-entries responded 200 in 30.1828 ms {"SourceContext":"Serilog.AspNetCore.RequestLoggingMiddleware","RequestId":"0HNK2312A6RT6:00000008","ConnectionId":"0HNK2312A6RT6","MachineName":"DESKTOP-EFV39HJ","ThreadId":36}
2026-03-14 19:42:11.629 -03:00 [INF] HTTP GET /api/companies/30381839-e513-4b2f-90a6-e2acfbdeaa74/rules responded 200 in 2.8394 ms {"SourceContext":"Serilog.AspNetCore.RequestLoggingMiddleware","RequestId":"0HNK2312A6RT6:0000000A","ConnectionId":"0HNK2312A6RT6","MachineName":"DESKTOP-EFV39HJ","ThreadId":34}
2026-03-14 19:42:13.110 -03:00 [INF] HTTP GET /api/chart-of-accounts responded 200 in 3.4349 ms {"SourceContext":"Serilog.AspNetCore.RequestLoggingMiddleware","RequestId":"0HNK2312A6RT6:0000000C","ConnectionId":"0HNK2312A6RT6","MachineName":"DESKTOP-EFV39HJ","ThreadId":34}
2026-03-14 19:42:14.828 -03:00 [INF] HTTP GET /api/companies responded 200 in 3.0901 ms {"SourceContext":"Serilog.AspNetCore.RequestLoggingMiddleware","RequestId":"0HNK2312A6RT5:00000006","ConnectionId":"0HNK2312A6RT5","MachineName":"DESKTOP-EFV39HJ","ThreadId":36}
2026-03-14 19:42:14.866 -03:00 [INF] HTTP GET /api/transactions responded 200 in 41.4777 ms {"SourceContext":"Serilog.AspNetCore.RequestLoggingMiddleware","RequestId":"0HNK2312A6RT6:0000000E","ConnectionId":"0HNK2312A6RT6","MachineName":"DESKTOP-EFV39HJ","ThreadId":34}
2026-03-14 19:42:14.889 -03:00 [INF] HTTP GET /api/transactions responded 200 in 35.6852 ms {"SourceContext":"Serilog.AspNetCore.RequestLoggingMiddleware","RequestId":"0HNK2312A6RT5:00000008","ConnectionId":"0HNK2312A6RT5","MachineName":"DESKTOP-EFV39HJ","ThreadId":34}
2026-03-14 19:42:16.061 -03:00 [INF] HTTP GET /api/journal-entries responded 200 in 47.6636 ms {"SourceContext":"Serilog.AspNetCore.RequestLoggingMiddleware","RequestId":"0HNK2312A6RT5:0000000A","ConnectionId":"0HNK2312A6RT5","MachineName":"DESKTOP-EFV39HJ","ThreadId":36}
2026-03-14 19:42:17.410 -03:00 [INF] HTTP GET /api/journal-entries responded 200 in 49.1672 ms {"SourceContext":"Serilog.AspNetCore.RequestLoggingMiddleware","RequestId":"0HNK2312A6RT5:0000000C","ConnectionId":"0HNK2312A6RT5","MachineName":"DESKTOP-EFV39HJ","ThreadId":36}
2026-03-14 19:42:26.793 -03:00 [INF] HTTP GET /api/journal-entries responded 200 in 28.4194 ms {"SourceContext":"Serilog.AspNetCore.RequestLoggingMiddleware","RequestId":"0HNK2312A6RT5:0000000E","ConnectionId":"0HNK2312A6RT5","MachineName":"DESKTOP-EFV39HJ","ThreadId":39}
2026-03-14 19:42:28.337 -03:00 [INF] HTTP GET /api/companies responded 200 in 2.3242 ms {"SourceContext":"Serilog.AspNetCore.RequestLoggingMiddleware","RequestId":"0HNK2312A6RT5:00000010","ConnectionId":"0HNK2312A6RT5","MachineName":"DESKTOP-EFV39HJ","ThreadId":39}
2026-03-14 19:42:28.368 -03:00 [INF] HTTP GET /api/journal-entries responded 200 in 25.3211 ms {"SourceContext":"Serilog.AspNetCore.RequestLoggingMiddleware","RequestId":"0HNK2312A6RT5:00000012","ConnectionId":"0HNK2312A6RT5","MachineName":"DESKTOP-EFV39HJ","ThreadId":36}
2026-03-14 19:42:30.861 -03:00 [INF] HTTP GET /api/chart-of-accounts responded 200 in 2.5853 ms {"SourceContext":"Serilog.AspNetCore.RequestLoggingMiddleware","RequestId":"0HNK2312A6RT5:00000014","ConnectionId":"0HNK2312A6RT5","MachineName":"DESKTOP-EFV39HJ","ThreadId":36}
2026-03-14 19:42:30.863 -03:00 [INF] HTTP GET /api/companies/30381839-e513-4b2f-90a6-e2acfbdeaa74/rules responded 200 in 2.7303 ms {"SourceContext":"Serilog.AspNetCore.RequestLoggingMiddleware","RequestId":"0HNK2312A6RT6:00000010","ConnectionId":"0HNK2312A6RT6","MachineName":"DESKTOP-EFV39HJ","ThreadId":39}
2026-03-14 19:42:43.481 -03:00 [INF] HTTP GET /api/companies responded 200 in 2.2426 ms {"SourceContext":"Serilog.AspNetCore.RequestLoggingMiddleware","RequestId":"0HNK2312A6RT5:00000016","ConnectionId":"0HNK2312A6RT5","MachineName":"DESKTOP-EFV39HJ","ThreadId":34}
2026-03-14 19:42:43.510 -03:00 [INF] HTTP GET /api/transactions responded 200 in 30.2362 ms {"SourceContext":"Serilog.AspNetCore.RequestLoggingMiddleware","RequestId":"0HNK2312A6RT6:00000012","ConnectionId":"0HNK2312A6RT6","MachineName":"DESKTOP-EFV39HJ","ThreadId":39}
2026-03-14 19:42:43.539 -03:00 [INF] HTTP GET /api/transactions responded 200 in 29.3525 ms {"SourceContext":"Serilog.AspNetCore.RequestLoggingMiddleware","RequestId":"0HNK2312A6RT5:00000017","ConnectionId":"0HNK2312A6RT5","MachineName":"DESKTOP-EFV39HJ","ThreadId":39}
2026-03-14 19:43:05.098 -03:00 [INF] HTTP DELETE /api/transactions responded 200 in 837.9514 ms {"SourceContext":"Serilog.AspNetCore.RequestLoggingMiddleware","RequestId":"0HNK2312A6RT5:00000019","ConnectionId":"0HNK2312A6RT5","MachineName":"DESKTOP-EFV39HJ","ThreadId":39}
2026-03-14 19:43:13.988 -03:00 [INF] HTTP POST /api/transactions/upload responded 200 in 400.8208 ms {"SourceContext":"Serilog.AspNetCore.RequestLoggingMiddleware","RequestId":"0HNK2312A6RT5:0000001B","ConnectionId":"0HNK2312A6RT5","MachineName":"DESKTOP-EFV39HJ","ThreadId":40}
2026-03-14 19:43:14.032 -03:00 [INF] HTTP GET /api/transactions responded 200 in 39.2839 ms {"SourceContext":"Serilog.AspNetCore.RequestLoggingMiddleware","RequestId":"0HNK2312A6RT5:0000001D","ConnectionId":"0HNK2312A6RT5","MachineName":"DESKTOP-EFV39HJ","ThreadId":39}
2026-03-14 19:43:41.858 -03:00 [INF] HTTP POST /api/companies/30381839-e513-4b2f-90a6-e2acfbdeaa74/rules responded 201 in 55.7454 ms {"SourceContext":"Serilog.AspNetCore.RequestLoggingMiddleware","RequestId":"0HNK2312A6RT5:0000001F","ConnectionId":"0HNK2312A6RT5","MachineName":"DESKTOP-EFV39HJ","ThreadId":34}
2026-03-14 19:43:41.890 -03:00 [INF] HTTP POST /api/rules/695882b1-0eee-43a4-9245-78c90a603ed4/reapply responded 200 in 27.3846 ms {"SourceContext":"Serilog.AspNetCore.RequestLoggingMiddleware","RequestId":"0HNK2312A6RT5:00000021","ConnectionId":"0HNK2312A6RT5","MachineName":"DESKTOP-EFV39HJ","ThreadId":34}
2026-03-14 19:43:41.908 -03:00 [INF] HTTP GET /api/transactions responded 200 in 13.0332 ms {"SourceContext":"Serilog.AspNetCore.RequestLoggingMiddleware","RequestId":"0HNK2312A6RT5:00000023","ConnectionId":"0HNK2312A6RT5","MachineName":"DESKTOP-EFV39HJ","ThreadId":34}
2026-03-14 19:43:48.665 -03:00 [INF] HTTP DELETE /api/transactions responded 200 in 63.2949 ms {"SourceContext":"Serilog.AspNetCore.RequestLoggingMiddleware","RequestId":"0HNK2312A6RT5:00000025","ConnectionId":"0HNK2312A6RT5","MachineName":"DESKTOP-EFV39HJ","ThreadId":38}
2026-03-14 19:43:55.810 -03:00 [INF] HTTP POST /api/transactions/upload responded 200 in 87.6134 ms {"SourceContext":"Serilog.AspNetCore.RequestLoggingMiddleware","RequestId":"0HNK2312A6RT5:00000027","ConnectionId":"0HNK2312A6RT5","MachineName":"DESKTOP-EFV39HJ","ThreadId":34}
2026-03-14 19:43:55.828 -03:00 [INF] HTTP GET /api/transactions responded 200 in 13.0803 ms {"SourceContext":"Serilog.AspNetCore.RequestLoggingMiddleware","RequestId":"0HNK2312A6RT5:00000029","ConnectionId":"0HNK2312A6RT5","MachineName":"DESKTOP-EFV39HJ","ThreadId":34}
2026-03-14 19:45:48.129 -03:00 [INF] HTTP POST /api/transactions/upload responded 200 in 4100.7638 ms {"SourceContext":"Serilog.AspNetCore.RequestLoggingMiddleware","RequestId":"0HNK2312A6RT5:0000002B","ConnectionId":"0HNK2312A6RT5","MachineName":"DESKTOP-EFV39HJ","ThreadId":34}
2026-03-14 19:45:48.248 -03:00 [INF] HTTP GET /api/transactions responded 200 in 113.2600 ms {"SourceContext":"Serilog.AspNetCore.RequestLoggingMiddleware","RequestId":"0HNK2312A6RT5:0000002D","ConnectionId":"0HNK2312A6RT5","MachineName":"DESKTOP-EFV39HJ","ThreadId":34}
2026-03-14 19:47:21.226 -03:00 [INF] ╔══════════════════════════════════════════════╗ {"SourceContext":"ContableAI.API","MachineName":"DESKTOP-EFV39HJ","ThreadId":11}
2026-03-14 19:47:21.245 -03:00 [INF] ║   ContableAI API  ▶  LISTO PARA OPERAR      ║ {"SourceContext":"ContableAI.API","MachineName":"DESKTOP-EFV39HJ","ThreadId":11}
2026-03-14 19:47:21.247 -03:00 [INF] ║   http://localhost:5284                       ║ {"SourceContext":"ContableAI.API","MachineName":"DESKTOP-EFV39HJ","ThreadId":11}
2026-03-14 19:47:21.250 -03:00 [INF] ╚══════════════════════════════════════════════╝ {"SourceContext":"ContableAI.API","MachineName":"DESKTOP-EFV39HJ","ThreadId":11}
2026-03-14 19:47:24.217 -03:00 [INF] HTTP GET /api/chart-of-accounts responded 200 in 81.6426 ms {"SourceContext":"Serilog.AspNetCore.RequestLoggingMiddleware","RequestId":"0HNK23EKCFV1C:00000002","ConnectionId":"0HNK23EKCFV1C","MachineName":"DESKTOP-EFV39HJ","ThreadId":17}
2026-03-14 19:47:24.217 -03:00 [INF] HTTP GET /api/companies responded 200 in 81.6551 ms {"SourceContext":"Serilog.AspNetCore.RequestLoggingMiddleware","RequestId":"0HNK23EKCFV1B:00000002","ConnectionId":"0HNK23EKCFV1B","MachineName":"DESKTOP-EFV39HJ","ThreadId":18}
2026-03-14 19:47:24.372 -03:00 [INF] HTTP GET /api/transactions responded 200 in 146.3339 ms {"SourceContext":"Serilog.AspNetCore.RequestLoggingMiddleware","RequestId":"0HNK23EKCFV1B:00000004","ConnectionId":"0HNK23EKCFV1B","MachineName":"DESKTOP-EFV39HJ","ThreadId":8}
2026-03-14 19:47:24.372 -03:00 [INF] HTTP GET /api/transactions responded 200 in 238.2978 ms {"SourceContext":"Serilog.AspNetCore.RequestLoggingMiddleware","RequestId":"0HNK23EKCFV1A:00000002","ConnectionId":"0HNK23EKCFV1A","MachineName":"DESKTOP-EFV39HJ","ThreadId":17}
2026-03-14 19:47:33.829 -03:00 [INF] HTTP POST /api/companies/30381839-e513-4b2f-90a6-e2acfbdeaa74/rules responded 201 in 146.6304 ms {"SourceContext":"Serilog.AspNetCore.RequestLoggingMiddleware","RequestId":"0HNK23EKCFV1A:00000004","ConnectionId":"0HNK23EKCFV1A","MachineName":"DESKTOP-EFV39HJ","ThreadId":21}
2026-03-14 19:47:33.952 -03:00 [INF] HTTP POST /api/rules/c9617d88-57b3-4478-b7c2-fd2a077d8b6d/reapply responded 200 in 117.9960 ms {"SourceContext":"Serilog.AspNetCore.RequestLoggingMiddleware","RequestId":"0HNK23EKCFV1A:00000006","ConnectionId":"0HNK23EKCFV1A","MachineName":"DESKTOP-EFV39HJ","ThreadId":18}
2026-03-14 19:47:34.026 -03:00 [INF] HTTP GET /api/transactions responded 200 in 68.2973 ms {"SourceContext":"Serilog.AspNetCore.RequestLoggingMiddleware","RequestId":"0HNK23EKCFV1A:00000008","ConnectionId":"0HNK23EKCFV1A","MachineName":"DESKTOP-EFV39HJ","ThreadId":18}
2026-03-14 19:47:40.328 -03:00 [INF] HTTP GET /api/journal-entries responded 200 in 59.5964 ms {"SourceContext":"Serilog.AspNetCore.RequestLoggingMiddleware","RequestId":"0HNK23EKCFV1A:0000000A","ConnectionId":"0HNK23EKCFV1A","MachineName":"DESKTOP-EFV39HJ","ThreadId":19}
2026-03-14 19:47:43.225 -03:00 [INF] HTTP GET /api/companies/30381839-e513-4b2f-90a6-e2acfbdeaa74/rules responded 200 in 10.5943 ms {"SourceContext":"Serilog.AspNetCore.RequestLoggingMiddleware","RequestId":"0HNK23EKCFV1A:0000000C","ConnectionId":"0HNK23EKCFV1A","MachineName":"DESKTOP-EFV39HJ","ThreadId":21}
2026-03-14 19:47:47.881 -03:00 [INF] HTTP DELETE /api/rules/695882b1-0eee-43a4-9245-78c90a603ed4 responded 204 in 24.4138 ms {"SourceContext":"Serilog.AspNetCore.RequestLoggingMiddleware","RequestId":"0HNK23EKCFV1A:0000000E","ConnectionId":"0HNK23EKCFV1A","MachineName":"DESKTOP-EFV39HJ","ThreadId":21}
2026-03-14 19:47:49.703 -03:00 [INF] HTTP DELETE /api/rules/32b7b1f4-e7d5-4806-a831-4320cafc6871 responded 204 in 8.6313 ms {"SourceContext":"Serilog.AspNetCore.RequestLoggingMiddleware","RequestId":"0HNK23EKCFV1A:00000010","ConnectionId":"0HNK23EKCFV1A","MachineName":"DESKTOP-EFV39HJ","ThreadId":21}
2026-03-14 19:47:51.458 -03:00 [INF] HTTP DELETE /api/rules/1dfcc747-b9fa-4723-a157-d3d26377906d responded 204 in 7.2273 ms {"SourceContext":"Serilog.AspNetCore.RequestLoggingMiddleware","RequestId":"0HNK23EKCFV1A:00000012","ConnectionId":"0HNK23EKCFV1A","MachineName":"DESKTOP-EFV39HJ","ThreadId":10}
2026-03-14 19:48:00.603 -03:00 [INF] HTTP DELETE /api/rules/c9617d88-57b3-4478-b7c2-fd2a077d8b6d responded 204 in 6.9396 ms {"SourceContext":"Serilog.AspNetCore.RequestLoggingMiddleware","RequestId":"0HNK23EKCFV1A:00000014","ConnectionId":"0HNK23EKCFV1A","MachineName":"DESKTOP-EFV39HJ","ThreadId":21}
2026-03-14 19:48:14.732 -03:00 [INF] HTTP GET /api/companies responded 200 in 2.4890 ms {"SourceContext":"Serilog.AspNetCore.RequestLoggingMiddleware","RequestId":"0HNK23EKCFV1B:00000006","ConnectionId":"0HNK23EKCFV1B","MachineName":"DESKTOP-EFV39HJ","ThreadId":22}
2026-03-14 19:48:14.806 -03:00 [INF] HTTP GET /api/transactions responded 200 in 76.2074 ms {"SourceContext":"Serilog.AspNetCore.RequestLoggingMiddleware","RequestId":"0HNK23EKCFV1A:00000016","ConnectionId":"0HNK23EKCFV1A","MachineName":"DESKTOP-EFV39HJ","ThreadId":22}
2026-03-14 19:48:14.881 -03:00 [INF] HTTP GET /api/transactions responded 200 in 74.6141 ms {"SourceContext":"Serilog.AspNetCore.RequestLoggingMiddleware","RequestId":"0HNK23EKCFV1B:00000007","ConnectionId":"0HNK23EKCFV1B","MachineName":"DESKTOP-EFV39HJ","ThreadId":22}
2026-03-14 19:48:49.501 -03:00 [INF] HTTP GET /api/journal-entries responded 200 in 39.3660 ms {"SourceContext":"Serilog.AspNetCore.RequestLoggingMiddleware","RequestId":"0HNK23EKCFV1B:00000009","ConnectionId":"0HNK23EKCFV1B","MachineName":"DESKTOP-EFV39HJ","ThreadId":22}
2026-03-14 19:49:25.940 -03:00 [INF] HTTP GET /api/companies/30381839-e513-4b2f-90a6-e2acfbdeaa74/rules responded 200 in 4.5447 ms {"SourceContext":"Serilog.AspNetCore.RequestLoggingMiddleware","RequestId":"0HNK23EKCFV1B:0000000B","ConnectionId":"0HNK23EKCFV1B","MachineName":"DESKTOP-EFV39HJ","ThreadId":21}
2026-03-14 19:49:26.829 -03:00 [INF] HTTP GET /api/chart-of-accounts responded 200 in 3.1344 ms {"SourceContext":"Serilog.AspNetCore.RequestLoggingMiddleware","RequestId":"0HNK23EKCFV1B:0000000D","ConnectionId":"0HNK23EKCFV1B","MachineName":"DESKTOP-EFV39HJ","ThreadId":3}
2026-03-14 19:50:56.280 -03:00 [INF] HTTP GET /api/companies responded 200 in 3.1466 ms {"SourceContext":"Serilog.AspNetCore.RequestLoggingMiddleware","RequestId":"0HNK23EKCFV1B:0000000F","ConnectionId":"0HNK23EKCFV1B","MachineName":"DESKTOP-EFV39HJ","ThreadId":16}
2026-03-14 19:50:56.282 -03:00 [INF] HTTP GET /api/chart-of-accounts responded 200 in 2.1887 ms {"SourceContext":"Serilog.AspNetCore.RequestLoggingMiddleware","RequestId":"0HNK23EKCFV1D:00000002","ConnectionId":"0HNK23EKCFV1D","MachineName":"DESKTOP-EFV39HJ","ThreadId":22}
2026-03-14 19:50:56.293 -03:00 [INF] HTTP GET /api/companies/30381839-e513-4b2f-90a6-e2acfbdeaa74/rules responded 200 in 3.8360 ms {"SourceContext":"Serilog.AspNetCore.RequestLoggingMiddleware","RequestId":"0HNK23EKCFV1D:00000004","ConnectionId":"0HNK23EKCFV1D","MachineName":"DESKTOP-EFV39HJ","ThreadId":16}
2026-03-14 19:51:17.069 -03:00 [INF] HTTP GET /api/chart-of-accounts responded 200 in 2.0650 ms {"SourceContext":"Serilog.AspNetCore.RequestLoggingMiddleware","RequestId":"0HNK23EKCFV1D:00000007","ConnectionId":"0HNK23EKCFV1D","MachineName":"DESKTOP-EFV39HJ","ThreadId":15}
2026-03-14 19:51:17.069 -03:00 [INF] HTTP GET /api/companies responded 200 in 2.7094 ms {"SourceContext":"Serilog.AspNetCore.RequestLoggingMiddleware","RequestId":"0HNK23EKCFV1B:00000010","ConnectionId":"0HNK23EKCFV1B","MachineName":"DESKTOP-EFV39HJ","ThreadId":16}
2026-03-14 19:51:17.080 -03:00 [INF] HTTP GET /api/companies/30381839-e513-4b2f-90a6-e2acfbdeaa74/rules responded 200 in 2.6862 ms {"SourceContext":"Serilog.AspNetCore.RequestLoggingMiddleware","RequestId":"0HNK23EKCFV1B:00000012","ConnectionId":"0HNK23EKCFV1B","MachineName":"DESKTOP-EFV39HJ","ThreadId":18}
2026-03-14 19:51:17.790 -03:00 [INF] HTTP GET /api/companies responded 200 in 2.8904 ms {"SourceContext":"Serilog.AspNetCore.RequestLoggingMiddleware","RequestId":"0HNK23EKCFV1B:00000013","ConnectionId":"0HNK23EKCFV1B","MachineName":"DESKTOP-EFV39HJ","ThreadId":16}
2026-03-14 19:51:17.790 -03:00 [INF] HTTP GET /api/chart-of-accounts responded 200 in 2.3126 ms {"SourceContext":"Serilog.AspNetCore.RequestLoggingMiddleware","RequestId":"0HNK23EKCFV1D:00000008","ConnectionId":"0HNK23EKCFV1D","MachineName":"DESKTOP-EFV39HJ","ThreadId":18}
2026-03-14 19:51:17.798 -03:00 [INF] HTTP GET /api/companies/30381839-e513-4b2f-90a6-e2acfbdeaa74/rules responded 200 in 3.0905 ms {"SourceContext":"Serilog.AspNetCore.RequestLoggingMiddleware","RequestId":"0HNK23EKCFV1B:00000014","ConnectionId":"0HNK23EKCFV1B","MachineName":"DESKTOP-EFV39HJ","ThreadId":16}
2026-03-14 19:51:18.810 -03:00 [INF] HTTP GET /api/journal-entries responded 200 in 26.5342 ms {"SourceContext":"Serilog.AspNetCore.RequestLoggingMiddleware","RequestId":"0HNK23EKCFV1B:00000016","ConnectionId":"0HNK23EKCFV1B","MachineName":"DESKTOP-EFV39HJ","ThreadId":16}
2026-03-14 19:51:19.893 -03:00 [INF] HTTP GET /api/companies responded 200 in 3.0256 ms {"SourceContext":"Serilog.AspNetCore.RequestLoggingMiddleware","RequestId":"0HNK23EKCFV1B:00000017","ConnectionId":"0HNK23EKCFV1B","MachineName":"DESKTOP-EFV39HJ","ThreadId":15}
2026-03-14 19:51:19.925 -03:00 [INF] HTTP GET /api/journal-entries responded 200 in 26.9189 ms {"SourceContext":"Serilog.AspNetCore.RequestLoggingMiddleware","RequestId":"0HNK23EKCFV1B:00000018","ConnectionId":"0HNK23EKCFV1B","MachineName":"DESKTOP-EFV39HJ","ThreadId":16}
2026-03-14 19:51:19.933 -03:00 [INF] HTTP GET /api/journal-entries responded 200 in 40.1293 ms {"SourceContext":"Serilog.AspNetCore.RequestLoggingMiddleware","RequestId":"0HNK23EKCFV1D:0000000A","ConnectionId":"0HNK23EKCFV1D","MachineName":"DESKTOP-EFV39HJ","ThreadId":16}
2026-03-14 19:51:21.044 -03:00 [INF] HTTP GET /api/journal-entries responded 200 in 5.9005 ms {"SourceContext":"Serilog.AspNetCore.RequestLoggingMiddleware","RequestId":"0HNK23EKCFV1D:0000000C","ConnectionId":"0HNK23EKCFV1D","MachineName":"DESKTOP-EFV39HJ","ThreadId":16}
2026-03-14 19:51:22.809 -03:00 [INF] HTTP GET /api/companies responded 200 in 2.1349 ms {"SourceContext":"Serilog.AspNetCore.RequestLoggingMiddleware","RequestId":"0HNK23EKCFV1D:0000000E","ConnectionId":"0HNK23EKCFV1D","MachineName":"DESKTOP-EFV39HJ","ThreadId":18}
2026-03-14 19:51:22.821 -03:00 [INF] HTTP GET /api/journal-entries responded 200 in 5.7758 ms {"SourceContext":"Serilog.AspNetCore.RequestLoggingMiddleware","RequestId":"0HNK23EKCFV1D:0000000F","ConnectionId":"0HNK23EKCFV1D","MachineName":"DESKTOP-EFV39HJ","ThreadId":16}
2026-03-14 19:51:22.844 -03:00 [INF] HTTP GET /api/journal-entries responded 200 in 37.4203 ms {"SourceContext":"Serilog.AspNetCore.RequestLoggingMiddleware","RequestId":"0HNK23EKCFV1B:00000019","ConnectionId":"0HNK23EKCFV1B","MachineName":"DESKTOP-EFV39HJ","ThreadId":15}
2026-03-14 19:51:26.572 -03:00 [INF] HTTP GET /api/journal-entries responded 200 in 22.0966 ms {"SourceContext":"Serilog.AspNetCore.RequestLoggingMiddleware","RequestId":"0HNK23EKCFV1B:0000001B","ConnectionId":"0HNK23EKCFV1B","MachineName":"DESKTOP-EFV39HJ","ThreadId":18}
2026-03-14 19:51:27.472 -03:00 [INF] HTTP GET /api/journal-entries responded 200 in 6.2865 ms {"SourceContext":"Serilog.AspNetCore.RequestLoggingMiddleware","RequestId":"0HNK23EKCFV1B:0000001D","ConnectionId":"0HNK23EKCFV1B","MachineName":"DESKTOP-EFV39HJ","ThreadId":15}
2026-03-14 19:51:30.385 -03:00 [INF] HTTP GET /api/chart-of-accounts responded 200 in 2.3519 ms {"SourceContext":"Serilog.AspNetCore.RequestLoggingMiddleware","RequestId":"0HNK23EKCFV1E:00000002","ConnectionId":"0HNK23EKCFV1E","MachineName":"DESKTOP-EFV39HJ","ThreadId":16}
2026-03-14 19:51:30.385 -03:00 [INF] HTTP GET /api/companies responded 200 in 2.0792 ms {"SourceContext":"Serilog.AspNetCore.RequestLoggingMiddleware","RequestId":"0HNK23EKCFV1D:00000011","ConnectionId":"0HNK23EKCFV1D","MachineName":"DESKTOP-EFV39HJ","ThreadId":22}
2026-03-14 19:51:30.418 -03:00 [INF] HTTP GET /api/transactions responded 200 in 34.4535 ms {"SourceContext":"Serilog.AspNetCore.RequestLoggingMiddleware","RequestId":"0HNK23EKCFV1B:0000001F","ConnectionId":"0HNK23EKCFV1B","MachineName":"DESKTOP-EFV39HJ","ThreadId":15}
2026-03-14 19:51:30.444 -03:00 [INF] HTTP GET /api/transactions responded 200 in 25.4210 ms {"SourceContext":"Serilog.AspNetCore.RequestLoggingMiddleware","RequestId":"0HNK23EKCFV1D:00000012","ConnectionId":"0HNK23EKCFV1D","MachineName":"DESKTOP-EFV39HJ","ThreadId":16}
2026-03-14 19:51:32.435 -03:00 [INF] HTTP GET /api/companies responded 200 in 2.0691 ms {"SourceContext":"Serilog.AspNetCore.RequestLoggingMiddleware","RequestId":"0HNK23EKCFV1D:00000013","ConnectionId":"0HNK23EKCFV1D","MachineName":"DESKTOP-EFV39HJ","ThreadId":22}
2026-03-14 19:51:32.463 -03:00 [INF] HTTP GET /api/transactions responded 200 in 24.4644 ms {"SourceContext":"Serilog.AspNetCore.RequestLoggingMiddleware","RequestId":"0HNK23EKCFV1D:00000014","ConnectionId":"0HNK23EKCFV1D","MachineName":"DESKTOP-EFV39HJ","ThreadId":22}
2026-03-14 19:51:34.077 -03:00 [INF] HTTP GET /api/transactions responded 200 in 65.5951 ms {"SourceContext":"Serilog.AspNetCore.RequestLoggingMiddleware","RequestId":"0HNK23EKCFV1D:00000016","ConnectionId":"0HNK23EKCFV1D","MachineName":"DESKTOP-EFV39HJ","ThreadId":15}
2026-03-14 19:51:34.902 -03:00 [INF] HTTP GET /api/transactions responded 200 in 25.8690 ms {"SourceContext":"Serilog.AspNetCore.RequestLoggingMiddleware","RequestId":"0HNK23EKCFV1D:00000017","ConnectionId":"0HNK23EKCFV1D","MachineName":"DESKTOP-EFV39HJ","ThreadId":16}
2026-03-14 19:51:36.492 -03:00 [INF] HTTP GET /api/journal-entries responded 200 in 6.7556 ms {"SourceContext":"Serilog.AspNetCore.RequestLoggingMiddleware","RequestId":"0HNK23EKCFV1D:00000019","ConnectionId":"0HNK23EKCFV1D","MachineName":"DESKTOP-EFV39HJ","ThreadId":15}
2026-03-14 19:51:37.647 -03:00 [INF] HTTP GET /api/companies responded 200 in 2.4746 ms {"SourceContext":"Serilog.AspNetCore.RequestLoggingMiddleware","RequestId":"0HNK23EKCFV1D:0000001B","ConnectionId":"0HNK23EKCFV1D","MachineName":"DESKTOP-EFV39HJ","ThreadId":15}
2026-03-14 19:51:37.658 -03:00 [INF] HTTP GET /api/journal-entries responded 200 in 5.7753 ms {"SourceContext":"Serilog.AspNetCore.RequestLoggingMiddleware","RequestId":"0HNK23EKCFV1D:0000001C","ConnectionId":"0HNK23EKCFV1D","MachineName":"DESKTOP-EFV39HJ","ThreadId":22}
2026-03-14 19:51:37.674 -03:00 [INF] HTTP GET /api/journal-entries responded 200 in 27.8748 ms {"SourceContext":"Serilog.AspNetCore.RequestLoggingMiddleware","RequestId":"0HNK23EKCFV1B:00000021","ConnectionId":"0HNK23EKCFV1B","MachineName":"DESKTOP-EFV39HJ","ThreadId":16}
2026-03-14 19:51:39.870 -03:00 [INF] HTTP GET /api/companies responded 200 in 2.2894 ms {"SourceContext":"Serilog.AspNetCore.RequestLoggingMiddleware","RequestId":"0HNK23EKCFV1B:00000022","ConnectionId":"0HNK23EKCFV1B","MachineName":"DESKTOP-EFV39HJ","ThreadId":15}
2026-03-14 19:51:39.879 -03:00 [INF] HTTP GET /api/journal-entries responded 200 in 5.1618 ms {"SourceContext":"Serilog.AspNetCore.RequestLoggingMiddleware","RequestId":"0HNK23EKCFV1B:00000023","ConnectionId":"0HNK23EKCFV1B","MachineName":"DESKTOP-EFV39HJ","ThreadId":22}
2026-03-14 19:51:39.893 -03:00 [INF] HTTP GET /api/journal-entries responded 200 in 25.1603 ms {"SourceContext":"Serilog.AspNetCore.RequestLoggingMiddleware","RequestId":"0HNK23EKCFV1D:0000001D","ConnectionId":"0HNK23EKCFV1D","MachineName":"DESKTOP-EFV39HJ","ThreadId":16}
2026-03-14 19:51:41.293 -03:00 [INF] HTTP GET /api/journal-entries responded 200 in 34.6256 ms {"SourceContext":"Serilog.AspNetCore.RequestLoggingMiddleware","RequestId":"0HNK23EKCFV1D:0000001F","ConnectionId":"0HNK23EKCFV1D","MachineName":"DESKTOP-EFV39HJ","ThreadId":22}
2026-03-14 19:51:42.992 -03:00 [INF] HTTP GET /api/companies responded 200 in 2.2789 ms {"SourceContext":"Serilog.AspNetCore.RequestLoggingMiddleware","RequestId":"0HNK23EKCFV1B:00000025","ConnectionId":"0HNK23EKCFV1B","MachineName":"DESKTOP-EFV39HJ","ThreadId":16}
2026-03-14 19:51:43.017 -03:00 [INF] HTTP GET /api/journal-entries responded 200 in 26.9398 ms {"SourceContext":"Serilog.AspNetCore.RequestLoggingMiddleware","RequestId":"0HNK23EKCFV1D:00000021","ConnectionId":"0HNK23EKCFV1D","MachineName":"DESKTOP-EFV39HJ","ThreadId":16}
2026-03-14 19:51:43.027 -03:00 [INF] HTTP GET /api/journal-entries responded 200 in 29.4517 ms {"SourceContext":"Serilog.AspNetCore.RequestLoggingMiddleware","RequestId":"0HNK23EKCFV1B:00000026","ConnectionId":"0HNK23EKCFV1B","MachineName":"DESKTOP-EFV39HJ","ThreadId":12}
2026-03-14 19:51:44.160 -03:00 [INF] HTTP GET /api/journal-entries responded 200 in 5.9946 ms {"SourceContext":"Serilog.AspNetCore.RequestLoggingMiddleware","RequestId":"0HNK23EKCFV1B:00000028","ConnectionId":"0HNK23EKCFV1B","MachineName":"DESKTOP-EFV39HJ","ThreadId":15}
2026-03-14 19:51:45.345 -03:00 [INF] HTTP GET /api/companies responded 200 in 2.3696 ms {"SourceContext":"Serilog.AspNetCore.RequestLoggingMiddleware","RequestId":"0HNK23EKCFV1B:00000029","ConnectionId":"0HNK23EKCFV1B","MachineName":"DESKTOP-EFV39HJ","ThreadId":16}
2026-03-14 19:51:45.355 -03:00 [INF] HTTP GET /api/journal-entries responded 200 in 4.9938 ms {"SourceContext":"Serilog.AspNetCore.RequestLoggingMiddleware","RequestId":"0HNK23EKCFV1B:0000002A","ConnectionId":"0HNK23EKCFV1B","MachineName":"DESKTOP-EFV39HJ","ThreadId":15}
2026-03-14 19:51:45.388 -03:00 [INF] HTTP GET /api/journal-entries responded 200 in 44.8915 ms {"SourceContext":"Serilog.AspNetCore.RequestLoggingMiddleware","RequestId":"0HNK23EKCFV1D:00000022","ConnectionId":"0HNK23EKCFV1D","MachineName":"DESKTOP-EFV39HJ","ThreadId":16}
2026-03-14 19:51:46.864 -03:00 [INF] HTTP GET /api/chart-of-accounts responded 200 in 2.3370 ms {"SourceContext":"Serilog.AspNetCore.RequestLoggingMiddleware","RequestId":"0HNK23EKCFV1B:0000002C","ConnectionId":"0HNK23EKCFV1B","MachineName":"DESKTOP-EFV39HJ","ThreadId":15}
2026-03-14 19:51:46.864 -03:00 [INF] HTTP GET /api/companies/f899d9da-9916-4fb1-b0b7-ed706a08527d/rules responded 200 in 3.0973 ms {"SourceContext":"Serilog.AspNetCore.RequestLoggingMiddleware","RequestId":"0HNK23EKCFV1D:00000024","ConnectionId":"0HNK23EKCFV1D","MachineName":"DESKTOP-EFV39HJ","ThreadId":16}
2026-03-14 19:51:49.284 -03:00 [INF] HTTP GET /api/companies responded 200 in 2.1354 ms {"SourceContext":"Serilog.AspNetCore.RequestLoggingMiddleware","RequestId":"0HNK23EKCFV1B:0000002D","ConnectionId":"0HNK23EKCFV1B","MachineName":"DESKTOP-EFV39HJ","ThreadId":15}
2026-03-14 19:51:49.284 -03:00 [INF] HTTP GET /api/chart-of-accounts responded 200 in 2.4750 ms {"SourceContext":"Serilog.AspNetCore.RequestLoggingMiddleware","RequestId":"0HNK23EKCFV1D:00000026","ConnectionId":"0HNK23EKCFV1D","MachineName":"DESKTOP-EFV39HJ","ThreadId":12}
2026-03-14 19:51:49.292 -03:00 [INF] HTTP GET /api/companies/f899d9da-9916-4fb1-b0b7-ed706a08527d/rules responded 200 in 3.0942 ms {"SourceContext":"Serilog.AspNetCore.RequestLoggingMiddleware","RequestId":"0HNK23EKCFV1B:0000002E","ConnectionId":"0HNK23EKCFV1B","MachineName":"DESKTOP-EFV39HJ","ThreadId":15}
2026-03-14 19:51:50.835 -03:00 [INF] HTTP GET /api/journal-entries responded 200 in 6.8541 ms {"SourceContext":"Serilog.AspNetCore.RequestLoggingMiddleware","RequestId":"0HNK23EKCFV1B:00000030","ConnectionId":"0HNK23EKCFV1B","MachineName":"DESKTOP-EFV39HJ","ThreadId":15}
2026-03-14 19:51:53.101 -03:00 [INF] HTTP GET /api/journal-entries responded 200 in 36.9869 ms {"SourceContext":"Serilog.AspNetCore.RequestLoggingMiddleware","RequestId":"0HNK23EKCFV1B:00000032","ConnectionId":"0HNK23EKCFV1B","MachineName":"DESKTOP-EFV39HJ","ThreadId":12}
2026-03-14 19:51:55.671 -03:00 [INF] HTTP GET /api/journal-entries responded 200 in 5.4210 ms {"SourceContext":"Serilog.AspNetCore.RequestLoggingMiddleware","RequestId":"0HNK23EKCFV1B:00000033","ConnectionId":"0HNK23EKCFV1B","MachineName":"DESKTOP-EFV39HJ","ThreadId":12}
2026-03-14 19:52:06.265 -03:00 [INF] HTTP GET /api/companies responded 200 in 2.2520 ms {"SourceContext":"Serilog.AspNetCore.RequestLoggingMiddleware","RequestId":"0HNK23EKCFV1D:00000028","ConnectionId":"0HNK23EKCFV1D","MachineName":"DESKTOP-EFV39HJ","ThreadId":12}
2026-03-14 19:52:06.278 -03:00 [INF] HTTP GET /api/journal-entries responded 200 in 6.1888 ms {"SourceContext":"Serilog.AspNetCore.RequestLoggingMiddleware","RequestId":"0HNK23EKCFV1D:0000002A","ConnectionId":"0HNK23EKCFV1D","MachineName":"DESKTOP-EFV39HJ","ThreadId":12}
2026-03-14 19:52:06.316 -03:00 [INF] HTTP GET /api/journal-entries responded 200 in 52.6270 ms {"SourceContext":"Serilog.AspNetCore.RequestLoggingMiddleware","RequestId":"0HNK23EKCFV1B:00000035","ConnectionId":"0HNK23EKCFV1B","MachineName":"DESKTOP-EFV39HJ","ThreadId":22}
2026-03-14 19:52:11.023 -03:00 [INF] HTTP DELETE /api/journal-entries responded 200 in 17.1822 ms {"SourceContext":"Serilog.AspNetCore.RequestLoggingMiddleware","RequestId":"0HNK23EKCFV1B:00000037","ConnectionId":"0HNK23EKCFV1B","MachineName":"DESKTOP-EFV39HJ","ThreadId":22}
2026-03-14 19:52:11.032 -03:00 [INF] HTTP GET /api/journal-entries responded 200 in 5.2814 ms {"SourceContext":"Serilog.AspNetCore.RequestLoggingMiddleware","RequestId":"0HNK23EKCFV1B:00000038","ConnectionId":"0HNK23EKCFV1B","MachineName":"DESKTOP-EFV39HJ","ThreadId":22}
2026-03-14 19:52:12.333 -03:00 [INF] HTTP GET /api/journal-entries responded 200 in 31.4803 ms {"SourceContext":"Serilog.AspNetCore.RequestLoggingMiddleware","RequestId":"0HNK23EKCFV1B:0000003A","ConnectionId":"0HNK23EKCFV1B","MachineName":"DESKTOP-EFV39HJ","ThreadId":12}
2026-03-14 19:52:15.719 -03:00 [INF] HTTP DELETE /api/journal-entries responded 200 in 1112.6924 ms {"SourceContext":"Serilog.AspNetCore.RequestLoggingMiddleware","RequestId":"0HNK23EKCFV1B:0000003C","ConnectionId":"0HNK23EKCFV1B","MachineName":"DESKTOP-EFV39HJ","ThreadId":12}
2026-03-14 19:52:15.728 -03:00 [INF] HTTP GET /api/journal-entries responded 200 in 5.7657 ms {"SourceContext":"Serilog.AspNetCore.RequestLoggingMiddleware","RequestId":"0HNK23EKCFV1B:0000003D","ConnectionId":"0HNK23EKCFV1B","MachineName":"DESKTOP-EFV39HJ","ThreadId":16}
2026-03-14 19:52:16.846 -03:00 [INF] HTTP GET /api/chart-of-accounts responded 200 in 2.2929 ms {"SourceContext":"Serilog.AspNetCore.RequestLoggingMiddleware","RequestId":"0HNK23EKCFV1D:0000002C","ConnectionId":"0HNK23EKCFV1D","MachineName":"DESKTOP-EFV39HJ","ThreadId":12}
2026-03-14 19:52:16.847 -03:00 [INF] HTTP GET /api/companies/30381839-e513-4b2f-90a6-e2acfbdeaa74/rules responded 200 in 2.8941 ms {"SourceContext":"Serilog.AspNetCore.RequestLoggingMiddleware","RequestId":"0HNK23EKCFV1B:0000003F","ConnectionId":"0HNK23EKCFV1B","MachineName":"DESKTOP-EFV39HJ","ThreadId":22}
2026-03-14 19:52:17.632 -03:00 [INF] HTTP GET /api/companies responded 200 in 2.3708 ms {"SourceContext":"Serilog.AspNetCore.RequestLoggingMiddleware","RequestId":"0HNK23EKCFV1D:0000002E","ConnectionId":"0HNK23EKCFV1D","MachineName":"DESKTOP-EFV39HJ","ThreadId":16}
2026-03-14 19:52:17.704 -03:00 [INF] HTTP GET /api/transactions responded 200 in 74.4071 ms {"SourceContext":"Serilog.AspNetCore.RequestLoggingMiddleware","RequestId":"0HNK23EKCFV1B:00000041","ConnectionId":"0HNK23EKCFV1B","MachineName":"DESKTOP-EFV39HJ","ThreadId":16}
2026-03-14 19:52:17.781 -03:00 [INF] HTTP GET /api/transactions responded 200 in 76.2152 ms {"SourceContext":"Serilog.AspNetCore.RequestLoggingMiddleware","RequestId":"0HNK23EKCFV1D:0000002F","ConnectionId":"0HNK23EKCFV1D","MachineName":"DESKTOP-EFV39HJ","ThreadId":16}
2026-03-14 19:52:21.259 -03:00 [INF] HTTP DELETE /api/transactions responded 200 in 1191.5590 ms {"SourceContext":"Serilog.AspNetCore.RequestLoggingMiddleware","RequestId":"0HNK23EKCFV1D:00000031","ConnectionId":"0HNK23EKCFV1D","MachineName":"DESKTOP-EFV39HJ","ThreadId":15}
2026-03-14 19:52:24.428 -03:00 [INF] HTTP POST /api/transactions/upload responded 200 in 801.1854 ms {"SourceContext":"Serilog.AspNetCore.RequestLoggingMiddleware","RequestId":"0HNK23EKCFV1D:00000033","ConnectionId":"0HNK23EKCFV1D","MachineName":"DESKTOP-EFV39HJ","ThreadId":16}
2026-03-14 19:52:24.496 -03:00 [INF] HTTP GET /api/transactions responded 200 in 62.9822 ms {"SourceContext":"Serilog.AspNetCore.RequestLoggingMiddleware","RequestId":"0HNK23EKCFV1D:00000035","ConnectionId":"0HNK23EKCFV1D","MachineName":"DESKTOP-EFV39HJ","ThreadId":16}
2026-03-14 19:52:27.834 -03:00 [INF] HTTP GET /api/transactions/unbooked-ids responded 200 in 14.9177 ms {"SourceContext":"Serilog.AspNetCore.RequestLoggingMiddleware","RequestId":"0HNK23EKCFV1D:00000037","ConnectionId":"0HNK23EKCFV1D","MachineName":"DESKTOP-EFV39HJ","ThreadId":16}
2026-03-14 19:52:29.048 -03:00 [INF] HTTP POST /api/journal-entries/generate responded 200 in 1208.9951 ms {"SourceContext":"Serilog.AspNetCore.RequestLoggingMiddleware","RequestId":"0HNK23EKCFV1D:00000039","ConnectionId":"0HNK23EKCFV1D","MachineName":"DESKTOP-EFV39HJ","ThreadId":12}
2026-03-14 19:52:30.744 -03:00 [INF] HTTP GET /api/journal-entries responded 200 in 24.9458 ms {"SourceContext":"Serilog.AspNetCore.RequestLoggingMiddleware","RequestId":"0HNK23EKCFV1D:0000003B","ConnectionId":"0HNK23EKCFV1D","MachineName":"DESKTOP-EFV39HJ","ThreadId":21}
2026-03-14 19:52:33.194 -03:00 [INF] HTTP GET /api/journal-entries responded 200 in 4.1906 ms {"SourceContext":"Serilog.AspNetCore.RequestLoggingMiddleware","RequestId":"0HNK23EKCFV1D:0000003D","ConnectionId":"0HNK23EKCFV1D","MachineName":"DESKTOP-EFV39HJ","ThreadId":12}
2026-03-14 19:52:34.137 -03:00 [INF] HTTP GET /api/companies responded 200 in 2.3349 ms {"SourceContext":"Serilog.AspNetCore.RequestLoggingMiddleware","RequestId":"0HNK23EKCFV1D:0000003F","ConnectionId":"0HNK23EKCFV1D","MachineName":"DESKTOP-EFV39HJ","ThreadId":15}
2026-03-14 19:52:34.148 -03:00 [INF] HTTP GET /api/journal-entries responded 200 in 4.1554 ms {"SourceContext":"Serilog.AspNetCore.RequestLoggingMiddleware","RequestId":"0HNK23EKCFV1D:00000040","ConnectionId":"0HNK23EKCFV1D","MachineName":"DESKTOP-EFV39HJ","ThreadId":15}
2026-03-14 19:52:34.162 -03:00 [INF] HTTP GET /api/journal-entries responded 200 in 25.4921 ms {"SourceContext":"Serilog.AspNetCore.RequestLoggingMiddleware","RequestId":"0HNK23EKCFV1B:00000043","ConnectionId":"0HNK23EKCFV1B","MachineName":"DESKTOP-EFV39HJ","ThreadId":15}
2026-03-14 19:54:00.285 -03:00 [INF] HTTP GET /api/companies responded 200 in 2.7707 ms {"SourceContext":"Serilog.AspNetCore.RequestLoggingMiddleware","RequestId":"0HNK23EKCFV1B:00000045","ConnectionId":"0HNK23EKCFV1B","MachineName":"DESKTOP-EFV39HJ","ThreadId":16}
2026-03-14 19:54:00.296 -03:00 [INF] HTTP GET /api/journal-entries responded 200 in 4.8304 ms {"SourceContext":"Serilog.AspNetCore.RequestLoggingMiddleware","RequestId":"0HNK23EKCFV1B:00000047","ConnectionId":"0HNK23EKCFV1B","MachineName":"DESKTOP-EFV39HJ","ThreadId":16}
2026-03-14 19:54:08.289 -03:00 [INF] HTTP GET /api/companies responded 200 in 2.1223 ms {"SourceContext":"Serilog.AspNetCore.RequestLoggingMiddleware","RequestId":"0HNK23EKCFV1B:00000049","ConnectionId":"0HNK23EKCFV1B","MachineName":"DESKTOP-EFV39HJ","ThreadId":16}
2026-03-14 19:54:08.298 -03:00 [INF] HTTP GET /api/journal-entries responded 200 in 3.9341 ms {"SourceContext":"Serilog.AspNetCore.RequestLoggingMiddleware","RequestId":"0HNK23EKCFV1B:0000004B","ConnectionId":"0HNK23EKCFV1B","MachineName":"DESKTOP-EFV39HJ","ThreadId":15}
2026-03-14 19:54:23.109 -03:00 [INF] HTTP GET /api/companies responded 200 in 2.4812 ms {"SourceContext":"Serilog.AspNetCore.RequestLoggingMiddleware","RequestId":"0HNK23EKCFV1B:0000004D","ConnectionId":"0HNK23EKCFV1B","MachineName":"DESKTOP-EFV39HJ","ThreadId":12}
2026-03-14 19:54:23.119 -03:00 [INF] HTTP GET /api/journal-entries responded 200 in 4.4625 ms {"SourceContext":"Serilog.AspNetCore.RequestLoggingMiddleware","RequestId":"0HNK23EKCFV1B:0000004F","ConnectionId":"0HNK23EKCFV1B","MachineName":"DESKTOP-EFV39HJ","ThreadId":12}
2026-03-14 19:54:24.184 -03:00 [INF] HTTP GET /api/companies responded 200 in 2.3888 ms {"SourceContext":"Serilog.AspNetCore.RequestLoggingMiddleware","RequestId":"0HNK23EKCFV1B:00000050","ConnectionId":"0HNK23EKCFV1B","MachineName":"DESKTOP-EFV39HJ","ThreadId":17}
2026-03-14 19:54:24.193 -03:00 [INF] HTTP GET /api/journal-entries responded 200 in 4.0470 ms {"SourceContext":"Serilog.AspNetCore.RequestLoggingMiddleware","RequestId":"0HNK23EKCFV1B:00000051","ConnectionId":"0HNK23EKCFV1B","MachineName":"DESKTOP-EFV39HJ","ThreadId":17}
2026-03-14 19:54:25.355 -03:00 [INF] HTTP GET /api/journal-entries responded 200 in 35.4465 ms {"SourceContext":"Serilog.AspNetCore.RequestLoggingMiddleware","RequestId":"0HNK23EKCFV1B:00000053","ConnectionId":"0HNK23EKCFV1B","MachineName":"DESKTOP-EFV39HJ","ThreadId":12}
2026-03-14 19:54:27.144 -03:00 [INF] HTTP GET /api/companies responded 200 in 2.0913 ms {"SourceContext":"Serilog.AspNetCore.RequestLoggingMiddleware","RequestId":"0HNK23EKCFV1B:00000054","ConnectionId":"0HNK23EKCFV1B","MachineName":"DESKTOP-EFV39HJ","ThreadId":12}
2026-03-14 19:54:27.171 -03:00 [INF] HTTP GET /api/journal-entries responded 200 in 22.3802 ms {"SourceContext":"Serilog.AspNetCore.RequestLoggingMiddleware","RequestId":"0HNK23EKCFV1B:00000055","ConnectionId":"0HNK23EKCFV1B","MachineName":"DESKTOP-EFV39HJ","ThreadId":15}
2026-03-14 19:54:28.116 -03:00 [INF] HTTP GET /api/chart-of-accounts responded 200 in 2.1722 ms {"SourceContext":"Serilog.AspNetCore.RequestLoggingMiddleware","RequestId":"0HNK23EKCFV1D:00000042","ConnectionId":"0HNK23EKCFV1D","MachineName":"DESKTOP-EFV39HJ","ThreadId":15}
2026-03-14 19:54:28.117 -03:00 [INF] HTTP GET /api/companies/30381839-e513-4b2f-90a6-e2acfbdeaa74/rules responded 200 in 2.8977 ms {"SourceContext":"Serilog.AspNetCore.RequestLoggingMiddleware","RequestId":"0HNK23EKCFV1B:00000057","ConnectionId":"0HNK23EKCFV1B","MachineName":"DESKTOP-EFV39HJ","ThreadId":16}
2026-03-14 19:54:29.677 -03:00 [INF] HTTP GET /api/chart-of-accounts responded 200 in 2.2985 ms {"SourceContext":"Serilog.AspNetCore.RequestLoggingMiddleware","RequestId":"0HNK23EKCFV1B:00000059","ConnectionId":"0HNK23EKCFV1B","MachineName":"DESKTOP-EFV39HJ","ThreadId":16}
2026-03-14 19:54:29.677 -03:00 [INF] HTTP GET /api/companies responded 200 in 2.1473 ms {"SourceContext":"Serilog.AspNetCore.RequestLoggingMiddleware","RequestId":"0HNK23EKCFV1D:00000043","ConnectionId":"0HNK23EKCFV1D","MachineName":"DESKTOP-EFV39HJ","ThreadId":15}
2026-03-14 19:54:29.687 -03:00 [INF] HTTP GET /api/companies/30381839-e513-4b2f-90a6-e2acfbdeaa74/rules responded 200 in 2.4761 ms {"SourceContext":"Serilog.AspNetCore.RequestLoggingMiddleware","RequestId":"0HNK23EKCFV1D:00000044","ConnectionId":"0HNK23EKCFV1D","MachineName":"DESKTOP-EFV39HJ","ThreadId":17}
2026-03-14 19:54:34.988 -03:00 [INF] HTTP POST /api/companies/30381839-e513-4b2f-90a6-e2acfbdeaa74/rules responded 201 in 10.4114 ms {"SourceContext":"Serilog.AspNetCore.RequestLoggingMiddleware","RequestId":"0HNK23EKCFV1D:00000046","ConnectionId":"0HNK23EKCFV1D","MachineName":"DESKTOP-EFV39HJ","ThreadId":15}
2026-03-14 19:54:35.017 -03:00 [INF] HTTP POST /api/rules/0684c2a5-c535-4027-8614-9e7d01c9ba45/reapply responded 200 in 24.1433 ms {"SourceContext":"Serilog.AspNetCore.RequestLoggingMiddleware","RequestId":"0HNK23EKCFV1D:00000048","ConnectionId":"0HNK23EKCFV1D","MachineName":"DESKTOP-EFV39HJ","ThreadId":15}
2026-03-14 19:54:37.318 -03:00 [INF] HTTP GET /api/journal-entries responded 200 in 13.2653 ms {"SourceContext":"Serilog.AspNetCore.RequestLoggingMiddleware","RequestId":"0HNK23EKCFV1D:0000004A","ConnectionId":"0HNK23EKCFV1D","MachineName":"DESKTOP-EFV39HJ","ThreadId":16}
2026-03-14 19:54:38.465 -03:00 [INF] HTTP GET /api/journal-entries responded 200 in 4.7092 ms {"SourceContext":"Serilog.AspNetCore.RequestLoggingMiddleware","RequestId":"0HNK23EKCFV1D:0000004C","ConnectionId":"0HNK23EKCFV1D","MachineName":"DESKTOP-EFV39HJ","ThreadId":15}
2026-03-14 19:54:39.239 -03:00 [INF] HTTP GET /api/companies/f899d9da-9916-4fb1-b0b7-ed706a08527d/rules responded 200 in 2.6017 ms {"SourceContext":"Serilog.AspNetCore.RequestLoggingMiddleware","RequestId":"0HNK23EKCFV1D:0000004E","ConnectionId":"0HNK23EKCFV1D","MachineName":"DESKTOP-EFV39HJ","ThreadId":16}
